;  LST file generated by mikroListExporter - v.2.0 
; Date/Time: 12/10/2024 2:29:08 PM
;----------------------------------------------

;Address Opcode 	ASM
0x0000	0x02002E  	LJMP 46
0x0003	0x020000  	LJMP 0
0x0006	0x00      	NOP
0x0007	0x00      	NOP
0x0008	0x00      	NOP
0x0009	0x00      	NOP
0x000A	0x00      	NOP
0x000B	0x020000  	LJMP 0
0x000E	0x00      	NOP
0x000F	0x00      	NOP
0x0010	0x00      	NOP
0x0011	0x00      	NOP
0x0012	0x00      	NOP
0x0013	0x020000  	LJMP 0
0x0016	0x00      	NOP
0x0017	0x00      	NOP
0x0018	0x00      	NOP
0x0019	0x00      	NOP
0x001A	0x00      	NOP
0x001B	0x020000  	LJMP 0
0x001E	0x00      	NOP
0x001F	0x00      	NOP
0x0020	0x00      	NOP
0x0021	0x00      	NOP
0x0022	0x00      	NOP
0x0023	0x020000  	LJMP 0
___CC2D:
;__Lib_System.c,13 :: 		
;__Lib_System.c,15 :: 		
_CC2D_Loop1:
;__Lib_System.c,16 :: 		
0x0026	0xE4      	CLR A
;__Lib_System.c,17 :: 		
0x0027	0x93      	MOVC A, @A+DPTR
;__Lib_System.c,18 :: 		
0x0028	0xF6      	MOV @R0, A
;__Lib_System.c,19 :: 		
0x0029	0x08      	INC R0
;__Lib_System.c,20 :: 		
0x002A	0xA3      	INC DPTR
;__Lib_System.c,21 :: 		
0x002B	0xD9F9    	DJNZ R1, _CC2D_Loop1
;__Lib_System.c,23 :: 		
0x002D	0x22      	RET
; end of ___CC2D
_main:
0x002E	0x758108  	MOV SP, #8
;MyProject.c,5 :: 		void main() {
;MyProject.c,6 :: 		do {
L_main0:
;MyProject.c,7 :: 		P0 = 0x00;
0x0031	0x758000  	MOV P0, #0
;MyProject.c,8 :: 		P1 = 0x00;
0x0034	0x759000  	MOV P1, #0
;MyProject.c,9 :: 		P2 = 0x00;
0x0037	0x75A000  	MOV P2, #0
;MyProject.c,10 :: 		P3 = 0x00;
0x003A	0x75B000  	MOV P3, #0
;MyProject.c,15 :: 		Delay_ms(100);   // 1 second delay
0x003D	0x7EA3    	MOV R6, 163
0x003F	0x7F1E    	MOV R7, 30
0x0041	0xDFFE    	DJNZ R7, PC-2
0x0043	0xDEFC    	DJNZ R6, PC-4
0x0045	0x00      	NOP
;MyProject.c,16 :: 		P0 = 0xFF;
0x0046	0x7580FF  	MOV P0, #255
;MyProject.c,17 :: 		P1 = 0xFF;
0x0049	0x7590FF  	MOV P1, #255
;MyProject.c,18 :: 		P2 = 0xFF;
0x004C	0x75A0FF  	MOV P2, #255
;MyProject.c,19 :: 		P3 = 0xFF;
0x004F	0x75B0FF  	MOV P3, #255
;MyProject.c,24 :: 		Delay_ms(100);   // 1 second delay
0x0052	0x7EA3    	MOV R6, 163
0x0054	0x7F1E    	MOV R7, 30
0x0056	0xDFFE    	DJNZ R7, PC-2
0x0058	0xDEFC    	DJNZ R6, PC-4
0x005A	0x00      	NOP
;MyProject.c,25 :: 		} while(1);
0x005B	0x80D4    	SJMP L_main0
;MyProject.c,27 :: 		}
0x005D	0x80FE    	SJMP #254
; end of _main
Symbol List:
//** Routines locations **
//ADDRESS    SIZE    PROCEDURE
//----------------------------------------------
0x0026       [8]    ___CC2D
0x002E      [49]    _main
//** Variables locations ** 
//ADDRESS    SIZE    VARIABLE
//----------------------------------------------
0x0000       [1]    R0
0x0001       [1]    R1
0x0002       [1]    R2
0x0003       [1]    R3
0x0004       [1]    R4
0x0005       [1]    R5
0x0006       [1]    R6
0x0007       [1]    R7
0x0080       [1]    P0
0x0081       [1]    SP
0x0082       [1]    DPL
0x0083       [1]    DPH
0x0090       [1]    P1
0x00A0       [1]    P2
0x00B0       [1]    P3
0x00D0       [1]    PSW
0x00E0       [1]    ACC
0x00F0       [1]    B
//** Label List: ** 
//----------------------------------------------
  L_main0
  L_main1
  L_main2
  _main
  _CC2D_Loop1
  _CC2PD_Loop1
  _CC2XD_Loop1
  ___DoIFC
  ___CC2D
  ___CC2PD
  ___CC2XD
