;  LST file generated by mikroListExporter - v.2.0 
; Date/Time: 12/10/2024 9:40:57 PM
;----------------------------------------------

;Address Opcode 	ASM
0x0000	0x02002E  	LJMP 46
0x0003	0x020000  	LJMP 0
0x0006	0x00      	NOP
0x0007	0x00      	NOP
0x0008	0x00      	NOP
0x0009	0x00      	NOP
0x000A	0x00      	NOP
0x000B	0x020000  	LJMP 0
0x000E	0x00      	NOP
0x000F	0x00      	NOP
0x0010	0x00      	NOP
0x0011	0x00      	NOP
0x0012	0x00      	NOP
0x0013	0x020000  	LJMP 0
0x0016	0x00      	NOP
0x0017	0x00      	NOP
0x0018	0x00      	NOP
0x0019	0x00      	NOP
0x001A	0x00      	NOP
0x001B	0x020000  	LJMP 0
0x001E	0x00      	NOP
0x001F	0x00      	NOP
0x0020	0x00      	NOP
0x0021	0x00      	NOP
0x0022	0x00      	NOP
0x0023	0x020000  	LJMP 0
___CC2D:
;__Lib_System.c,13 :: 		
;__Lib_System.c,15 :: 		
_CC2D_Loop1:
;__Lib_System.c,16 :: 		
0x0026	0xE4      	CLR A
;__Lib_System.c,17 :: 		
0x0027	0x93      	MOVC A, @A+DPTR
;__Lib_System.c,18 :: 		
0x0028	0xF6      	MOV @R0, A
;__Lib_System.c,19 :: 		
0x0029	0x08      	INC R0
;__Lib_System.c,20 :: 		
0x002A	0xA3      	INC DPTR
;__Lib_System.c,21 :: 		
0x002B	0xD9F9    	DJNZ R1, _CC2D_Loop1
;__Lib_System.c,23 :: 		
0x002D	0x22      	RET
; end of ___CC2D
_main:
0x002E	0x758109  	MOV SP, #9
;BT1a.c,1 :: 		void main() {
;BT1a.c,4 :: 		P0 = 0xFF;
0x0031	0x7580FF  	MOV P0, #255
;BT1a.c,5 :: 		P1 = 0xFF;
0x0034	0x7590FF  	MOV P1, #255
;BT1a.c,6 :: 		P2 = 0xFF;
0x0037	0x75A0FF  	MOV P2, #255
;BT1a.c,7 :: 		P3 = 0xFF;
0x003A	0x75B0FF  	MOV P3, #255
;BT1a.c,9 :: 		while (1) {
L_main0:
;BT1a.c,10 :: 		for (i = 0; i < 9; i++) {
0x003D	0x750800  	MOV main_i_L0, #0
L_main2:
0x0040	0xC3      	CLR C
0x0041	0xE508    	MOV A, main_i_L0
0x0043	0x9409    	SUBB A, #9
0x0045	0x5020    	JNC L_main3
;BT1a.c,11 :: 		P0 = ~(1 << i);
0x0047	0xA908    	MOV R1, main_i_L0
0x0049	0x7401    	MOV A, #1
0x004B	0x09      	INC R1
0x004C	0x8002    	SJMP L__main14
L__main15:
0x004E	0xC3      	CLR C
0x004F	0x33      	RLC A
L__main14:
0x0050	0xD9FC    	DJNZ R1, L__main15
0x0052	0xF8      	MOV R0, A
0x0053	0x64FF    	XRL A, #255
0x0055	0xF580    	MOV P0, A
;BT1a.c,12 :: 		Delay_ms(200);
0x0057	0x7D02    	MOV R5, 2
0x0059	0x7E45    	MOV R6, 69
0x005B	0x7F3D    	MOV R7, 61
0x005D	0xDFFE    	DJNZ R7, PC-2
0x005F	0xDEFC    	DJNZ R6, PC-4
0x0061	0xDDFA    	DJNZ R5, PC-6
;BT1a.c,10 :: 		for (i = 0; i < 9; i++) {
0x0063	0x0508    	INC main_i_L0
;BT1a.c,13 :: 		}
0x0065	0x80D9    	SJMP L_main2
L_main3:
;BT1a.c,15 :: 		for (i = 0; i < 9; i++) {
0x0067	0x750800  	MOV main_i_L0, #0
L_main5:
0x006A	0xC3      	CLR C
0x006B	0xE508    	MOV A, main_i_L0
0x006D	0x9409    	SUBB A, #9
0x006F	0x5020    	JNC L_main6
;BT1a.c,16 :: 		P1 = ~(1 << i);
0x0071	0xA908    	MOV R1, main_i_L0
0x0073	0x7401    	MOV A, #1
0x0075	0x09      	INC R1
0x0076	0x8002    	SJMP L__main16
L__main17:
0x0078	0xC3      	CLR C
0x0079	0x33      	RLC A
L__main16:
0x007A	0xD9FC    	DJNZ R1, L__main17
0x007C	0xF8      	MOV R0, A
0x007D	0x64FF    	XRL A, #255
0x007F	0xF590    	MOV P1, A
;BT1a.c,17 :: 		Delay_ms(200);
0x0081	0x7D02    	MOV R5, 2
0x0083	0x7E45    	MOV R6, 69
0x0085	0x7F3D    	MOV R7, 61
0x0087	0xDFFE    	DJNZ R7, PC-2
0x0089	0xDEFC    	DJNZ R6, PC-4
0x008B	0xDDFA    	DJNZ R5, PC-6
;BT1a.c,15 :: 		for (i = 0; i < 9; i++) {
0x008D	0x0508    	INC main_i_L0
;BT1a.c,18 :: 		}
0x008F	0x80D9    	SJMP L_main5
L_main6:
;BT1a.c,20 :: 		for (i = 0; i < 9; i++) {
0x0091	0x750800  	MOV main_i_L0, #0
L_main8:
0x0094	0xC3      	CLR C
0x0095	0xE508    	MOV A, main_i_L0
0x0097	0x9409    	SUBB A, #9
0x0099	0x5020    	JNC L_main9
;BT1a.c,21 :: 		P2 = ~(1 << i);
0x009B	0xA908    	MOV R1, main_i_L0
0x009D	0x7401    	MOV A, #1
0x009F	0x09      	INC R1
0x00A0	0x8002    	SJMP L__main18
L__main19:
0x00A2	0xC3      	CLR C
0x00A3	0x33      	RLC A
L__main18:
0x00A4	0xD9FC    	DJNZ R1, L__main19
0x00A6	0xF8      	MOV R0, A
0x00A7	0x64FF    	XRL A, #255
0x00A9	0xF5A0    	MOV P2, A
;BT1a.c,22 :: 		Delay_ms(200);
0x00AB	0x7D02    	MOV R5, 2
0x00AD	0x7E45    	MOV R6, 69
0x00AF	0x7F3D    	MOV R7, 61
0x00B1	0xDFFE    	DJNZ R7, PC-2
0x00B3	0xDEFC    	DJNZ R6, PC-4
0x00B5	0xDDFA    	DJNZ R5, PC-6
;BT1a.c,20 :: 		for (i = 0; i < 9; i++) {
0x00B7	0x0508    	INC main_i_L0
;BT1a.c,23 :: 		}
0x00B9	0x80D9    	SJMP L_main8
L_main9:
;BT1a.c,25 :: 		for (i = 0; i < 9; i++) {
0x00BB	0x750800  	MOV main_i_L0, #0
L_main11:
0x00BE	0xC3      	CLR C
0x00BF	0xE508    	MOV A, main_i_L0
0x00C1	0x9409    	SUBB A, #9
0x00C3	0x5020    	JNC L_main12
;BT1a.c,26 :: 		P3 = ~(1 << i);
0x00C5	0xA908    	MOV R1, main_i_L0
0x00C7	0x7401    	MOV A, #1
0x00C9	0x09      	INC R1
0x00CA	0x8002    	SJMP L__main20
L__main21:
0x00CC	0xC3      	CLR C
0x00CD	0x33      	RLC A
L__main20:
0x00CE	0xD9FC    	DJNZ R1, L__main21
0x00D0	0xF8      	MOV R0, A
0x00D1	0x64FF    	XRL A, #255
0x00D3	0xF5B0    	MOV P3, A
;BT1a.c,27 :: 		Delay_ms(200);
0x00D5	0x7D02    	MOV R5, 2
0x00D7	0x7E45    	MOV R6, 69
0x00D9	0x7F3D    	MOV R7, 61
0x00DB	0xDFFE    	DJNZ R7, PC-2
0x00DD	0xDEFC    	DJNZ R6, PC-4
0x00DF	0xDDFA    	DJNZ R5, PC-6
;BT1a.c,25 :: 		for (i = 0; i < 9; i++) {
0x00E1	0x0508    	INC main_i_L0
;BT1a.c,28 :: 		}
0x00E3	0x80D9    	SJMP L_main11
L_main12:
;BT1a.c,29 :: 		}
0x00E5	0x013D    	AJMP L_main0
;BT1a.c,30 :: 		}
0x00E7	0x80FE    	SJMP #254
; end of _main
Symbol List:
//** Routines locations **
//ADDRESS    SIZE    PROCEDURE
//----------------------------------------------
0x0026       [8]    ___CC2D
0x002E     [187]    _main
//** Variables locations ** 
//ADDRESS    SIZE    VARIABLE
//----------------------------------------------
0x0000       [1]    R0
0x0001       [1]    R1
0x0002       [1]    R2
0x0003       [1]    R3
0x0004       [1]    R4
0x0005       [1]    R5
0x0006       [1]    R6
0x0007       [1]    R7
0x0008       [1]    main_i_L0
0x0080       [1]    P0
0x0081       [1]    SP
0x0082       [1]    DPL
0x0083       [1]    DPH
0x0090       [1]    P1
0x00A0       [1]    P2
0x00B0       [1]    P3
0x00D0       [1]    PSW
0x00E0       [1]    ACC
0x00F0       [1]    B
//** Label List: ** 
//----------------------------------------------
  L_main0
  L_main1
  L_main2
  L_main3
  L_main4
  L_main5
  L_main6
  L_main7
  L_main8
  L_main9
  L_main10
  L_main11
  L_main12
  L_main13
  _main
  L__main14
  L__main15
  L__main16
  L__main17
  L__main18
  L__main19
  L__main20
  L__main21
  _CC2D_Loop1
  _CC2PD_Loop1
  _CC2XD_Loop1
  ___DoIFC
  ___CC2D
  ___CC2PD
  ___CC2XD
