;  LST file generated by mikroListExporter - v.2.0 
; Date/Time: 11/29/2024 8:40:29 PM
;----------------------------------------------

;Address Opcode 	ASM
0x0000	0x0203AC  	LJMP 940
0x0003	0x020000  	LJMP 0
0x0006	0x00      	NOP
0x0007	0x00      	NOP
0x0008	0x00      	NOP
0x0009	0x00      	NOP
0x000A	0x00      	NOP
0x000B	0x020000  	LJMP 0
0x000E	0x00      	NOP
0x000F	0x00      	NOP
0x0010	0x00      	NOP
0x0011	0x00      	NOP
0x0012	0x00      	NOP
0x0013	0x020000  	LJMP 0
0x0016	0x00      	NOP
0x0017	0x00      	NOP
0x0018	0x00      	NOP
0x0019	0x00      	NOP
0x001A	0x00      	NOP
0x001B	0x020000  	LJMP 0
0x001E	0x00      	NOP
0x001F	0x00      	NOP
0x0020	0x00      	NOP
0x0021	0x00      	NOP
0x0022	0x00      	NOP
0x0023	0x020000  	LJMP 0
_Delay_50us:
;__Lib_Delays.c,138 :: 		void Delay_50us() {
;__Lib_Delays.c,139 :: 		Delay_us(50);
0x0026	0x7F14    	MOV R7, 20
0x0028	0xDFFE    	DJNZ R7, PC-2
0x002A	0x00      	NOP
;__Lib_Delays.c,140 :: 		}
0x002B	0x22      	RET
; end of _Delay_50us
_Delay_5500us:
;__Lib_Delays.c,213 :: 		void Delay_5500us() {
;__Lib_Delays.c,214 :: 		Delay_us(5500);
0x002C	0x7E09    	MOV R6, 9
0x002E	0x7FE9    	MOV R7, 233
0x0030	0xDFFE    	DJNZ R7, PC-2
0x0032	0xDEFC    	DJNZ R6, PC-4
0x0034	0x00      	NOP
;__Lib_Delays.c,215 :: 		}
0x0035	0x22      	RET
; end of _Delay_5500us
_Delay_1us:
;__Lib_Delays.c,63 :: 		void Delay_1us() {
;__Lib_Delays.c,64 :: 		Delay_us(1);
0x0036	0x00      	NOP
;__Lib_Delays.c,65 :: 		}
0x0037	0x22      	RET
; end of _Delay_1us
_Lcd_Cmd:
;__Lib_Lcd.c,13 :: 		
;__Lib_Lcd.c,14 :: 		
0x0038	0xE51B    	MOV A, FARG_Lcd_Cmd_out_char
0x003A	0x5480    	ANL A, #128
0x003C	0xF8      	MOV R0, A
0x003D	0x630080  	XRL R0, #128
0x0040	0xE8      	MOV A, R0
0x0041	0x6004    	JZ L__Lcd_Cmd24
0x0043	0x7800    	MOV R0, #0
0x0045	0x8002    	SJMP L__Lcd_Cmd25
L__Lcd_Cmd24:
0x0047	0x7801    	MOV R0, #1
L__Lcd_Cmd25:
0x0049	0xE8      	MOV A, R0
0x004A	0x13      	RRC A
0x004B	0x92A5    	MOV LCD_D7, C
;__Lib_Lcd.c,15 :: 		
0x004D	0xE51B    	MOV A, FARG_Lcd_Cmd_out_char
0x004F	0x5440    	ANL A, #64
0x0051	0xF8      	MOV R0, A
0x0052	0x630040  	XRL R0, #64
0x0055	0xE8      	MOV A, R0
0x0056	0x6004    	JZ L__Lcd_Cmd26
0x0058	0x7800    	MOV R0, #0
0x005A	0x8002    	SJMP L__Lcd_Cmd27
L__Lcd_Cmd26:
0x005C	0x7801    	MOV R0, #1
L__Lcd_Cmd27:
0x005E	0xE8      	MOV A, R0
0x005F	0x13      	RRC A
0x0060	0x92A4    	MOV LCD_D6, C
;__Lib_Lcd.c,16 :: 		
0x0062	0xE51B    	MOV A, FARG_Lcd_Cmd_out_char
0x0064	0x5420    	ANL A, #32
0x0066	0xF8      	MOV R0, A
0x0067	0x630020  	XRL R0, #32
0x006A	0xE8      	MOV A, R0
0x006B	0x6004    	JZ L__Lcd_Cmd28
0x006D	0x7800    	MOV R0, #0
0x006F	0x8002    	SJMP L__Lcd_Cmd29
L__Lcd_Cmd28:
0x0071	0x7801    	MOV R0, #1
L__Lcd_Cmd29:
0x0073	0xE8      	MOV A, R0
0x0074	0x13      	RRC A
0x0075	0x92A3    	MOV LCD_D5, C
;__Lib_Lcd.c,17 :: 		
0x0077	0xE51B    	MOV A, FARG_Lcd_Cmd_out_char
0x0079	0x5410    	ANL A, #16
0x007B	0xF8      	MOV R0, A
0x007C	0x630010  	XRL R0, #16
0x007F	0xE8      	MOV A, R0
0x0080	0x6004    	JZ L__Lcd_Cmd30
0x0082	0x7800    	MOV R0, #0
0x0084	0x8002    	SJMP L__Lcd_Cmd31
L__Lcd_Cmd30:
0x0086	0x7801    	MOV R0, #1
L__Lcd_Cmd31:
0x0088	0xE8      	MOV A, R0
0x0089	0x13      	RRC A
0x008A	0x92A2    	MOV LCD_D4, C
;__Lib_Lcd.c,19 :: 		
0x008C	0xE510    	MOV A, _cmd_status
0x008E	0x6004    	JZ L_Lcd_Cmd0
0x0090	0x7800    	MOV R0, #0
0x0092	0x8002    	SJMP L_Lcd_Cmd1
L_Lcd_Cmd0:
0x0094	0x7801    	MOV R0, #1
L_Lcd_Cmd1:
0x0096	0xE8      	MOV A, R0
0x0097	0x13      	RRC A
0x0098	0x92A0    	MOV LCD_RS, C
;__Lib_Lcd.c,21 :: 		
0x009A	0xD2A1    	SETB LCD_EN
;__Lib_Lcd.c,22 :: 		
0x009C	0x1136    	ACALL _Delay_1us
;__Lib_Lcd.c,23 :: 		
0x009E	0xC2A1    	CLR LCD_EN
;__Lib_Lcd.c,25 :: 		
0x00A0	0xE51B    	MOV A, FARG_Lcd_Cmd_out_char
0x00A2	0x5408    	ANL A, #8
0x00A4	0xF8      	MOV R0, A
0x00A5	0x630008  	XRL R0, #8
0x00A8	0xE8      	MOV A, R0
0x00A9	0x6004    	JZ L__Lcd_Cmd32
0x00AB	0x7800    	MOV R0, #0
0x00AD	0x8002    	SJMP L__Lcd_Cmd33
L__Lcd_Cmd32:
0x00AF	0x7801    	MOV R0, #1
L__Lcd_Cmd33:
0x00B1	0xE8      	MOV A, R0
0x00B2	0x13      	RRC A
0x00B3	0x92A5    	MOV LCD_D7, C
;__Lib_Lcd.c,26 :: 		
0x00B5	0xE51B    	MOV A, FARG_Lcd_Cmd_out_char
0x00B7	0x5404    	ANL A, #4
0x00B9	0xF8      	MOV R0, A
0x00BA	0x630004  	XRL R0, #4
0x00BD	0xE8      	MOV A, R0
0x00BE	0x6004    	JZ L__Lcd_Cmd34
0x00C0	0x7800    	MOV R0, #0
0x00C2	0x8002    	SJMP L__Lcd_Cmd35
L__Lcd_Cmd34:
0x00C4	0x7801    	MOV R0, #1
L__Lcd_Cmd35:
0x00C6	0xE8      	MOV A, R0
0x00C7	0x13      	RRC A
0x00C8	0x92A4    	MOV LCD_D6, C
;__Lib_Lcd.c,27 :: 		
0x00CA	0xE51B    	MOV A, FARG_Lcd_Cmd_out_char
0x00CC	0x5402    	ANL A, #2
0x00CE	0xF8      	MOV R0, A
0x00CF	0x630002  	XRL R0, #2
0x00D2	0xE8      	MOV A, R0
0x00D3	0x6004    	JZ L__Lcd_Cmd36
0x00D5	0x7800    	MOV R0, #0
0x00D7	0x8002    	SJMP L__Lcd_Cmd37
L__Lcd_Cmd36:
0x00D9	0x7801    	MOV R0, #1
L__Lcd_Cmd37:
0x00DB	0xE8      	MOV A, R0
0x00DC	0x13      	RRC A
0x00DD	0x92A3    	MOV LCD_D5, C
;__Lib_Lcd.c,28 :: 		
0x00DF	0xE51B    	MOV A, FARG_Lcd_Cmd_out_char
0x00E1	0x5401    	ANL A, #1
0x00E3	0xF8      	MOV R0, A
0x00E4	0x630001  	XRL R0, #1
0x00E7	0xE8      	MOV A, R0
0x00E8	0x6004    	JZ L__Lcd_Cmd38
0x00EA	0x7800    	MOV R0, #0
0x00EC	0x8002    	SJMP L__Lcd_Cmd39
L__Lcd_Cmd38:
0x00EE	0x7801    	MOV R0, #1
L__Lcd_Cmd39:
0x00F0	0xE8      	MOV A, R0
0x00F1	0x13      	RRC A
0x00F2	0x92A2    	MOV LCD_D4, C
;__Lib_Lcd.c,30 :: 		
0x00F4	0xE510    	MOV A, _cmd_status
0x00F6	0x6004    	JZ L_Lcd_Cmd2
0x00F8	0x7800    	MOV R0, #0
0x00FA	0x8002    	SJMP L_Lcd_Cmd3
L_Lcd_Cmd2:
0x00FC	0x7801    	MOV R0, #1
L_Lcd_Cmd3:
0x00FE	0xE8      	MOV A, R0
0x00FF	0x13      	RRC A
0x0100	0x92A0    	MOV LCD_RS, C
;__Lib_Lcd.c,32 :: 		
0x0102	0xD2A1    	SETB LCD_EN
;__Lib_Lcd.c,33 :: 		
0x0104	0x1136    	ACALL _Delay_1us
;__Lib_Lcd.c,34 :: 		
0x0106	0xC2A1    	CLR LCD_EN
;__Lib_Lcd.c,36 :: 		
0x0108	0xE510    	MOV A, _cmd_status
0x010A	0x6004    	JZ L_Lcd_Cmd4
;__Lib_Lcd.c,37 :: 		
0x010C	0x112C    	ACALL _Delay_5500us
0x010E	0x8002    	SJMP L_Lcd_Cmd5
L_Lcd_Cmd4:
;__Lib_Lcd.c,39 :: 		
0x0110	0x1126    	ACALL _Delay_50us
L_Lcd_Cmd5:
;__Lib_Lcd.c,40 :: 		
0x0112	0x22      	RET
; end of _Lcd_Cmd
_Div_16x16_U:
;__Lib_Math.c,273 :: 		
;__Lib_Math.c,275 :: 		
0x0113	0xBD000B  	CJNE R5, 0, __op2hi_not_zero
;__Lib_Math.c,276 :: 		
0x0116	0xB90029  	CJNE R1, 0, __op1hi_not_zero
;__Lib_Math.c,277 :: 		
0x0119	0xE8      	MOV A, R0
;__Lib_Math.c,278 :: 		
0x011A	0x8CF0    	MOV B, R4
;__Lib_Math.c,279 :: 		
0x011C	0x84      	DIV AB
;__Lib_Math.c,280 :: 		
0x011D	0xF8      	MOV R0, A
;__Lib_Math.c,281 :: 		
0x011E	0xACF0    	MOV R4, B
;__Lib_Math.c,282 :: 		
0x0120	0x22      	RET
;__Lib_Math.c,284 :: 		
__op2hi_not_zero:
;__Lib_Math.c,285 :: 		
0x0121	0xE4      	CLR A
;__Lib_Math.c,286 :: 		
0x0122	0xCD      	XCH A, R5
;__Lib_Math.c,287 :: 		
0x0123	0xFF      	MOV R7, A
;__Lib_Math.c,288 :: 		
0x0124	0x75F008  	MOV B, 8
;__Lib_Math.c,290 :: 		
__Div_16x16_U_Loop1:
;__Lib_Math.c,291 :: 		
0x0127	0xE8      	MOV A, R0
;__Lib_Math.c,292 :: 		
0x0128	0x28      	ADD A, R0
;__Lib_Math.c,293 :: 		
0x0129	0xF8      	MOV R0, A
;__Lib_Math.c,294 :: 		
0x012A	0xE9      	MOV A, R1
;__Lib_Math.c,295 :: 		
0x012B	0x33      	RLC A
;__Lib_Math.c,296 :: 		
0x012C	0xF9      	MOV R1, A
;__Lib_Math.c,297 :: 		
0x012D	0xED      	MOV A, R5
;__Lib_Math.c,298 :: 		
0x012E	0x33      	RLC A
;__Lib_Math.c,299 :: 		
0x012F	0xFD      	MOV R5, A
;__Lib_Math.c,300 :: 		
0x0130	0xE9      	MOV A, R1
;__Lib_Math.c,301 :: 		
0x0131	0x9C      	SUBB A, R4
;__Lib_Math.c,302 :: 		
0x0132	0xED      	MOV A, R5
;__Lib_Math.c,303 :: 		
0x0133	0x9F      	SUBB A, R7
;__Lib_Math.c,304 :: 		
0x0134	0x4005    	JC __Div_16x16_U_Lab1
;__Lib_Math.c,305 :: 		
0x0136	0xFD      	MOV R5, A
;__Lib_Math.c,306 :: 		
0x0137	0xE9      	MOV A, R1
;__Lib_Math.c,307 :: 		
0x0138	0x9C      	SUBB A, R4
;__Lib_Math.c,308 :: 		
0x0139	0xF9      	MOV R1, A
;__Lib_Math.c,309 :: 		
0x013A	0x08      	INC R0
;__Lib_Math.c,311 :: 		
__Div_16x16_U_Lab1:
;__Lib_Math.c,312 :: 		
0x013B	0xD5F0E9  	DJNZ B, __Div_16x16_U_Loop1
;__Lib_Math.c,313 :: 		
0x013E	0xE4      	CLR A
;__Lib_Math.c,314 :: 		
0x013F	0xC9      	XCH A, R1
;__Lib_Math.c,315 :: 		
0x0140	0xFC      	MOV R4, A
;__Lib_Math.c,316 :: 		
0x0141	0x22      	RET
;__Lib_Math.c,318 :: 		
__op1hi_not_zero:
;__Lib_Math.c,319 :: 		
0x0142	0xEC      	MOV A, R4
;__Lib_Math.c,320 :: 		
0x0143	0xFF      	MOV R7, A
;__Lib_Math.c,321 :: 		
0x0144	0xF5F0    	MOV B, A
;__Lib_Math.c,322 :: 		
0x0146	0xE9      	MOV A, R1
;__Lib_Math.c,323 :: 		
0x0147	0x84      	DIV AB
;__Lib_Math.c,324 :: 		
0x0148	0x20D21C  	JB OV_bit, __Div_16x16_U_div_ret
;__Lib_Math.c,325 :: 		
0x014B	0xF9      	MOV R1, A
;__Lib_Math.c,326 :: 		
0x014C	0xACF0    	MOV R4, B
;__Lib_Math.c,327 :: 		
0x014E	0x75F008  	MOV B, 8
;__Lib_Math.c,329 :: 		
__Div_16x16_U_Loop2:
;__Lib_Math.c,330 :: 		
0x0151	0xE8      	MOV A, R0
;__Lib_Math.c,331 :: 		
0x0152	0x28      	ADD A, R0
;__Lib_Math.c,332 :: 		
0x0153	0xF8      	MOV R0, A
;__Lib_Math.c,333 :: 		
0x0154	0xEC      	MOV A, R4
;__Lib_Math.c,334 :: 		
0x0155	0x33      	RLC A
;__Lib_Math.c,335 :: 		
0x0156	0xFC      	MOV R4, A
;__Lib_Math.c,336 :: 		
0x0157	0x4007    	JC __Div_16x16_U_Lab2
;__Lib_Math.c,337 :: 		
0x0159	0x9F      	SUBB A, R7
;__Lib_Math.c,338 :: 		
0x015A	0x5006    	JNC __Div_16x16_U_Lab3
;__Lib_Math.c,339 :: 		
0x015C	0xD5F0F2  	DJNZ B, __Div_16x16_U_Loop2
;__Lib_Math.c,340 :: 		
0x015F	0x22      	RET
;__Lib_Math.c,342 :: 		
__Div_16x16_U_Lab2:
;__Lib_Math.c,343 :: 		
0x0160	0xC3      	CLR C
;__Lib_Math.c,344 :: 		
0x0161	0x9F      	SUBB A, R7
;__Lib_Math.c,345 :: 		
__Div_16x16_U_Lab3:
;__Lib_Math.c,346 :: 		
0x0162	0xFC      	MOV R4, A
;__Lib_Math.c,347 :: 		
0x0163	0x08      	INC R0
;__Lib_Math.c,348 :: 		
0x0164	0xD5F0EA  	DJNZ B, __Div_16x16_U_Loop2
;__Lib_Math.c,350 :: 		
__Div_16x16_U_div_ret:
;__Lib_Math.c,352 :: 		
0x0167	0x22      	RET
; end of _Div_16x16_U
_Delay_10us:
;__Lib_Delays.c,88 :: 		void Delay_10us() {
;__Lib_Delays.c,89 :: 		Delay_us(10);
0x0168	0x7F03    	MOV R7, 3
0x016A	0xDFFE    	DJNZ R7, PC-2
0x016C	0x00      	NOP
;__Lib_Delays.c,90 :: 		}
0x016D	0x22      	RET
; end of _Delay_10us
_Lcd_Chr_CP:
;__Lib_Lcd.c,42 :: 		
;__Lib_Lcd.c,44 :: 		
0x016E	0x751000  	MOV _cmd_status, #0
;__Lib_Lcd.c,45 :: 		
0x0171	0x85161B  	MOV FARG_Lcd_Cmd_out_char, FARG_Lcd_Chr_CP_out_char+0
0x0174	0x1138    	ACALL _Lcd_Cmd
;__Lib_Lcd.c,46 :: 		
0x0176	0x751001  	MOV _cmd_status, #1
;__Lib_Lcd.c,47 :: 		
0x0179	0x22      	RET
; end of _Lcd_Chr_CP
_Keypad_Key_Press:
;__Lib_Keypad4x4.c,46 :: 		
;__Lib_Keypad4x4.c,51 :: 		
0x017A	0x751600  	MOV Keypad_Key_Press_rslt_L0, #0
;__Lib_Keypad4x4.c,52 :: 		
0x017D	0x751800  	MOV Keypad_Key_Press_loc_L0, #0
;__Lib_Keypad4x4.c,53 :: 		
0x0180	0x751900  	MOV Keypad_Key_Press_rowcnt_L0, #0
;__Lib_Keypad4x4.c,54 :: 		
0x0183	0x751A10  	MOV Keypad_Key_Press_shifter_L0, #16
;__Lib_Keypad4x4.c,55 :: 		
L_Keypad_Key_Press0:
0x0186	0xC3      	CLR C
0x0187	0xE519    	MOV A, Keypad_Key_Press_rowcnt_L0
0x0189	0x9404    	SUBB A, #4
0x018B	0x5050    	JNC L_Keypad_Key_Press1
;__Lib_Keypad4x4.c,56 :: 		
0x018D	0x7580F0  	MOV keypadPort, #240
;__Lib_Keypad4x4.c,57 :: 		
0x0190	0xE51A    	MOV A, Keypad_Key_Press_shifter_L0
0x0192	0x64FF    	XRL A, #255
0x0194	0xF580    	MOV keypadPort, A
;__Lib_Keypad4x4.c,58 :: 		
0x0196	0x1136    	ACALL _Delay_1us
;__Lib_Keypad4x4.c,59 :: 		
0x0198	0x1136    	ACALL _Delay_1us
;__Lib_Keypad4x4.c,60 :: 		
0x019A	0xE580    	MOV A, keypadPort
0x019C	0x44F0    	ORL A, #240
0x019E	0xF8      	MOV R0, A
0x019F	0x850017  	MOV Keypad_Key_Press_kdata_L0, 0
;__Lib_Keypad4x4.c,61 :: 		
0x01A2	0x6300FF  	XRL R0, #255
0x01A5	0x850017  	MOV Keypad_Key_Press_kdata_L0, 0
;__Lib_Keypad4x4.c,62 :: 		
0x01A8	0xE8      	MOV A, R0
0x01A9	0x601B    	JZ L_Keypad_Key_Press2
;__Lib_Keypad4x4.c,64 :: 		
0x01AB	0x851816  	MOV Keypad_Key_Press_rslt_L0, Keypad_Key_Press_loc_L0+0
;__Lib_Keypad4x4.c,65 :: 		
L_Keypad_Key_Press3:
0x01AE	0xE517    	MOV A, Keypad_Key_Press_kdata_L0
0x01B0	0x6011    	JZ L_Keypad_Key_Press4
;__Lib_Keypad4x4.c,66 :: 		
0x01B2	0x7801    	MOV R0, #1
0x01B4	0xE517    	MOV A, Keypad_Key_Press_kdata_L0
0x01B6	0x08      	INC R0
0x01B7	0x8002    	SJMP L__Keypad_Key_Press7
L__Keypad_Key_Press8:
0x01B9	0xC3      	CLR C
0x01BA	0x13      	RRC A
L__Keypad_Key_Press7:
0x01BB	0xD8FC    	DJNZ R0, L__Keypad_Key_Press8
0x01BD	0xF517    	MOV Keypad_Key_Press_kdata_L0, A
;__Lib_Keypad4x4.c,67 :: 		
0x01BF	0x0516    	INC Keypad_Key_Press_rslt_L0
;__Lib_Keypad4x4.c,68 :: 		
0x01C1	0x80EB    	SJMP L_Keypad_Key_Press3
L_Keypad_Key_Press4:
;__Lib_Keypad4x4.c,70 :: 		
0x01C3	0x751904  	MOV Keypad_Key_Press_rowcnt_L0, #4
;__Lib_Keypad4x4.c,71 :: 		
L_Keypad_Key_Press2:
;__Lib_Keypad4x4.c,72 :: 		
0x01C6	0x7801    	MOV R0, #1
0x01C8	0xE51A    	MOV A, Keypad_Key_Press_shifter_L0
0x01CA	0x08      	INC R0
0x01CB	0x8002    	SJMP L__Keypad_Key_Press9
L__Keypad_Key_Press10:
0x01CD	0xC3      	CLR C
0x01CE	0x33      	RLC A
L__Keypad_Key_Press9:
0x01CF	0xD8FC    	DJNZ R0, L__Keypad_Key_Press10
0x01D1	0xF51A    	MOV Keypad_Key_Press_shifter_L0, A
;__Lib_Keypad4x4.c,73 :: 		
0x01D3	0xE518    	MOV A, Keypad_Key_Press_loc_L0
0x01D5	0x2404    	ADD A, #4
0x01D7	0xF518    	MOV Keypad_Key_Press_loc_L0, A
;__Lib_Keypad4x4.c,74 :: 		
0x01D9	0x0519    	INC Keypad_Key_Press_rowcnt_L0
;__Lib_Keypad4x4.c,75 :: 		
0x01DB	0x80A9    	SJMP L_Keypad_Key_Press0
L_Keypad_Key_Press1:
;__Lib_Keypad4x4.c,77 :: 		
0x01DD	0xA816    	MOV R0, Keypad_Key_Press_rslt_L0
;__Lib_Keypad4x4.c,78 :: 		
0x01DF	0x22      	RET
; end of _Keypad_Key_Press
_Lcd_Init:
;__Lib_Lcd.c,76 :: 		
;__Lib_Lcd.c,78 :: 		
0x01E0	0xC2A1    	CLR LCD_EN
;__Lib_Lcd.c,80 :: 		
0x01E2	0xC2A0    	CLR LCD_RS
;__Lib_Lcd.c,83 :: 		
0x01E4	0x112C    	ACALL _Delay_5500us
;__Lib_Lcd.c,84 :: 		
0x01E6	0x112C    	ACALL _Delay_5500us
;__Lib_Lcd.c,85 :: 		
0x01E8	0x112C    	ACALL _Delay_5500us
;__Lib_Lcd.c,87 :: 		
0x01EA	0xC2A5    	CLR LCD_D7
;__Lib_Lcd.c,88 :: 		
0x01EC	0xC2A4    	CLR LCD_D6
;__Lib_Lcd.c,89 :: 		
0x01EE	0xC2A3    	CLR LCD_D5
;__Lib_Lcd.c,90 :: 		
0x01F0	0xC2A2    	CLR LCD_D4
;__Lib_Lcd.c,93 :: 		
0x01F2	0xD2A3    	SETB LCD_D5
;__Lib_Lcd.c,94 :: 		
0x01F4	0xD2A2    	SETB LCD_D4
;__Lib_Lcd.c,95 :: 		
0x01F6	0xD2A1    	SETB LCD_EN
;__Lib_Lcd.c,96 :: 		
0x01F8	0x1136    	ACALL _Delay_1us
;__Lib_Lcd.c,97 :: 		
0x01FA	0xC2A1    	CLR LCD_EN
;__Lib_Lcd.c,98 :: 		
0x01FC	0x112C    	ACALL _Delay_5500us
;__Lib_Lcd.c,100 :: 		
0x01FE	0xD2A1    	SETB LCD_EN
;__Lib_Lcd.c,101 :: 		
0x0200	0x1136    	ACALL _Delay_1us
;__Lib_Lcd.c,102 :: 		
0x0202	0xC2A1    	CLR LCD_EN
;__Lib_Lcd.c,103 :: 		
0x0204	0x112C    	ACALL _Delay_5500us
;__Lib_Lcd.c,105 :: 		
0x0206	0xD2A1    	SETB LCD_EN
;__Lib_Lcd.c,106 :: 		
0x0208	0x1136    	ACALL _Delay_1us
;__Lib_Lcd.c,107 :: 		
0x020A	0xC2A1    	CLR LCD_EN
;__Lib_Lcd.c,108 :: 		
0x020C	0x112C    	ACALL _Delay_5500us
;__Lib_Lcd.c,111 :: 		
0x020E	0xD2A3    	SETB LCD_D5
;__Lib_Lcd.c,112 :: 		
0x0210	0xC2A2    	CLR LCD_D4
;__Lib_Lcd.c,113 :: 		
0x0212	0xD2A1    	SETB LCD_EN
;__Lib_Lcd.c,114 :: 		
0x0214	0x1136    	ACALL _Delay_1us
;__Lib_Lcd.c,115 :: 		
0x0216	0xC2A1    	CLR LCD_EN
;__Lib_Lcd.c,116 :: 		
0x0218	0x112C    	ACALL _Delay_5500us
;__Lib_Lcd.c,119 :: 		
0x021A	0xC2A5    	CLR LCD_D7
;__Lib_Lcd.c,120 :: 		
0x021C	0xC2A4    	CLR LCD_D6
;__Lib_Lcd.c,121 :: 		
0x021E	0xC2A3    	CLR LCD_D5
;__Lib_Lcd.c,122 :: 		
0x0220	0xD2A3    	SETB LCD_D5
;__Lib_Lcd.c,123 :: 		
0x0222	0xC2A2    	CLR LCD_D4
;__Lib_Lcd.c,124 :: 		
0x0224	0xD2A1    	SETB LCD_EN
;__Lib_Lcd.c,125 :: 		
0x0226	0x1136    	ACALL _Delay_1us
;__Lib_Lcd.c,126 :: 		
0x0228	0xC2A1    	CLR LCD_EN
;__Lib_Lcd.c,127 :: 		
0x022A	0xC2A3    	CLR LCD_D5
;__Lib_Lcd.c,128 :: 		
0x022C	0xD2A5    	SETB LCD_D7
;__Lib_Lcd.c,129 :: 		
0x022E	0xD2A1    	SETB LCD_EN
;__Lib_Lcd.c,130 :: 		
0x0230	0x1136    	ACALL _Delay_1us
;__Lib_Lcd.c,131 :: 		
0x0232	0xC2A1    	CLR LCD_EN
;__Lib_Lcd.c,132 :: 		
0x0234	0x112C    	ACALL _Delay_5500us
;__Lib_Lcd.c,135 :: 		
0x0236	0xC2A5    	CLR LCD_D7
;__Lib_Lcd.c,136 :: 		
0x0238	0xD2A2    	SETB LCD_D4
;__Lib_Lcd.c,137 :: 		
0x023A	0xD2A1    	SETB LCD_EN
;__Lib_Lcd.c,138 :: 		
0x023C	0x1136    	ACALL _Delay_1us
;__Lib_Lcd.c,139 :: 		
0x023E	0xC2A1    	CLR LCD_EN
;__Lib_Lcd.c,140 :: 		
0x0240	0xC2A2    	CLR LCD_D4
;__Lib_Lcd.c,141 :: 		
0x0242	0xD2A1    	SETB LCD_EN
;__Lib_Lcd.c,142 :: 		
0x0244	0x1136    	ACALL _Delay_1us
;__Lib_Lcd.c,143 :: 		
0x0246	0xC2A1    	CLR LCD_EN
;__Lib_Lcd.c,144 :: 		
0x0248	0x112C    	ACALL _Delay_5500us
;__Lib_Lcd.c,147 :: 		
0x024A	0xC2A2    	CLR LCD_D4
;__Lib_Lcd.c,148 :: 		
0x024C	0xD2A1    	SETB LCD_EN
;__Lib_Lcd.c,149 :: 		
0x024E	0x1136    	ACALL _Delay_1us
;__Lib_Lcd.c,150 :: 		
0x0250	0xC2A1    	CLR LCD_EN
;__Lib_Lcd.c,151 :: 		
0x0252	0xD2A2    	SETB LCD_D4
;__Lib_Lcd.c,152 :: 		
0x0254	0xD2A1    	SETB LCD_EN
;__Lib_Lcd.c,153 :: 		
0x0256	0x1136    	ACALL _Delay_1us
;__Lib_Lcd.c,154 :: 		
0x0258	0xC2A1    	CLR LCD_EN
;__Lib_Lcd.c,155 :: 		
0x025A	0x112C    	ACALL _Delay_5500us
;__Lib_Lcd.c,158 :: 		
0x025C	0xC2A2    	CLR LCD_D4
;__Lib_Lcd.c,159 :: 		
0x025E	0xD2A1    	SETB LCD_EN
;__Lib_Lcd.c,160 :: 		
0x0260	0x1136    	ACALL _Delay_1us
;__Lib_Lcd.c,161 :: 		
0x0262	0xC2A1    	CLR LCD_EN
;__Lib_Lcd.c,163 :: 		
0x0264	0xD2A5    	SETB LCD_D7
;__Lib_Lcd.c,164 :: 		
0x0266	0xD2A4    	SETB LCD_D6
;__Lib_Lcd.c,165 :: 		
0x0268	0xD2A3    	SETB LCD_D5
;__Lib_Lcd.c,166 :: 		
0x026A	0xD2A2    	SETB LCD_D4
;__Lib_Lcd.c,167 :: 		
0x026C	0xD2A1    	SETB LCD_EN
;__Lib_Lcd.c,168 :: 		
0x026E	0x1136    	ACALL _Delay_1us
;__Lib_Lcd.c,169 :: 		
0x0270	0xC2A1    	CLR LCD_EN
;__Lib_Lcd.c,171 :: 		
0x0272	0x112C    	ACALL _Delay_5500us
;__Lib_Lcd.c,173 :: 		
0x0274	0x751001  	MOV _cmd_status, #1
;__Lib_Lcd.c,174 :: 		
0x0277	0x22      	RET
; end of _Lcd_Init
___CC2D:
;__Lib_System.c,13 :: 		
;__Lib_System.c,15 :: 		
_CC2D_Loop1:
;__Lib_System.c,16 :: 		
0x0278	0xE4      	CLR A
;__Lib_System.c,17 :: 		
0x0279	0x93      	MOVC A, @A+DPTR
;__Lib_System.c,18 :: 		
0x027A	0xF6      	MOV @R0, A
;__Lib_System.c,19 :: 		
0x027B	0x08      	INC R0
;__Lib_System.c,20 :: 		
0x027C	0xA3      	INC DPTR
;__Lib_System.c,21 :: 		
0x027D	0xD9F9    	DJNZ R1, _CC2D_Loop1
;__Lib_System.c,23 :: 		
0x027F	0x22      	RET
; end of ___CC2D
_Keypad_Init:
;__Lib_Keypad4x4.c,40 :: 		
;__Lib_Keypad4x4.c,41 :: 		
0x0280	0x7580FF  	MOV keypadPort, #255
;__Lib_Keypad4x4.c,42 :: 		
0x0283	0x22      	RET
; end of _Keypad_Init
_LCD_Out:
;__Lib_Lcd.c,176 :: 		
;__Lib_Lcd.c,179 :: 		
0x0284	0x8019    	SJMP L_LCD_Out15
;__Lib_Lcd.c,180 :: 		
L_LCD_Out17:
0x0286	0x751180  	MOV FARG_LCD_Out_row, #128
0x0289	0x802E    	SJMP L_LCD_Out16
;__Lib_Lcd.c,181 :: 		
L_LCD_Out18:
0x028B	0x7511C0  	MOV FARG_LCD_Out_row, #192
0x028E	0x8029    	SJMP L_LCD_Out16
;__Lib_Lcd.c,182 :: 		
L_LCD_Out19:
0x0290	0x751194  	MOV FARG_LCD_Out_row, #148
0x0293	0x8024    	SJMP L_LCD_Out16
;__Lib_Lcd.c,183 :: 		
L_LCD_Out20:
0x0295	0x7511D4  	MOV FARG_LCD_Out_row, #212
0x0298	0x801F    	SJMP L_LCD_Out16
;__Lib_Lcd.c,184 :: 		
L_LCD_Out21:
0x029A	0x751180  	MOV FARG_LCD_Out_row, #128
;__Lib_Lcd.c,185 :: 		
0x029D	0x801A    	SJMP L_LCD_Out16
L_LCD_Out15:
0x029F	0xE511    	MOV A, FARG_LCD_Out_row
0x02A1	0x6401    	XRL A, #1
0x02A3	0x60E1    	JZ L_LCD_Out17
0x02A5	0xE511    	MOV A, FARG_LCD_Out_row
0x02A7	0x6402    	XRL A, #2
0x02A9	0x60E0    	JZ L_LCD_Out18
0x02AB	0xE511    	MOV A, FARG_LCD_Out_row
0x02AD	0x6403    	XRL A, #3
0x02AF	0x60DF    	JZ L_LCD_Out19
0x02B1	0xE511    	MOV A, FARG_LCD_Out_row
0x02B3	0x6404    	XRL A, #4
0x02B5	0x60DE    	JZ L_LCD_Out20
0x02B7	0x80E1    	SJMP L_LCD_Out21
L_LCD_Out16:
;__Lib_Lcd.c,186 :: 		
0x02B9	0xC3      	CLR C
0x02BA	0xE512    	MOV A, FARG_LCD_Out_column
0x02BC	0x9401    	SUBB A, #1
0x02BE	0xF8      	MOV R0, A
0x02BF	0xE511    	MOV A, FARG_LCD_Out_row
0x02C1	0x28      	ADD A, R0
0x02C2	0xF8      	MOV R0, A
0x02C3	0x850011  	MOV FARG_LCD_Out_row, 0
;__Lib_Lcd.c,188 :: 		
0x02C6	0x85001B  	MOV FARG_Lcd_Cmd_out_char, 0
0x02C9	0x1138    	ACALL _Lcd_Cmd
;__Lib_Lcd.c,189 :: 		
0x02CB	0x751000  	MOV _cmd_status, #0
;__Lib_Lcd.c,190 :: 		
0x02CE	0x751400  	MOV LCD_Out_i_L0, #0
;__Lib_Lcd.c,191 :: 		
L_LCD_Out22:
0x02D1	0xE513    	MOV A, FARG_LCD_Out_text
0x02D3	0x2514    	ADD A, LCD_Out_i_L0
0x02D5	0xF8      	MOV R0, A
0x02D6	0xE6      	MOV A, @R0
0x02D7	0x600D    	JZ L_LCD_Out23
;__Lib_Lcd.c,192 :: 		
0x02D9	0xE513    	MOV A, FARG_LCD_Out_text
0x02DB	0x2514    	ADD A, LCD_Out_i_L0
0x02DD	0xF8      	MOV R0, A
0x02DE	0x8616    	MOV FARG_Lcd_Chr_CP_out_char, @R0
0x02E0	0x316E    	ACALL _Lcd_Chr_CP
0x02E2	0x0514    	INC LCD_Out_i_L0
0x02E4	0x80EB    	SJMP L_LCD_Out22
L_LCD_Out23:
;__Lib_Lcd.c,193 :: 		
0x02E6	0x751001  	MOV _cmd_status, #1
;__Lib_Lcd.c,194 :: 		
0x02E9	0x22      	RET
; end of _LCD_Out
_WordToStr:
;__Lib_Conversions.c,84 :: 		
;__Lib_Conversions.c,89 :: 		
0x02EA	0x751400  	MOV WordToStr_len_L0, #0
L_WordToStr6:
0x02ED	0xC3      	CLR C
0x02EE	0xE514    	MOV A, WordToStr_len_L0
0x02F0	0x9405    	SUBB A, #5
0x02F2	0x500B    	JNC L_WordToStr7
;__Lib_Conversions.c,90 :: 		
0x02F4	0xE513    	MOV A, FARG_WordToStr_output
0x02F6	0x2514    	ADD A, WordToStr_len_L0
0x02F8	0xF8      	MOV R0, A
0x02F9	0x7620    	MOV @R0, #32
;__Lib_Conversions.c,89 :: 		
0x02FB	0x0514    	INC WordToStr_len_L0
;__Lib_Conversions.c,90 :: 		
0x02FD	0x80EE    	SJMP L_WordToStr6
L_WordToStr7:
;__Lib_Conversions.c,91 :: 		
0x02FF	0xE513    	MOV A, FARG_WordToStr_output
0x0301	0x2514    	ADD A, WordToStr_len_L0
0x0303	0xF8      	MOV R0, A
0x0304	0x7600    	MOV @R0, #0
0x0306	0x1514    	DEC WordToStr_len_L0
;__Lib_Conversions.c,93 :: 		
L_WordToStr9:
;__Lib_Conversions.c,94 :: 		
0x0308	0xE513    	MOV A, FARG_WordToStr_output
0x030A	0x2514    	ADD A, WordToStr_len_L0
0x030C	0xF8      	MOV R0, A
0x030D	0x850015  	MOV FLOC__WordToStr, 0
0x0310	0x7C0A    	MOV R4, #10
0x0312	0x7D00    	MOV R5, #0
0x0314	0xA811    	MOV R0, FARG_WordToStr_input
0x0316	0xA912    	MOV R1, FARG_WordToStr_input+1
0x0318	0x3113    	ACALL _Div_16x16_U
0x031A	0xA804    	MOV R0, R4
0x031C	0xA905    	MOV R1, R5
0x031E	0x7430    	MOV A, #48
0x0320	0x28      	ADD A, R0
0x0321	0xF9      	MOV R1, A
0x0322	0xA815    	MOV R0, FLOC__WordToStr
0x0324	0xA601    	MOV @R0, R1
;__Lib_Conversions.c,95 :: 		
0x0326	0x7C0A    	MOV R4, #10
0x0328	0x7D00    	MOV R5, #0
0x032A	0xA811    	MOV R0, FARG_WordToStr_input
0x032C	0xA912    	MOV R1, FARG_WordToStr_input+1
0x032E	0x3113    	ACALL _Div_16x16_U
0x0330	0x850011  	MOV FARG_WordToStr_input, 0
0x0333	0x850112  	MOV FARG_WordToStr_input+1, 1
;__Lib_Conversions.c,96 :: 		
0x0336	0xE8      	MOV A, R0
0x0337	0x49      	ORL A, R1
0x0338	0x7002    	JNZ L_WordToStr11
;__Lib_Conversions.c,97 :: 		
0x033A	0x8004    	SJMP L_WordToStr10
L_WordToStr11:
;__Lib_Conversions.c,98 :: 		
0x033C	0x1514    	DEC WordToStr_len_L0
;__Lib_Conversions.c,99 :: 		
0x033E	0x80C8    	SJMP L_WordToStr9
L_WordToStr10:
;__Lib_Conversions.c,100 :: 		
0x0340	0x22      	RET
; end of _WordToStr
_Lcd_Chr:
;__Lib_Lcd.c,57 :: 		
;__Lib_Lcd.c,58 :: 		
0x0341	0x8019    	SJMP L_Lcd_Chr8
;__Lib_Lcd.c,59 :: 		
L_Lcd_Chr10:
0x0343	0x751180  	MOV FARG_Lcd_Chr_row, #128
0x0346	0x802E    	SJMP L_Lcd_Chr9
;__Lib_Lcd.c,60 :: 		
L_Lcd_Chr11:
0x0348	0x7511C0  	MOV FARG_Lcd_Chr_row, #192
0x034B	0x8029    	SJMP L_Lcd_Chr9
;__Lib_Lcd.c,61 :: 		
L_Lcd_Chr12:
0x034D	0x751194  	MOV FARG_Lcd_Chr_row, #148
0x0350	0x8024    	SJMP L_Lcd_Chr9
;__Lib_Lcd.c,62 :: 		
L_Lcd_Chr13:
0x0352	0x7511D4  	MOV FARG_Lcd_Chr_row, #212
0x0355	0x801F    	SJMP L_Lcd_Chr9
;__Lib_Lcd.c,63 :: 		
L_Lcd_Chr14:
0x0357	0x751180  	MOV FARG_Lcd_Chr_row, #128
;__Lib_Lcd.c,64 :: 		
0x035A	0x801A    	SJMP L_Lcd_Chr9
L_Lcd_Chr8:
0x035C	0xE511    	MOV A, FARG_Lcd_Chr_row
0x035E	0x6401    	XRL A, #1
0x0360	0x60E1    	JZ L_Lcd_Chr10
0x0362	0xE511    	MOV A, FARG_Lcd_Chr_row
0x0364	0x6402    	XRL A, #2
0x0366	0x60E0    	JZ L_Lcd_Chr11
0x0368	0xE511    	MOV A, FARG_Lcd_Chr_row
0x036A	0x6403    	XRL A, #3
0x036C	0x60DF    	JZ L_Lcd_Chr12
0x036E	0xE511    	MOV A, FARG_Lcd_Chr_row
0x0370	0x6404    	XRL A, #4
0x0372	0x60DE    	JZ L_Lcd_Chr13
0x0374	0x80E1    	SJMP L_Lcd_Chr14
L_Lcd_Chr9:
;__Lib_Lcd.c,66 :: 		
0x0376	0xC3      	CLR C
0x0377	0xE512    	MOV A, FARG_Lcd_Chr_column
0x0379	0x9401    	SUBB A, #1
0x037B	0xF8      	MOV R0, A
0x037C	0xE511    	MOV A, FARG_Lcd_Chr_row
0x037E	0x28      	ADD A, R0
0x037F	0xF8      	MOV R0, A
0x0380	0x850011  	MOV FARG_Lcd_Chr_row, 0
;__Lib_Lcd.c,68 :: 		
0x0383	0x751001  	MOV _cmd_status, #1
;__Lib_Lcd.c,69 :: 		
0x0386	0x85001B  	MOV FARG_Lcd_Cmd_out_char, 0
0x0389	0x1138    	ACALL _Lcd_Cmd
;__Lib_Lcd.c,71 :: 		
0x038B	0x751000  	MOV _cmd_status, #0
;__Lib_Lcd.c,72 :: 		
0x038E	0x85131B  	MOV FARG_Lcd_Cmd_out_char, FARG_Lcd_Chr_out_char+0
0x0391	0x1138    	ACALL _Lcd_Cmd
;__Lib_Lcd.c,73 :: 		
0x0393	0x751001  	MOV _cmd_status, #1
;__Lib_Lcd.c,74 :: 		
0x0396	0x22      	RET
; end of _Lcd_Chr
_Keypad_Key_Click:
;__Lib_Keypad4x4.c,81 :: 		
;__Lib_Keypad4x4.c,85 :: 		
0x0397	0x317A    	ACALL _Keypad_Key_Press
0x0399	0x850011  	MOV Keypad_Key_Click_rslt_L0, 0
;__Lib_Keypad4x4.c,87 :: 		
L_Keypad_Key_Click5:
0x039C	0xE580    	MOV A, keypadPort
0x039E	0x540F    	ANL A, #15
0x03A0	0xF9      	MOV R1, A
0x03A1	0x640F    	XRL A, #15
0x03A3	0x6004    	JZ L_Keypad_Key_Click6
;__Lib_Keypad4x4.c,88 :: 		
0x03A5	0x3168    	ACALL _Delay_10us
0x03A7	0x80F3    	SJMP L_Keypad_Key_Click5
L_Keypad_Key_Click6:
;__Lib_Keypad4x4.c,90 :: 		
0x03A9	0xA811    	MOV R0, Keypad_Key_Click_rslt_L0
;__Lib_Keypad4x4.c,91 :: 		
0x03AB	0x22      	RET
; end of _Keypad_Key_Click
_main:
0x03AC	0x758143  	MOV SP, #67
0x03AF	0x120500  	LCALL 1280
;BT3.c,23 :: 		void main() {
;BT3.c,24 :: 		cnt = 0;                                 // Reset counter
0x03B2	0x750900  	MOV _cnt, #0
;BT3.c,25 :: 		Keypad_Init();                           // Initialize Keypad
0x03B5	0x5180    	ACALL _Keypad_Init
;BT3.c,26 :: 		Lcd_Init();                              // Initialize LCD
0x03B7	0x31E0    	ACALL _Lcd_Init
;BT3.c,27 :: 		Lcd_Cmd(_LCD_CLEAR);                     // Clear display
0x03B9	0x751B01  	MOV FARG_Lcd_Cmd_out_char, #1
0x03BC	0x1138    	ACALL _Lcd_Cmd
;BT3.c,28 :: 		Lcd_Cmd(_LCD_CURSOR_OFF);                // Cursor off
0x03BE	0x751B0C  	MOV FARG_Lcd_Cmd_out_char, #12
0x03C1	0x1138    	ACALL _Lcd_Cmd
;BT3.c,30 :: 		Lcd_Out(1, 1, "Key  :");                 // Write message text on LCD
0x03C3	0x751101  	MOV FARG_LCD_Out_row, #1
0x03C6	0x751201  	MOV FARG_LCD_Out_column, #1
0x03C9	0x75133C  	MOV FARG_LCD_Out_text, lo_addr(?lstr1_BT3)
0x03CC	0x5184    	ACALL _LCD_Out
;BT3.c,31 :: 		Lcd_Out(2, 1, "Times:");
0x03CE	0x751102  	MOV FARG_LCD_Out_row, #2
0x03D1	0x751201  	MOV FARG_LCD_Out_column, #1
0x03D4	0x751335  	MOV FARG_LCD_Out_text, lo_addr(?lstr2_BT3)
0x03D7	0x5184    	ACALL _LCD_Out
;BT3.c,33 :: 		do {
L_main0:
;BT3.c,34 :: 		kp = 0;                                // Reset key code variable
0x03D9	0x750800  	MOV _kp, #0
;BT3.c,37 :: 		do {
L_main3:
;BT3.c,38 :: 		kp = Keypad_Key_Click();             // Get key click from the keypad
0x03DC	0x7197    	ACALL _Keypad_Key_Click
0x03DE	0x850008  	MOV _kp, 0
;BT3.c,39 :: 		} while (!kp);                         // Continue loop until a key is pressed
0x03E1	0xE8      	MOV A, R0
0x03E2	0x60F8    	JZ L_main3
;BT3.c,42 :: 		switch (kp) {
0x03E4	0x8050    	SJMP L_main6
;BT3.c,43 :: 		case  1: kp = '1'; break;
L_main8:
0x03E6	0x750831  	MOV _kp, #49
0x03E9	0x81A4    	AJMP L_main7
;BT3.c,44 :: 		case  2: kp = '2'; break;
L_main9:
0x03EB	0x750832  	MOV _kp, #50
0x03EE	0x81A4    	AJMP L_main7
;BT3.c,45 :: 		case  3: kp = '3'; break;
L_main10:
0x03F0	0x750833  	MOV _kp, #51
0x03F3	0x81A4    	AJMP L_main7
;BT3.c,46 :: 		case  4: kp = 'A'; break;
L_main11:
0x03F5	0x750841  	MOV _kp, #65
0x03F8	0x81A4    	AJMP L_main7
;BT3.c,47 :: 		case  5: kp = '4'; break;
L_main12:
0x03FA	0x750834  	MOV _kp, #52
0x03FD	0x81A4    	AJMP L_main7
;BT3.c,48 :: 		case  6: kp = '5'; break;
L_main13:
0x03FF	0x750835  	MOV _kp, #53
0x0402	0x81A4    	AJMP L_main7
;BT3.c,49 :: 		case  7: kp = '6'; break;
L_main14:
0x0404	0x750836  	MOV _kp, #54
0x0407	0x81A4    	AJMP L_main7
;BT3.c,50 :: 		case  8: kp = 'B'; break;
L_main15:
0x0409	0x750842  	MOV _kp, #66
0x040C	0x81A4    	AJMP L_main7
;BT3.c,51 :: 		case  9: kp = '7'; break;
L_main16:
0x040E	0x750837  	MOV _kp, #55
0x0411	0x81A4    	AJMP L_main7
;BT3.c,52 :: 		case 10: kp = '8'; break;
L_main17:
0x0413	0x750838  	MOV _kp, #56
0x0416	0x81A4    	AJMP L_main7
;BT3.c,53 :: 		case 11: kp = '9'; break;
L_main18:
0x0418	0x750839  	MOV _kp, #57
0x041B	0x81A4    	AJMP L_main7
;BT3.c,54 :: 		case 12: kp = 'C'; break;
L_main19:
0x041D	0x750843  	MOV _kp, #67
0x0420	0x81A4    	AJMP L_main7
;BT3.c,55 :: 		case 13: kp = '*'; break;
L_main20:
0x0422	0x75082A  	MOV _kp, #42
0x0425	0x81A4    	AJMP L_main7
;BT3.c,56 :: 		case 14: kp = '0'; break;
L_main21:
0x0427	0x750830  	MOV _kp, #48
0x042A	0x81A4    	AJMP L_main7
;BT3.c,57 :: 		case 15: kp = '#'; break;
L_main22:
0x042C	0x750823  	MOV _kp, #35
0x042F	0x81A4    	AJMP L_main7
;BT3.c,58 :: 		case 16: kp = 'D'; break;
L_main23:
0x0431	0x750844  	MOV _kp, #68
0x0434	0x81A4    	AJMP L_main7
;BT3.c,59 :: 		}
L_main6:
0x0436	0xE508    	MOV A, _kp
0x0438	0x6401    	XRL A, #1
0x043A	0x60AA    	JZ L_main8
0x043C	0xE508    	MOV A, _kp
0x043E	0x6402    	XRL A, #2
0x0440	0x60A9    	JZ L_main9
0x0442	0xE508    	MOV A, _kp
0x0444	0x6403    	XRL A, #3
0x0446	0x60A8    	JZ L_main10
0x0448	0xE508    	MOV A, _kp
0x044A	0x6404    	XRL A, #4
0x044C	0x60A7    	JZ L_main11
0x044E	0xE508    	MOV A, _kp
0x0450	0x6405    	XRL A, #5
0x0452	0x60A6    	JZ L_main12
0x0454	0xE508    	MOV A, _kp
0x0456	0x6406    	XRL A, #6
0x0458	0x60A5    	JZ L_main13
0x045A	0xE508    	MOV A, _kp
0x045C	0x6407    	XRL A, #7
0x045E	0x60A4    	JZ L_main14
0x0460	0xE508    	MOV A, _kp
0x0462	0x6408    	XRL A, #8
0x0464	0x60A3    	JZ L_main15
0x0466	0xE508    	MOV A, _kp
0x0468	0x6409    	XRL A, #9
0x046A	0x60A2    	JZ L_main16
0x046C	0xE508    	MOV A, _kp
0x046E	0x640A    	XRL A, #10
0x0470	0x7002    	JNZ #2
0x0472	0x8113    	AJMP L_main17
0x0474	0xE508    	MOV A, _kp
0x0476	0x640B    	XRL A, #11
0x0478	0x7002    	JNZ #2
0x047A	0x8118    	AJMP L_main18
0x047C	0xE508    	MOV A, _kp
0x047E	0x640C    	XRL A, #12
0x0480	0x7002    	JNZ #2
0x0482	0x811D    	AJMP L_main19
0x0484	0xE508    	MOV A, _kp
0x0486	0x640D    	XRL A, #13
0x0488	0x7002    	JNZ #2
0x048A	0x8122    	AJMP L_main20
0x048C	0xE508    	MOV A, _kp
0x048E	0x640E    	XRL A, #14
0x0490	0x7002    	JNZ #2
0x0492	0x8127    	AJMP L_main21
0x0494	0xE508    	MOV A, _kp
0x0496	0x640F    	XRL A, #15
0x0498	0x7002    	JNZ #2
0x049A	0x812C    	AJMP L_main22
0x049C	0xE508    	MOV A, _kp
0x049E	0x6410    	XRL A, #16
0x04A0	0x7002    	JNZ #2
0x04A2	0x8131    	AJMP L_main23
L_main7:
;BT3.c,62 :: 		if (kp != oldstate) {
0x04A4	0xE508    	MOV A, _kp
0x04A6	0x6530    	XRL A, _oldstate
0x04A8	0x6008    	JZ L_main24
;BT3.c,63 :: 		cnt = 1;                              // Reset counter
0x04AA	0x750901  	MOV _cnt, #1
;BT3.c,64 :: 		oldstate = kp;                        // Update previous state
0x04AD	0x850830  	MOV _oldstate, _kp+0
;BT3.c,65 :: 		} else {
0x04B0	0x8002    	SJMP L_main25
L_main24:
;BT3.c,66 :: 		cnt++;                                // Increment counter for the same key
0x04B2	0x0509    	INC _cnt
;BT3.c,67 :: 		}
L_main25:
;BT3.c,70 :: 		Lcd_Chr(1, 10, kp);
0x04B4	0x751101  	MOV FARG_Lcd_Chr_row, #1
0x04B7	0x75120A  	MOV FARG_Lcd_Chr_column, #10
0x04BA	0x850813  	MOV FARG_Lcd_Chr_out_char, _kp+0
0x04BD	0x7141    	ACALL _Lcd_Chr
;BT3.c,73 :: 		if (cnt == 255) {
0x04BF	0xE509    	MOV A, _cnt
0x04C1	0x64FF    	XRL A, #255
0x04C3	0x700E    	JNZ L_main26
;BT3.c,74 :: 		cnt = 0;
0x04C5	0x750900  	MOV _cnt, #0
;BT3.c,75 :: 		Lcd_Out(2, 10, "   ");               // Clear previous counter display
0x04C8	0x751102  	MOV FARG_LCD_Out_row, #2
0x04CB	0x75120A  	MOV FARG_LCD_Out_column, #10
0x04CE	0x751331  	MOV FARG_LCD_Out_text, lo_addr(?lstr3_BT3)
0x04D1	0x5184    	ACALL _LCD_Out
;BT3.c,76 :: 		}
L_main26:
;BT3.c,79 :: 		WordToStr(cnt, txt);
0x04D3	0x850911  	MOV FARG_WordToStr_input, _cnt+0
0x04D6	0xE4      	CLR A
0x04D7	0xF512    	MOV FARG_WordToStr_input+1, A
0x04D9	0x75130A  	MOV FARG_WordToStr_output, lo_addr(_txt)
0x04DC	0x51EA    	ACALL _WordToStr
;BT3.c,80 :: 		Lcd_Out(2, 10, txt);
0x04DE	0x751102  	MOV FARG_LCD_Out_row, #2
0x04E1	0x75120A  	MOV FARG_LCD_Out_column, #10
0x04E4	0x75130A  	MOV FARG_LCD_Out_text, lo_addr(_txt)
0x04E7	0x5184    	ACALL _LCD_Out
;BT3.c,82 :: 		} while (1);                              // Infinite loop
0x04E9	0x61D9    	AJMP L_main0
;BT3.c,83 :: 		}
0x04EB	0x80FE    	SJMP #254
; end of _main
0x0500	0x7830    	MOV R0, 48
0x0502	0x7913    	MOV R1, 19
0x0504	0x7582ED  	MOV DP0L, 237
0x0507	0x758304  	MOV DP0H, 4
0x050A	0x120278  	LCALL 632
0x050D	0x22      	RET
;BT3.c,0 :: ?ICS_oldstate
0x04ED	0x00 ;?ICS_oldstate+0
; end of ?ICS_oldstate
;BT3.c,0 :: ?ICS?lstr3_BT3
0x04EE	0x202020 ;?ICS?lstr3_BT3+0
0x04F1	0x00 ;?ICS?lstr3_BT3+3
; end of ?ICS?lstr3_BT3
;BT3.c,0 :: ?ICS?lstr2_BT3
0x04F2	0x54696D ;?ICS?lstr2_BT3+0
0x04F5	0x65733A ;?ICS?lstr2_BT3+3
0x04F8	0x00 ;?ICS?lstr2_BT3+6
; end of ?ICS?lstr2_BT3
;BT3.c,0 :: ?ICS?lstr1_BT3
0x04F9	0x4B6579 ;?ICS?lstr1_BT3+0
0x04FC	0x20203A ;?ICS?lstr1_BT3+3
0x04FF	0x00 ;?ICS?lstr1_BT3+6
; end of ?ICS?lstr1_BT3
Symbol List:
//** Routines locations **
//ADDRESS    SIZE    PROCEDURE
//----------------------------------------------
0x0026       [6]    _Delay_50us
0x002C      [10]    _Delay_5500us
0x0036       [2]    _Delay_1us
0x0038     [219]    _Lcd_Cmd
0x0113      [85]    _Div_16x16_U
0x0168       [6]    _Delay_10us
0x016E      [12]    _Lcd_Chr_CP
0x017A     [102]    _Keypad_Key_Press
0x01E0     [152]    _Lcd_Init
0x0278       [8]    ___CC2D
0x0280       [4]    _Keypad_Init
0x0284     [102]    _LCD_Out
0x02EA      [87]    _WordToStr
0x0341      [86]    _Lcd_Chr
0x0397      [21]    _Keypad_Key_Click
0x03AC     [321]    _main
//** Variables locations ** 
//ADDRESS    SIZE    VARIABLE
//----------------------------------------------
0x0000       [1]    R0
0x0001       [1]    R1
0x0002       [1]    R2
0x0003       [1]    R3
0x0004       [1]    R4
0x0005       [1]    R5
0x0006       [1]    R6
0x0007       [1]    R7
0x0008       [1]    _kp
0x0009       [1]    _cnt
0x000A       [6]    _txt
0x0010       [1]    _cmd_status
0x0011       [1]    Keypad_Key_Click_rslt_L0
0x0011       [1]    FARG_Lcd_Chr_row
0x0011       [2]    FARG_WordToStr_input
0x0011       [1]    FARG_LCD_Out_row
0x0012       [1]    FARG_LCD_Out_column
0x0012       [1]    FARG_Lcd_Chr_column
0x0013       [1]    FARG_Lcd_Chr_out_char
0x0013       [1]    FARG_LCD_Out_text
0x0013       [1]    FARG_WordToStr_output
0x0014       [1]    WordToStr_len_L0
0x0014       [1]    LCD_Out_i_L0
0x0015       [1]    FLOC__WordToStr
0x0016       [1]    FARG_Lcd_Chr_CP_out_char
0x0016       [1]    Keypad_Key_Press_rslt_L0
0x0017       [1]    Keypad_Key_Press_kdata_L0
0x0018       [1]    Keypad_Key_Press_loc_L0
0x0019       [1]    Keypad_Key_Press_rowcnt_L0
0x001A       [1]    Keypad_Key_Press_shifter_L0
0x001B       [1]    FARG_Lcd_Cmd_out_char
0x0030       [1]    _oldstate
0x0031       [4]    ?lstr3_BT3
0x0035       [7]    ?lstr2_BT3
0x003C       [7]    ?lstr1_BT3
0x0080       [1]    P0
0x0080       [1]    keypadPort
0x0081       [1]    SP
0x0082       [1]    DPL
0x0083       [1]    DPH
0x00A0       [0]    P2_1_bit
0x00A0       [0]    P2_0_bit
0x00A0       [0]    P2_2_bit
0x00A0       [0]    LCD_EN
0x00A0       [0]    P2_4_bit
0x00A0       [0]    P2_5_bit
0x00A0       [0]    LCD_D5
0x00A0       [0]    LCD_D6
0x00A0       [0]    LCD_D7
0x00A0       [0]    LCD_D4
0x00A0       [0]    LCD_RS
0x00A0       [0]    P2_3_bit
0x00D0       [0]    OV_bit
0x00D0       [1]    PSW
0x00E0       [1]    ACC
0x00F0       [1]    B
//** Constants locations ** 
//ADDRESS    SIZE    CONSTANT
//----------------------------------------------
0x04ED       [1]    ?ICS_oldstate
0x04EE       [4]    ?ICS?lstr3_BT3
0x04F2       [7]    ?ICS?lstr2_BT3
0x04F9       [7]    ?ICS?lstr1_BT3
//** Label List: ** 
//----------------------------------------------
  L_main0
  L_main1
  L_main2
  L_main3
  L_main4
  L_main5
  L_main6
  L_main7
  L_main8
  L_main9
  L_main10
  L_main11
  L_main12
  L_main13
  L_main14
  L_main15
  L_main16
  L_main17
  L_main18
  L_main19
  L_main20
  L_main21
  L_main22
  L_main23
  L_main24
  L_main25
  L_main26
  _main
  L_ByteToStr0
  L_ByteToStr1
  L_ByteToStr2
  L_ByteToStr3
  L_ByteToStr4
  L_ByteToStr5
  L_WordToStr6
  L_WordToStr7
  L_WordToStr8
  L_WordToStr9
  L_WordToStr10
  L_WordToStr11
  L_WordToStrWithZeros12
  L_WordToStrWithZeros13
  L_WordToStrWithZeros14
  L_WordToStrWithZeros15
  L_WordToStrWithZeros16
  L_ShortToStr17
  L_ShortToStr18
  L_ShortToStr19
  L_ShortToStr20
  L_ShortToStr21
  L_ShortToStr22
  L_IntToStr23
  L_IntToStr24
  L_IntToStr25
  L_IntToStr26
  L_IntToStr27
  L_IntToStr28
  L_IntToStrWithZeros29
  L_IntToStrWithZeros30
  L_IntToStrWithZeros31
  L_IntToStrWithZeros32
  L_IntToStrWithZeros33
  L_IntToStrWithZeros34
  L_IntToStrWithZeros35
  L_IntToStrWithZeros36
  L_IntToStrWithZeros37
  L_LongWordToStr38
  L_LongWordToStr39
  L_LongWordToStr40
  L_LongWordToStr41
  L_LongWordToStr42
  L_LongWordToStr43
  L_LongWordToStrWithZeros44
  L_LongWordToStrWithZeros45
  L_LongWordToStrWithZeros46
  L_LongWordToStrWithZeros47
  L_LongWordToStrWithZeros48
  L_LongToStr49
  L_LongToStr50
  L_LongToStr51
  L_LongToStr52
  L_LongToStr53
  L_LongToStr54
  L_LongIntToStrWithZeros55
  L_LongIntToStrWithZeros56
  L_LongIntToStrWithZeros57
  L_LongIntToStrWithZeros58
  L_LongIntToStrWithZeros59
  L_LongIntToStrWithZeros60
  L_LongIntToStrWithZeros61
  L_LongIntToStrWithZeros62
  L_LongIntToStrWithZeros63
  L_Dec2Bcd64
  L_Dec2Bcd65
  L_Rtrim66
  L_Rtrim67
  L_Rtrim68
  L_Rtrim69
  L_Ltrim70
  L_Ltrim71
  L_Ltrim72
  L_Ltrim73
  L_Ltrim74
  L_Ltrim75
  L_FloatToStr76
  L_FloatToStr77
  L_FloatToStr78
  L_FloatToStr79
  L_FloatToStr80
  L_FloatToStr81
  L_FloatToStr82
  L_FloatToStr83
  L_FloatToStr84
  L_FloatToStr85
  L_FloatToStr86
  L_FloatToStr87
  L_FloatToStr88
  L_FloatToStr89
  L_FloatToStr90
  L_FloatToStr91
  L_FloatToStr92
  L_FloatToStr93
  L_FloatToStr94
  L_FloatToStr95
  L_FloatToStr96
  L_FloatToStr97
  L__Rtrim98
  L__Ltrim99
  L__FloatToStr100
  _ByteToHex
  L__ByteToHex101
  L__ByteToHex102
  _ShortToHex
  L__ShortToHex103
  L__ShortToHex104
  _WordToHex
  L__WordToHex105
  L__WordToHex106
  L__WordToHex107
  L__WordToHex108
  _IntToHex
  L__IntToHex109
  L__IntToHex110
  L__IntToHex111
  L__IntToHex112
  _LongWordToHex
  L__LongWordToHex113
  L__LongWordToHex114
  L__LongWordToHex115
  L__LongWordToHex116
  L__LongWordToHex117
  L__LongWordToHex118
  L__LongWordToHex119
  L__LongWordToHex120
  _LongIntToHex
  L__LongIntToHex121
  L__LongIntToHex122
  L__LongIntToHex123
  L__LongIntToHex124
  L__LongIntToHex125
  L__LongIntToHex126
  L__LongIntToHex127
  L__LongIntToHex128
  _ByteToStr
  _WordToStr
  _WordToStrWithZeros
  _ShortToStr
  _IntToStr
  _IntToStrWithZeros
  _LongWordToStr
  _LongWordToStrWithZeros
  _LongToStr
  _LongIntToStrWithZeros
  _Dec2Bcd
  L__Dec2Bcd129
  L__Dec2Bcd130
  _Bcd2Dec
  L__Bcd2Dec131
  L__Bcd2Dec132
  _Bcd2Dec16
  L__Bcd2Dec16133
  L__Bcd2Dec16134
  L__Bcd2Dec16135
  L__Bcd2Dec16136
  _Dec2Bcd16
  L__Dec2Bcd16137
  L__Dec2Bcd16138
  L__Dec2Bcd16139
  L__Dec2Bcd16140
  _Rtrim
  _Ltrim
  _FloatToStr
  L__FloatToStr141
  L__FloatToStr142
  L__FloatToStr143
  L__FloatToStr144
  L__FloatToStr145
  L__FloatToStr146
  L_Delay_Cyc0
  L_Delay_Cyc1
  L_VDelay_ms2
  L_VDelay_ms3
  L_VDelay_ms4
  L_VDelay_ms5
  _Get_Fosc_kHz
  _Delay_1us
  _Delay_10us
  _Delay_22us
  _Delay_50us
  _Delay_80us
  _Delay_500us
  _Delay_5500us
  _Delay_8ms
  _Delay_10ms
  _Delay_100ms
  _Delay_1sec
  _Delay_Cyc
  _VDelay_ms
  L_Keypad_Key_Press0
  L_Keypad_Key_Press1
  L_Keypad_Key_Press2
  L_Keypad_Key_Press3
  L_Keypad_Key_Press4
  L_Keypad_Key_Click5
  L_Keypad_Key_Click6
  _Keypad_Init
  _Keypad_Key_Press
  L__Keypad_Key_Press7
  L__Keypad_Key_Press8
  L__Keypad_Key_Press9
  L__Keypad_Key_Press10
  _Keypad_Key_Click
  L_Lcd_Cmd0
  L_Lcd_Cmd1
  L_Lcd_Cmd2
  L_Lcd_Cmd3
  L_Lcd_Cmd4
  L_Lcd_Cmd5
  L_LCD_Out_CP6
  L_LCD_Out_CP7
  L_Lcd_Chr8
  L_Lcd_Chr9
  L_Lcd_Chr10
  L_Lcd_Chr11
  L_Lcd_Chr12
  L_Lcd_Chr13
  L_Lcd_Chr14
  L_LCD_Out15
  L_LCD_Out16
  L_LCD_Out17
  L_LCD_Out18
  L_LCD_Out19
  L_LCD_Out20
  L_LCD_Out21
  L_LCD_Out22
  L_LCD_Out23
  _Lcd_Cmd
  L__Lcd_Cmd24
  L__Lcd_Cmd25
  L__Lcd_Cmd26
  L__Lcd_Cmd27
  L__Lcd_Cmd28
  L__Lcd_Cmd29
  L__Lcd_Cmd30
  L__Lcd_Cmd31
  L__Lcd_Cmd32
  L__Lcd_Cmd33
  L__Lcd_Cmd34
  L__Lcd_Cmd35
  L__Lcd_Cmd36
  L__Lcd_Cmd37
  L__Lcd_Cmd38
  L__Lcd_Cmd39
  _Lcd_Chr_CP
  _LCD_Out_CP
  _Lcd_Chr
  _Lcd_Init
  _LCD_Out
  lab_end
  loop_lab
  lab_end1
  lab_loop1
  lab_end2
  lab_loop3
  __Div_8x8_S_Bpositive
  __Div_8x8_S_Apositive
  __Div_8x8_S_Skip_Div
  __Div_8x8_S_div_ret
  __op2hi_not_zero
  __op1hi_not_zero
  __Div_16x16_U_Loop1
  __Div_16x16_U_Lab1
  __Div_16x16_U_div_ret
  __Div_16x16_U_Loop2
  __Div_16x16_U_Lab2
  __Div_16x16_U_Lab3
  __Div_16x16_S_op2hipositive
  __Div_16x16_S_op1hipositive
  __Div_16x16_S_Skip_Udiv
  __Div_16x16_S_div_ret
  __Div_32x32_U_start
  __Div_32x32_U_aux
  __Div_32x32_U_l2
  __Div_32x32_U_l1
  lw_1
  lw_2
  __Div_32x32_U_l3
  lw_3
  __Div_32x32_U_l4
  __Div_32x32_U_IR_l0
  __Div_32x32_U_l5
  __Div_32x32_U_l6
  __Div_32x32_U_l8
  __Div_32x32_U_l7
  __Div_32x32_U_IR_l1
  __Div_32x32_U_l10
  __Div_32x32_U_l9
  __Div_32x32_U_IR_l2
  __Div_32x32_S_l1
  __Div_32x32_S_call_uns
  __Div_32x32_S_l2
  __Div_32x32_S_l3
  __Div_32x32_S_div_ret
  __shl_long
  __shr_longint
  __shr_longword
  _Mul_16x16
  _Mul_32x32
  _Div_8x8_S
  _Div_16x16_U
  _Div_16x16_S
  _Div_32x32_U
  _Div_32x32_S
  _CC2D_Loop1
  _CC2PD_Loop1
  _CC2XD_Loop1
  ___DoIFC
  ___CC2D
  ___CC2PD
  ___CC2XD
