;  LST file generated by mikroListExporter - v.2.0 
; Date/Time: 11/29/2024 9:02:23 PM
;----------------------------------------------

;Address Opcode 	ASM
0x0000	0x020300  	LJMP 768
0x0003	0x020000  	LJMP 0
0x0006	0x00      	NOP
0x0007	0x00      	NOP
0x0008	0x00      	NOP
0x0009	0x00      	NOP
0x000A	0x00      	NOP
0x000B	0x020000  	LJMP 0
0x000E	0x00      	NOP
0x000F	0x00      	NOP
0x0010	0x00      	NOP
0x0011	0x00      	NOP
0x0012	0x00      	NOP
0x0013	0x020000  	LJMP 0
0x0016	0x00      	NOP
0x0017	0x00      	NOP
0x0018	0x00      	NOP
0x0019	0x00      	NOP
0x001A	0x00      	NOP
0x001B	0x020000  	LJMP 0
0x001E	0x00      	NOP
0x001F	0x00      	NOP
0x0020	0x00      	NOP
0x0021	0x00      	NOP
0x0022	0x00      	NOP
0x0023	0x020000  	LJMP 0
_Delay_5500us:
;__Lib_Delays.c,213 :: 		void Delay_5500us() {
;__Lib_Delays.c,214 :: 		Delay_us(5500);
0x0026	0x7E09    	MOV R6, 9
0x0028	0x7FE9    	MOV R7, 233
0x002A	0xDFFE    	DJNZ R7, PC-2
0x002C	0xDEFC    	DJNZ R6, PC-4
0x002E	0x00      	NOP
;__Lib_Delays.c,215 :: 		}
0x002F	0x22      	RET
; end of _Delay_5500us
_Delay_50us:
;__Lib_Delays.c,138 :: 		void Delay_50us() {
;__Lib_Delays.c,139 :: 		Delay_us(50);
0x0030	0x7F14    	MOV R7, 20
0x0032	0xDFFE    	DJNZ R7, PC-2
0x0034	0x00      	NOP
;__Lib_Delays.c,140 :: 		}
0x0035	0x22      	RET
; end of _Delay_50us
_Delay_1us:
;__Lib_Delays.c,63 :: 		void Delay_1us() {
;__Lib_Delays.c,64 :: 		Delay_us(1);
0x0036	0x00      	NOP
;__Lib_Delays.c,65 :: 		}
0x0037	0x22      	RET
; end of _Delay_1us
_Lcd_Cmd:
;__Lib_Lcd.c,13 :: 		
;__Lib_Lcd.c,14 :: 		
0x0038	0xE51B    	MOV A, FARG_Lcd_Cmd_out_char
0x003A	0x5480    	ANL A, #128
0x003C	0xF8      	MOV R0, A
0x003D	0x630080  	XRL R0, #128
0x0040	0xE8      	MOV A, R0
0x0041	0x6004    	JZ L__Lcd_Cmd24
0x0043	0x7800    	MOV R0, #0
0x0045	0x8002    	SJMP L__Lcd_Cmd25
L__Lcd_Cmd24:
0x0047	0x7801    	MOV R0, #1
L__Lcd_Cmd25:
0x0049	0xE8      	MOV A, R0
0x004A	0x13      	RRC A
0x004B	0x92A5    	MOV LCD_D7, C
;__Lib_Lcd.c,15 :: 		
0x004D	0xE51B    	MOV A, FARG_Lcd_Cmd_out_char
0x004F	0x5440    	ANL A, #64
0x0051	0xF8      	MOV R0, A
0x0052	0x630040  	XRL R0, #64
0x0055	0xE8      	MOV A, R0
0x0056	0x6004    	JZ L__Lcd_Cmd26
0x0058	0x7800    	MOV R0, #0
0x005A	0x8002    	SJMP L__Lcd_Cmd27
L__Lcd_Cmd26:
0x005C	0x7801    	MOV R0, #1
L__Lcd_Cmd27:
0x005E	0xE8      	MOV A, R0
0x005F	0x13      	RRC A
0x0060	0x92A4    	MOV LCD_D6, C
;__Lib_Lcd.c,16 :: 		
0x0062	0xE51B    	MOV A, FARG_Lcd_Cmd_out_char
0x0064	0x5420    	ANL A, #32
0x0066	0xF8      	MOV R0, A
0x0067	0x630020  	XRL R0, #32
0x006A	0xE8      	MOV A, R0
0x006B	0x6004    	JZ L__Lcd_Cmd28
0x006D	0x7800    	MOV R0, #0
0x006F	0x8002    	SJMP L__Lcd_Cmd29
L__Lcd_Cmd28:
0x0071	0x7801    	MOV R0, #1
L__Lcd_Cmd29:
0x0073	0xE8      	MOV A, R0
0x0074	0x13      	RRC A
0x0075	0x92A3    	MOV LCD_D5, C
;__Lib_Lcd.c,17 :: 		
0x0077	0xE51B    	MOV A, FARG_Lcd_Cmd_out_char
0x0079	0x5410    	ANL A, #16
0x007B	0xF8      	MOV R0, A
0x007C	0x630010  	XRL R0, #16
0x007F	0xE8      	MOV A, R0
0x0080	0x6004    	JZ L__Lcd_Cmd30
0x0082	0x7800    	MOV R0, #0
0x0084	0x8002    	SJMP L__Lcd_Cmd31
L__Lcd_Cmd30:
0x0086	0x7801    	MOV R0, #1
L__Lcd_Cmd31:
0x0088	0xE8      	MOV A, R0
0x0089	0x13      	RRC A
0x008A	0x92A2    	MOV LCD_D4, C
;__Lib_Lcd.c,19 :: 		
0x008C	0xE50F    	MOV A, _cmd_status
0x008E	0x6004    	JZ L_Lcd_Cmd0
0x0090	0x7800    	MOV R0, #0
0x0092	0x8002    	SJMP L_Lcd_Cmd1
L_Lcd_Cmd0:
0x0094	0x7801    	MOV R0, #1
L_Lcd_Cmd1:
0x0096	0xE8      	MOV A, R0
0x0097	0x13      	RRC A
0x0098	0x92A0    	MOV LCD_RS, C
;__Lib_Lcd.c,21 :: 		
0x009A	0xD2A1    	SETB LCD_EN
;__Lib_Lcd.c,22 :: 		
0x009C	0x1136    	ACALL _Delay_1us
;__Lib_Lcd.c,23 :: 		
0x009E	0xC2A1    	CLR LCD_EN
;__Lib_Lcd.c,25 :: 		
0x00A0	0xE51B    	MOV A, FARG_Lcd_Cmd_out_char
0x00A2	0x5408    	ANL A, #8
0x00A4	0xF8      	MOV R0, A
0x00A5	0x630008  	XRL R0, #8
0x00A8	0xE8      	MOV A, R0
0x00A9	0x6004    	JZ L__Lcd_Cmd32
0x00AB	0x7800    	MOV R0, #0
0x00AD	0x8002    	SJMP L__Lcd_Cmd33
L__Lcd_Cmd32:
0x00AF	0x7801    	MOV R0, #1
L__Lcd_Cmd33:
0x00B1	0xE8      	MOV A, R0
0x00B2	0x13      	RRC A
0x00B3	0x92A5    	MOV LCD_D7, C
;__Lib_Lcd.c,26 :: 		
0x00B5	0xE51B    	MOV A, FARG_Lcd_Cmd_out_char
0x00B7	0x5404    	ANL A, #4
0x00B9	0xF8      	MOV R0, A
0x00BA	0x630004  	XRL R0, #4
0x00BD	0xE8      	MOV A, R0
0x00BE	0x6004    	JZ L__Lcd_Cmd34
0x00C0	0x7800    	MOV R0, #0
0x00C2	0x8002    	SJMP L__Lcd_Cmd35
L__Lcd_Cmd34:
0x00C4	0x7801    	MOV R0, #1
L__Lcd_Cmd35:
0x00C6	0xE8      	MOV A, R0
0x00C7	0x13      	RRC A
0x00C8	0x92A4    	MOV LCD_D6, C
;__Lib_Lcd.c,27 :: 		
0x00CA	0xE51B    	MOV A, FARG_Lcd_Cmd_out_char
0x00CC	0x5402    	ANL A, #2
0x00CE	0xF8      	MOV R0, A
0x00CF	0x630002  	XRL R0, #2
0x00D2	0xE8      	MOV A, R0
0x00D3	0x6004    	JZ L__Lcd_Cmd36
0x00D5	0x7800    	MOV R0, #0
0x00D7	0x8002    	SJMP L__Lcd_Cmd37
L__Lcd_Cmd36:
0x00D9	0x7801    	MOV R0, #1
L__Lcd_Cmd37:
0x00DB	0xE8      	MOV A, R0
0x00DC	0x13      	RRC A
0x00DD	0x92A3    	MOV LCD_D5, C
;__Lib_Lcd.c,28 :: 		
0x00DF	0xE51B    	MOV A, FARG_Lcd_Cmd_out_char
0x00E1	0x5401    	ANL A, #1
0x00E3	0xF8      	MOV R0, A
0x00E4	0x630001  	XRL R0, #1
0x00E7	0xE8      	MOV A, R0
0x00E8	0x6004    	JZ L__Lcd_Cmd38
0x00EA	0x7800    	MOV R0, #0
0x00EC	0x8002    	SJMP L__Lcd_Cmd39
L__Lcd_Cmd38:
0x00EE	0x7801    	MOV R0, #1
L__Lcd_Cmd39:
0x00F0	0xE8      	MOV A, R0
0x00F1	0x13      	RRC A
0x00F2	0x92A2    	MOV LCD_D4, C
;__Lib_Lcd.c,30 :: 		
0x00F4	0xE50F    	MOV A, _cmd_status
0x00F6	0x6004    	JZ L_Lcd_Cmd2
0x00F8	0x7800    	MOV R0, #0
0x00FA	0x8002    	SJMP L_Lcd_Cmd3
L_Lcd_Cmd2:
0x00FC	0x7801    	MOV R0, #1
L_Lcd_Cmd3:
0x00FE	0xE8      	MOV A, R0
0x00FF	0x13      	RRC A
0x0100	0x92A0    	MOV LCD_RS, C
;__Lib_Lcd.c,32 :: 		
0x0102	0xD2A1    	SETB LCD_EN
;__Lib_Lcd.c,33 :: 		
0x0104	0x1136    	ACALL _Delay_1us
;__Lib_Lcd.c,34 :: 		
0x0106	0xC2A1    	CLR LCD_EN
;__Lib_Lcd.c,36 :: 		
0x0108	0xE50F    	MOV A, _cmd_status
0x010A	0x6004    	JZ L_Lcd_Cmd4
;__Lib_Lcd.c,37 :: 		
0x010C	0x1126    	ACALL _Delay_5500us
0x010E	0x8002    	SJMP L_Lcd_Cmd5
L_Lcd_Cmd4:
;__Lib_Lcd.c,39 :: 		
0x0110	0x1130    	ACALL _Delay_50us
L_Lcd_Cmd5:
;__Lib_Lcd.c,40 :: 		
0x0112	0x22      	RET
; end of _Lcd_Cmd
_Delay_10us:
;__Lib_Delays.c,88 :: 		void Delay_10us() {
;__Lib_Delays.c,89 :: 		Delay_us(10);
0x0113	0x7F03    	MOV R7, 3
0x0115	0xDFFE    	DJNZ R7, PC-2
0x0117	0x00      	NOP
;__Lib_Delays.c,90 :: 		}
0x0118	0x22      	RET
; end of _Delay_10us
_Lcd_Chr_CP:
;__Lib_Lcd.c,42 :: 		
;__Lib_Lcd.c,44 :: 		
0x0119	0x750F00  	MOV _cmd_status, #0
;__Lib_Lcd.c,45 :: 		
0x011C	0x85161B  	MOV FARG_Lcd_Cmd_out_char, FARG_Lcd_Chr_CP_out_char+0
0x011F	0x1138    	ACALL _Lcd_Cmd
;__Lib_Lcd.c,46 :: 		
0x0121	0x750F01  	MOV _cmd_status, #1
;__Lib_Lcd.c,47 :: 		
0x0124	0x22      	RET
; end of _Lcd_Chr_CP
_Keypad_Key_Press:
;__Lib_Keypad4x4.c,46 :: 		
;__Lib_Keypad4x4.c,51 :: 		
0x0125	0x751600  	MOV Keypad_Key_Press_rslt_L0, #0
;__Lib_Keypad4x4.c,52 :: 		
0x0128	0x751800  	MOV Keypad_Key_Press_loc_L0, #0
;__Lib_Keypad4x4.c,53 :: 		
0x012B	0x751900  	MOV Keypad_Key_Press_rowcnt_L0, #0
;__Lib_Keypad4x4.c,54 :: 		
0x012E	0x751A10  	MOV Keypad_Key_Press_shifter_L0, #16
;__Lib_Keypad4x4.c,55 :: 		
L_Keypad_Key_Press0:
0x0131	0xC3      	CLR C
0x0132	0xE519    	MOV A, Keypad_Key_Press_rowcnt_L0
0x0134	0x9404    	SUBB A, #4
0x0136	0x5050    	JNC L_Keypad_Key_Press1
;__Lib_Keypad4x4.c,56 :: 		
0x0138	0x7580F0  	MOV keypadPort, #240
;__Lib_Keypad4x4.c,57 :: 		
0x013B	0xE51A    	MOV A, Keypad_Key_Press_shifter_L0
0x013D	0x64FF    	XRL A, #255
0x013F	0xF580    	MOV keypadPort, A
;__Lib_Keypad4x4.c,58 :: 		
0x0141	0x1136    	ACALL _Delay_1us
;__Lib_Keypad4x4.c,59 :: 		
0x0143	0x1136    	ACALL _Delay_1us
;__Lib_Keypad4x4.c,60 :: 		
0x0145	0xE580    	MOV A, keypadPort
0x0147	0x44F0    	ORL A, #240
0x0149	0xF8      	MOV R0, A
0x014A	0x850017  	MOV Keypad_Key_Press_kdata_L0, 0
;__Lib_Keypad4x4.c,61 :: 		
0x014D	0x6300FF  	XRL R0, #255
0x0150	0x850017  	MOV Keypad_Key_Press_kdata_L0, 0
;__Lib_Keypad4x4.c,62 :: 		
0x0153	0xE8      	MOV A, R0
0x0154	0x601B    	JZ L_Keypad_Key_Press2
;__Lib_Keypad4x4.c,64 :: 		
0x0156	0x851816  	MOV Keypad_Key_Press_rslt_L0, Keypad_Key_Press_loc_L0+0
;__Lib_Keypad4x4.c,65 :: 		
L_Keypad_Key_Press3:
0x0159	0xE517    	MOV A, Keypad_Key_Press_kdata_L0
0x015B	0x6011    	JZ L_Keypad_Key_Press4
;__Lib_Keypad4x4.c,66 :: 		
0x015D	0x7801    	MOV R0, #1
0x015F	0xE517    	MOV A, Keypad_Key_Press_kdata_L0
0x0161	0x08      	INC R0
0x0162	0x8002    	SJMP L__Keypad_Key_Press7
L__Keypad_Key_Press8:
0x0164	0xC3      	CLR C
0x0165	0x13      	RRC A
L__Keypad_Key_Press7:
0x0166	0xD8FC    	DJNZ R0, L__Keypad_Key_Press8
0x0168	0xF517    	MOV Keypad_Key_Press_kdata_L0, A
;__Lib_Keypad4x4.c,67 :: 		
0x016A	0x0516    	INC Keypad_Key_Press_rslt_L0
;__Lib_Keypad4x4.c,68 :: 		
0x016C	0x80EB    	SJMP L_Keypad_Key_Press3
L_Keypad_Key_Press4:
;__Lib_Keypad4x4.c,70 :: 		
0x016E	0x751904  	MOV Keypad_Key_Press_rowcnt_L0, #4
;__Lib_Keypad4x4.c,71 :: 		
L_Keypad_Key_Press2:
;__Lib_Keypad4x4.c,72 :: 		
0x0171	0x7801    	MOV R0, #1
0x0173	0xE51A    	MOV A, Keypad_Key_Press_shifter_L0
0x0175	0x08      	INC R0
0x0176	0x8002    	SJMP L__Keypad_Key_Press9
L__Keypad_Key_Press10:
0x0178	0xC3      	CLR C
0x0179	0x33      	RLC A
L__Keypad_Key_Press9:
0x017A	0xD8FC    	DJNZ R0, L__Keypad_Key_Press10
0x017C	0xF51A    	MOV Keypad_Key_Press_shifter_L0, A
;__Lib_Keypad4x4.c,73 :: 		
0x017E	0xE518    	MOV A, Keypad_Key_Press_loc_L0
0x0180	0x2404    	ADD A, #4
0x0182	0xF518    	MOV Keypad_Key_Press_loc_L0, A
;__Lib_Keypad4x4.c,74 :: 		
0x0184	0x0519    	INC Keypad_Key_Press_rowcnt_L0
;__Lib_Keypad4x4.c,75 :: 		
0x0186	0x80A9    	SJMP L_Keypad_Key_Press0
L_Keypad_Key_Press1:
;__Lib_Keypad4x4.c,77 :: 		
0x0188	0xA816    	MOV R0, Keypad_Key_Press_rslt_L0
;__Lib_Keypad4x4.c,78 :: 		
0x018A	0x22      	RET
; end of _Keypad_Key_Press
_Lcd_Init:
;__Lib_Lcd.c,76 :: 		
;__Lib_Lcd.c,78 :: 		
0x018B	0xC2A1    	CLR LCD_EN
;__Lib_Lcd.c,80 :: 		
0x018D	0xC2A0    	CLR LCD_RS
;__Lib_Lcd.c,83 :: 		
0x018F	0x1126    	ACALL _Delay_5500us
;__Lib_Lcd.c,84 :: 		
0x0191	0x1126    	ACALL _Delay_5500us
;__Lib_Lcd.c,85 :: 		
0x0193	0x1126    	ACALL _Delay_5500us
;__Lib_Lcd.c,87 :: 		
0x0195	0xC2A5    	CLR LCD_D7
;__Lib_Lcd.c,88 :: 		
0x0197	0xC2A4    	CLR LCD_D6
;__Lib_Lcd.c,89 :: 		
0x0199	0xC2A3    	CLR LCD_D5
;__Lib_Lcd.c,90 :: 		
0x019B	0xC2A2    	CLR LCD_D4
;__Lib_Lcd.c,93 :: 		
0x019D	0xD2A3    	SETB LCD_D5
;__Lib_Lcd.c,94 :: 		
0x019F	0xD2A2    	SETB LCD_D4
;__Lib_Lcd.c,95 :: 		
0x01A1	0xD2A1    	SETB LCD_EN
;__Lib_Lcd.c,96 :: 		
0x01A3	0x1136    	ACALL _Delay_1us
;__Lib_Lcd.c,97 :: 		
0x01A5	0xC2A1    	CLR LCD_EN
;__Lib_Lcd.c,98 :: 		
0x01A7	0x1126    	ACALL _Delay_5500us
;__Lib_Lcd.c,100 :: 		
0x01A9	0xD2A1    	SETB LCD_EN
;__Lib_Lcd.c,101 :: 		
0x01AB	0x1136    	ACALL _Delay_1us
;__Lib_Lcd.c,102 :: 		
0x01AD	0xC2A1    	CLR LCD_EN
;__Lib_Lcd.c,103 :: 		
0x01AF	0x1126    	ACALL _Delay_5500us
;__Lib_Lcd.c,105 :: 		
0x01B1	0xD2A1    	SETB LCD_EN
;__Lib_Lcd.c,106 :: 		
0x01B3	0x1136    	ACALL _Delay_1us
;__Lib_Lcd.c,107 :: 		
0x01B5	0xC2A1    	CLR LCD_EN
;__Lib_Lcd.c,108 :: 		
0x01B7	0x1126    	ACALL _Delay_5500us
;__Lib_Lcd.c,111 :: 		
0x01B9	0xD2A3    	SETB LCD_D5
;__Lib_Lcd.c,112 :: 		
0x01BB	0xC2A2    	CLR LCD_D4
;__Lib_Lcd.c,113 :: 		
0x01BD	0xD2A1    	SETB LCD_EN
;__Lib_Lcd.c,114 :: 		
0x01BF	0x1136    	ACALL _Delay_1us
;__Lib_Lcd.c,115 :: 		
0x01C1	0xC2A1    	CLR LCD_EN
;__Lib_Lcd.c,116 :: 		
0x01C3	0x1126    	ACALL _Delay_5500us
;__Lib_Lcd.c,119 :: 		
0x01C5	0xC2A5    	CLR LCD_D7
;__Lib_Lcd.c,120 :: 		
0x01C7	0xC2A4    	CLR LCD_D6
;__Lib_Lcd.c,121 :: 		
0x01C9	0xC2A3    	CLR LCD_D5
;__Lib_Lcd.c,122 :: 		
0x01CB	0xD2A3    	SETB LCD_D5
;__Lib_Lcd.c,123 :: 		
0x01CD	0xC2A2    	CLR LCD_D4
;__Lib_Lcd.c,124 :: 		
0x01CF	0xD2A1    	SETB LCD_EN
;__Lib_Lcd.c,125 :: 		
0x01D1	0x1136    	ACALL _Delay_1us
;__Lib_Lcd.c,126 :: 		
0x01D3	0xC2A1    	CLR LCD_EN
;__Lib_Lcd.c,127 :: 		
0x01D5	0xC2A3    	CLR LCD_D5
;__Lib_Lcd.c,128 :: 		
0x01D7	0xD2A5    	SETB LCD_D7
;__Lib_Lcd.c,129 :: 		
0x01D9	0xD2A1    	SETB LCD_EN
;__Lib_Lcd.c,130 :: 		
0x01DB	0x1136    	ACALL _Delay_1us
;__Lib_Lcd.c,131 :: 		
0x01DD	0xC2A1    	CLR LCD_EN
;__Lib_Lcd.c,132 :: 		
0x01DF	0x1126    	ACALL _Delay_5500us
;__Lib_Lcd.c,135 :: 		
0x01E1	0xC2A5    	CLR LCD_D7
;__Lib_Lcd.c,136 :: 		
0x01E3	0xD2A2    	SETB LCD_D4
;__Lib_Lcd.c,137 :: 		
0x01E5	0xD2A1    	SETB LCD_EN
;__Lib_Lcd.c,138 :: 		
0x01E7	0x1136    	ACALL _Delay_1us
;__Lib_Lcd.c,139 :: 		
0x01E9	0xC2A1    	CLR LCD_EN
;__Lib_Lcd.c,140 :: 		
0x01EB	0xC2A2    	CLR LCD_D4
;__Lib_Lcd.c,141 :: 		
0x01ED	0xD2A1    	SETB LCD_EN
;__Lib_Lcd.c,142 :: 		
0x01EF	0x1136    	ACALL _Delay_1us
;__Lib_Lcd.c,143 :: 		
0x01F1	0xC2A1    	CLR LCD_EN
;__Lib_Lcd.c,144 :: 		
0x01F3	0x1126    	ACALL _Delay_5500us
;__Lib_Lcd.c,147 :: 		
0x01F5	0xC2A2    	CLR LCD_D4
;__Lib_Lcd.c,148 :: 		
0x01F7	0xD2A1    	SETB LCD_EN
;__Lib_Lcd.c,149 :: 		
0x01F9	0x1136    	ACALL _Delay_1us
;__Lib_Lcd.c,150 :: 		
0x01FB	0xC2A1    	CLR LCD_EN
;__Lib_Lcd.c,151 :: 		
0x01FD	0xD2A2    	SETB LCD_D4
;__Lib_Lcd.c,152 :: 		
0x01FF	0xD2A1    	SETB LCD_EN
;__Lib_Lcd.c,153 :: 		
0x0201	0x1136    	ACALL _Delay_1us
;__Lib_Lcd.c,154 :: 		
0x0203	0xC2A1    	CLR LCD_EN
;__Lib_Lcd.c,155 :: 		
0x0205	0x1126    	ACALL _Delay_5500us
;__Lib_Lcd.c,158 :: 		
0x0207	0xC2A2    	CLR LCD_D4
;__Lib_Lcd.c,159 :: 		
0x0209	0xD2A1    	SETB LCD_EN
;__Lib_Lcd.c,160 :: 		
0x020B	0x1136    	ACALL _Delay_1us
;__Lib_Lcd.c,161 :: 		
0x020D	0xC2A1    	CLR LCD_EN
;__Lib_Lcd.c,163 :: 		
0x020F	0xD2A5    	SETB LCD_D7
;__Lib_Lcd.c,164 :: 		
0x0211	0xD2A4    	SETB LCD_D6
;__Lib_Lcd.c,165 :: 		
0x0213	0xD2A3    	SETB LCD_D5
;__Lib_Lcd.c,166 :: 		
0x0215	0xD2A2    	SETB LCD_D4
;__Lib_Lcd.c,167 :: 		
0x0217	0xD2A1    	SETB LCD_EN
;__Lib_Lcd.c,168 :: 		
0x0219	0x1136    	ACALL _Delay_1us
;__Lib_Lcd.c,169 :: 		
0x021B	0xC2A1    	CLR LCD_EN
;__Lib_Lcd.c,171 :: 		
0x021D	0x1126    	ACALL _Delay_5500us
;__Lib_Lcd.c,173 :: 		
0x021F	0x750F01  	MOV _cmd_status, #1
;__Lib_Lcd.c,174 :: 		
0x0222	0x22      	RET
; end of _Lcd_Init
___CC2D:
;__Lib_System.c,13 :: 		
;__Lib_System.c,15 :: 		
_CC2D_Loop1:
;__Lib_System.c,16 :: 		
0x0223	0xE4      	CLR A
;__Lib_System.c,17 :: 		
0x0224	0x93      	MOVC A, @A+DPTR
;__Lib_System.c,18 :: 		
0x0225	0xF6      	MOV @R0, A
;__Lib_System.c,19 :: 		
0x0226	0x08      	INC R0
;__Lib_System.c,20 :: 		
0x0227	0xA3      	INC DPTR
;__Lib_System.c,21 :: 		
0x0228	0xD9F9    	DJNZ R1, _CC2D_Loop1
;__Lib_System.c,23 :: 		
0x022A	0x22      	RET
; end of ___CC2D
_Keypad_Init:
;__Lib_Keypad4x4.c,40 :: 		
;__Lib_Keypad4x4.c,41 :: 		
0x022B	0x7580FF  	MOV keypadPort, #255
;__Lib_Keypad4x4.c,42 :: 		
0x022E	0x22      	RET
; end of _Keypad_Init
_Keypad_Key_Click:
;__Lib_Keypad4x4.c,81 :: 		
;__Lib_Keypad4x4.c,85 :: 		
0x022F	0x3125    	ACALL _Keypad_Key_Press
0x0231	0x850012  	MOV Keypad_Key_Click_rslt_L0, 0
;__Lib_Keypad4x4.c,87 :: 		
L_Keypad_Key_Click5:
0x0234	0xE580    	MOV A, keypadPort
0x0236	0x540F    	ANL A, #15
0x0238	0xF9      	MOV R1, A
0x0239	0x640F    	XRL A, #15
0x023B	0x6004    	JZ L_Keypad_Key_Click6
;__Lib_Keypad4x4.c,88 :: 		
0x023D	0x3113    	ACALL _Delay_10us
0x023F	0x80F3    	SJMP L_Keypad_Key_Click5
L_Keypad_Key_Click6:
;__Lib_Keypad4x4.c,90 :: 		
0x0241	0xA812    	MOV R0, Keypad_Key_Click_rslt_L0
;__Lib_Keypad4x4.c,91 :: 		
0x0243	0x22      	RET
; end of _Keypad_Key_Click
_Lcd_Chr:
;__Lib_Lcd.c,57 :: 		
;__Lib_Lcd.c,58 :: 		
0x0244	0x8019    	SJMP L_Lcd_Chr8
;__Lib_Lcd.c,59 :: 		
L_Lcd_Chr10:
0x0246	0x751280  	MOV FARG_Lcd_Chr_row, #128
0x0249	0x802E    	SJMP L_Lcd_Chr9
;__Lib_Lcd.c,60 :: 		
L_Lcd_Chr11:
0x024B	0x7512C0  	MOV FARG_Lcd_Chr_row, #192
0x024E	0x8029    	SJMP L_Lcd_Chr9
;__Lib_Lcd.c,61 :: 		
L_Lcd_Chr12:
0x0250	0x751294  	MOV FARG_Lcd_Chr_row, #148
0x0253	0x8024    	SJMP L_Lcd_Chr9
;__Lib_Lcd.c,62 :: 		
L_Lcd_Chr13:
0x0255	0x7512D4  	MOV FARG_Lcd_Chr_row, #212
0x0258	0x801F    	SJMP L_Lcd_Chr9
;__Lib_Lcd.c,63 :: 		
L_Lcd_Chr14:
0x025A	0x751280  	MOV FARG_Lcd_Chr_row, #128
;__Lib_Lcd.c,64 :: 		
0x025D	0x801A    	SJMP L_Lcd_Chr9
L_Lcd_Chr8:
0x025F	0xE512    	MOV A, FARG_Lcd_Chr_row
0x0261	0x6401    	XRL A, #1
0x0263	0x60E1    	JZ L_Lcd_Chr10
0x0265	0xE512    	MOV A, FARG_Lcd_Chr_row
0x0267	0x6402    	XRL A, #2
0x0269	0x60E0    	JZ L_Lcd_Chr11
0x026B	0xE512    	MOV A, FARG_Lcd_Chr_row
0x026D	0x6403    	XRL A, #3
0x026F	0x60DF    	JZ L_Lcd_Chr12
0x0271	0xE512    	MOV A, FARG_Lcd_Chr_row
0x0273	0x6404    	XRL A, #4
0x0275	0x60DE    	JZ L_Lcd_Chr13
0x0277	0x80E1    	SJMP L_Lcd_Chr14
L_Lcd_Chr9:
;__Lib_Lcd.c,66 :: 		
0x0279	0xC3      	CLR C
0x027A	0xE513    	MOV A, FARG_Lcd_Chr_column
0x027C	0x9401    	SUBB A, #1
0x027E	0xF8      	MOV R0, A
0x027F	0xE512    	MOV A, FARG_Lcd_Chr_row
0x0281	0x28      	ADD A, R0
0x0282	0xF8      	MOV R0, A
0x0283	0x850012  	MOV FARG_Lcd_Chr_row, 0
;__Lib_Lcd.c,68 :: 		
0x0286	0x750F01  	MOV _cmd_status, #1
;__Lib_Lcd.c,69 :: 		
0x0289	0x85001B  	MOV FARG_Lcd_Cmd_out_char, 0
0x028C	0x1138    	ACALL _Lcd_Cmd
;__Lib_Lcd.c,71 :: 		
0x028E	0x750F00  	MOV _cmd_status, #0
;__Lib_Lcd.c,72 :: 		
0x0291	0x85141B  	MOV FARG_Lcd_Cmd_out_char, FARG_Lcd_Chr_out_char+0
0x0294	0x1138    	ACALL _Lcd_Cmd
;__Lib_Lcd.c,73 :: 		
0x0296	0x750F01  	MOV _cmd_status, #1
;__Lib_Lcd.c,74 :: 		
0x0299	0x22      	RET
; end of _Lcd_Chr
_LCD_Out:
;__Lib_Lcd.c,176 :: 		
;__Lib_Lcd.c,179 :: 		
0x029A	0x8019    	SJMP L_LCD_Out15
;__Lib_Lcd.c,180 :: 		
L_LCD_Out17:
0x029C	0x751280  	MOV FARG_LCD_Out_row, #128
0x029F	0x802E    	SJMP L_LCD_Out16
;__Lib_Lcd.c,181 :: 		
L_LCD_Out18:
0x02A1	0x7512C0  	MOV FARG_LCD_Out_row, #192
0x02A4	0x8029    	SJMP L_LCD_Out16
;__Lib_Lcd.c,182 :: 		
L_LCD_Out19:
0x02A6	0x751294  	MOV FARG_LCD_Out_row, #148
0x02A9	0x8024    	SJMP L_LCD_Out16
;__Lib_Lcd.c,183 :: 		
L_LCD_Out20:
0x02AB	0x7512D4  	MOV FARG_LCD_Out_row, #212
0x02AE	0x801F    	SJMP L_LCD_Out16
;__Lib_Lcd.c,184 :: 		
L_LCD_Out21:
0x02B0	0x751280  	MOV FARG_LCD_Out_row, #128
;__Lib_Lcd.c,185 :: 		
0x02B3	0x801A    	SJMP L_LCD_Out16
L_LCD_Out15:
0x02B5	0xE512    	MOV A, FARG_LCD_Out_row
0x02B7	0x6401    	XRL A, #1
0x02B9	0x60E1    	JZ L_LCD_Out17
0x02BB	0xE512    	MOV A, FARG_LCD_Out_row
0x02BD	0x6402    	XRL A, #2
0x02BF	0x60E0    	JZ L_LCD_Out18
0x02C1	0xE512    	MOV A, FARG_LCD_Out_row
0x02C3	0x6403    	XRL A, #3
0x02C5	0x60DF    	JZ L_LCD_Out19
0x02C7	0xE512    	MOV A, FARG_LCD_Out_row
0x02C9	0x6404    	XRL A, #4
0x02CB	0x60DE    	JZ L_LCD_Out20
0x02CD	0x80E1    	SJMP L_LCD_Out21
L_LCD_Out16:
;__Lib_Lcd.c,186 :: 		
0x02CF	0xC3      	CLR C
0x02D0	0xE513    	MOV A, FARG_LCD_Out_column
0x02D2	0x9401    	SUBB A, #1
0x02D4	0xF8      	MOV R0, A
0x02D5	0xE512    	MOV A, FARG_LCD_Out_row
0x02D7	0x28      	ADD A, R0
0x02D8	0xF8      	MOV R0, A
0x02D9	0x850012  	MOV FARG_LCD_Out_row, 0
;__Lib_Lcd.c,188 :: 		
0x02DC	0x85001B  	MOV FARG_Lcd_Cmd_out_char, 0
0x02DF	0x1138    	ACALL _Lcd_Cmd
;__Lib_Lcd.c,189 :: 		
0x02E1	0x750F00  	MOV _cmd_status, #0
;__Lib_Lcd.c,190 :: 		
0x02E4	0x751500  	MOV LCD_Out_i_L0, #0
;__Lib_Lcd.c,191 :: 		
L_LCD_Out22:
0x02E7	0xE514    	MOV A, FARG_LCD_Out_text
0x02E9	0x2515    	ADD A, LCD_Out_i_L0
0x02EB	0xF8      	MOV R0, A
0x02EC	0xE6      	MOV A, @R0
0x02ED	0x600D    	JZ L_LCD_Out23
;__Lib_Lcd.c,192 :: 		
0x02EF	0xE514    	MOV A, FARG_LCD_Out_text
0x02F1	0x2515    	ADD A, LCD_Out_i_L0
0x02F3	0xF8      	MOV R0, A
0x02F4	0x8616    	MOV FARG_Lcd_Chr_CP_out_char, @R0
0x02F6	0x3119    	ACALL _Lcd_Chr_CP
0x02F8	0x0515    	INC LCD_Out_i_L0
0x02FA	0x80EB    	SJMP L_LCD_Out22
L_LCD_Out23:
;__Lib_Lcd.c,193 :: 		
0x02FC	0x750F01  	MOV _cmd_status, #1
;__Lib_Lcd.c,194 :: 		
0x02FF	0x22      	RET
; end of _LCD_Out
_main:
0x0300	0x75813E  	MOV SP, #62
0x0303	0x12049E  	LCALL 1182
;BT3a.c,12 :: 		void main() {
;BT3a.c,13 :: 		Keypad_Init(); // Initialize Keypad
0x0306	0x512B    	ACALL _Keypad_Init
;BT3a.c,14 :: 		Lcd_Init(); // Initialize LCD
0x0308	0x318B    	ACALL _Lcd_Init
;BT3a.c,15 :: 		Lcd_Cmd(_LCD_CLEAR); // Clear display
0x030A	0x751B01  	MOV FARG_Lcd_Cmd_out_char, #1
0x030D	0x1138    	ACALL _Lcd_Cmd
;BT3a.c,16 :: 		Lcd_Cmd(_LCD_CURSOR_OFF); // Cursor off
0x030F	0x751B0C  	MOV FARG_Lcd_Cmd_out_char, #12
0x0312	0x1138    	ACALL _Lcd_Cmd
;BT3a.c,17 :: 		Lcd_Out(1, 1, "Bin : "); // Write message text on LCD
0x0314	0x751201  	MOV FARG_LCD_Out_row, #1
0x0317	0x751301  	MOV FARG_LCD_Out_column, #1
0x031A	0x751437  	MOV FARG_LCD_Out_text, lo_addr(?lstr1_BT3a)
0x031D	0x519A    	ACALL _LCD_Out
;BT3a.c,18 :: 		Lcd_Out(2, 1, "Hex: ");
0x031F	0x751202  	MOV FARG_LCD_Out_row, #2
0x0322	0x751301  	MOV FARG_LCD_Out_column, #1
0x0325	0x751431  	MOV FARG_LCD_Out_text, lo_addr(?lstr2_BT3a)
0x0328	0x519A    	ACALL _LCD_Out
;BT3a.c,19 :: 		do {
L_main0:
;BT3a.c,20 :: 		kp = 0; // Reset key code variable
0x032A	0x750D00  	MOV _kp, #0
;BT3a.c,21 :: 		do
L_main3:
;BT3a.c,22 :: 		kp = Keypad_Key_Click(); // Store key code in kp variable
0x032D	0x512F    	ACALL _Keypad_Key_Click
0x032F	0x85000D  	MOV _kp, 0
;BT3a.c,23 :: 		while (!kp);
0x0332	0xE8      	MOV A, R0
0x0333	0x60F8    	JZ L_main3
;BT3a.c,24 :: 		switch (kp) {
0x0335	0x805F    	SJMP L_main6
;BT3a.c,25 :: 		case 1:
L_main8:
;BT3a.c,26 :: 		kp = 49;
0x0337	0x750D31  	MOV _kp, #49
;BT3a.c,27 :: 		bin[i]=1;
0x033A	0x7408    	MOV A, lo_addr(_bin)
0x033C	0x250C    	ADD A, _i
0x033E	0xF8      	MOV R0, A
0x033F	0x7601    	MOV @R0, #1
;BT3a.c,28 :: 		i++;
0x0341	0x050C    	INC _i
;BT3a.c,29 :: 		break; // 1
0x0343	0x61AE    	AJMP L_main7
;BT3a.c,30 :: 		case 14:
L_main9:
;BT3a.c,31 :: 		kp = 48;
0x0345	0x750D30  	MOV _kp, #48
;BT3a.c,32 :: 		bin[i]=0;
0x0348	0x7408    	MOV A, lo_addr(_bin)
0x034A	0x250C    	ADD A, _i
0x034C	0xF8      	MOV R0, A
0x034D	0x7600    	MOV @R0, #0
;BT3a.c,33 :: 		i++;
0x034F	0x050C    	INC _i
;BT3a.c,34 :: 		; break; // 0
0x0351	0x805B    	SJMP L_main7
;BT3a.c,35 :: 		case 15:
L_main10:
;BT3a.c,36 :: 		i=0;
0x0353	0x750C00  	MOV _i, #0
;BT3a.c,37 :: 		cot=8;
0x0356	0x753008  	MOV _cot, #8
;BT3a.c,38 :: 		break; // #
0x0359	0x8053    	SJMP L_main7
;BT3a.c,39 :: 		case 16:
L_main11:
;BT3a.c,40 :: 		Dec=bin[0]*8+bin[1]*4+bin[2]*2+bin[3]*1;
0x035B	0x7803    	MOV R0, #3
0x035D	0xE508    	MOV A, _bin
0x035F	0x08      	INC R0
0x0360	0x8002    	SJMP L__main31
L__main32:
0x0362	0xC3      	CLR C
0x0363	0x33      	RLC A
L__main31:
0x0364	0xD8FC    	DJNZ R0, L__main32
0x0366	0xF511    	MOV _Dec, A
0x0368	0x7902    	MOV R1, #2
0x036A	0xE509    	MOV A, _bin+1
0x036C	0x09      	INC R1
0x036D	0x8002    	SJMP L__main33
L__main34:
0x036F	0xC3      	CLR C
0x0370	0x33      	RLC A
L__main33:
0x0371	0xD9FC    	DJNZ R1, L__main34
0x0373	0xF8      	MOV R0, A
0x0374	0xE511    	MOV A, _Dec
0x0376	0x28      	ADD A, R0
0x0377	0xF511    	MOV _Dec, A
0x0379	0x7901    	MOV R1, #1
0x037B	0xE50A    	MOV A, _bin+2
0x037D	0x09      	INC R1
0x037E	0x8002    	SJMP L__main35
L__main36:
0x0380	0xC3      	CLR C
0x0381	0x33      	RLC A
L__main35:
0x0382	0xD9FC    	DJNZ R1, L__main36
0x0384	0xF8      	MOV R0, A
0x0385	0xE511    	MOV A, _Dec
0x0387	0x28      	ADD A, R0
0x0388	0xF511    	MOV _Dec, A
0x038A	0xA80B    	MOV R0, _bin+3
0x038C	0xE511    	MOV A, _Dec
0x038E	0x28      	ADD A, R0
0x038F	0xF511    	MOV _Dec, A
;BT3a.c,41 :: 		flag=1;
0x0391	0x751001  	MOV _flag, #1
;BT3a.c,42 :: 		break; // D
0x0394	0x8018    	SJMP L_main7
;BT3a.c,43 :: 		}
L_main6:
0x0396	0xE50D    	MOV A, _kp
0x0398	0x6401    	XRL A, #1
0x039A	0x609B    	JZ L_main8
0x039C	0xE50D    	MOV A, _kp
0x039E	0x640E    	XRL A, #14
0x03A0	0x60A3    	JZ L_main9
0x03A2	0xE50D    	MOV A, _kp
0x03A4	0x640F    	XRL A, #15
0x03A6	0x60AB    	JZ L_main10
0x03A8	0xE50D    	MOV A, _kp
0x03AA	0x6410    	XRL A, #16
0x03AC	0x60AD    	JZ L_main11
L_main7:
;BT3a.c,44 :: 		if(flag==1){
0x03AE	0xE510    	MOV A, _flag
0x03B0	0x6401    	XRL A, #1
0x03B2	0x6002    	JZ #2
0x03B4	0x8174    	AJMP L_main12
;BT3a.c,45 :: 		switch (Dec) {
0x03B6	0x8050    	SJMP L_main13
;BT3a.c,46 :: 		case 0:
L_main15:
;BT3a.c,47 :: 		Hex = 48;
0x03B8	0x750E30  	MOV _Hex, #48
;BT3a.c,48 :: 		break; // 0
0x03BB	0x8174    	AJMP L_main14
;BT3a.c,49 :: 		case 1:
L_main16:
;BT3a.c,50 :: 		Hex = 49;
0x03BD	0x750E31  	MOV _Hex, #49
;BT3a.c,51 :: 		break; // 1
0x03C0	0x8174    	AJMP L_main14
;BT3a.c,52 :: 		case 2:
L_main17:
;BT3a.c,53 :: 		Hex = 50;
0x03C2	0x750E32  	MOV _Hex, #50
;BT3a.c,54 :: 		break; // 2
0x03C5	0x8174    	AJMP L_main14
;BT3a.c,55 :: 		case 3:
L_main18:
;BT3a.c,56 :: 		Hex = 51;
0x03C7	0x750E33  	MOV _Hex, #51
;BT3a.c,57 :: 		break; // 3
0x03CA	0x8174    	AJMP L_main14
;BT3a.c,58 :: 		case 4:
L_main19:
;BT3a.c,59 :: 		Hex = 52;
0x03CC	0x750E34  	MOV _Hex, #52
;BT3a.c,60 :: 		break; // 4
0x03CF	0x8174    	AJMP L_main14
;BT3a.c,61 :: 		case 5:
L_main20:
;BT3a.c,62 :: 		Hex = 53;
0x03D1	0x750E35  	MOV _Hex, #53
;BT3a.c,63 :: 		break; // 5
0x03D4	0x8174    	AJMP L_main14
;BT3a.c,64 :: 		case 6:
L_main21:
;BT3a.c,65 :: 		Hex = 54;
0x03D6	0x750E36  	MOV _Hex, #54
;BT3a.c,66 :: 		break; // 6
0x03D9	0x8174    	AJMP L_main14
;BT3a.c,67 :: 		case 7:
L_main22:
;BT3a.c,68 :: 		Hex = 55;
0x03DB	0x750E37  	MOV _Hex, #55
;BT3a.c,69 :: 		break; // 7
0x03DE	0x8174    	AJMP L_main14
;BT3a.c,70 :: 		case 8:
L_main23:
;BT3a.c,71 :: 		Hex = 56;
0x03E0	0x750E38  	MOV _Hex, #56
;BT3a.c,72 :: 		break; // 8
0x03E3	0x8174    	AJMP L_main14
;BT3a.c,73 :: 		case 9:
L_main24:
;BT3a.c,74 :: 		Hex = 57;
0x03E5	0x750E39  	MOV _Hex, #57
;BT3a.c,75 :: 		break; // 9
0x03E8	0x8174    	AJMP L_main14
;BT3a.c,76 :: 		case 10:
L_main25:
;BT3a.c,77 :: 		Hex = 65;
0x03EA	0x750E41  	MOV _Hex, #65
;BT3a.c,78 :: 		break; // A
0x03ED	0x8174    	AJMP L_main14
;BT3a.c,79 :: 		case 11:
L_main26:
;BT3a.c,80 :: 		Hex = 66;
0x03EF	0x750E42  	MOV _Hex, #66
;BT3a.c,81 :: 		break; // B
0x03F2	0x8174    	AJMP L_main14
;BT3a.c,82 :: 		case 12:
L_main27:
;BT3a.c,83 :: 		Hex = 67;
0x03F4	0x750E43  	MOV _Hex, #67
;BT3a.c,84 :: 		break; // C
0x03F7	0x8174    	AJMP L_main14
;BT3a.c,85 :: 		case 13:
L_main28:
;BT3a.c,86 :: 		Hex = 68;
0x03F9	0x750E44  	MOV _Hex, #68
;BT3a.c,87 :: 		break; // D
0x03FC	0x8174    	AJMP L_main14
;BT3a.c,88 :: 		case 14:
L_main29:
;BT3a.c,89 :: 		Hex = 69;
0x03FE	0x750E45  	MOV _Hex, #69
;BT3a.c,90 :: 		break; // E
0x0401	0x8174    	AJMP L_main14
;BT3a.c,91 :: 		case 15:
L_main30:
;BT3a.c,92 :: 		Hex = 70;
0x0403	0x750E46  	MOV _Hex, #70
;BT3a.c,93 :: 		break; // F
0x0406	0x8174    	AJMP L_main14
;BT3a.c,94 :: 		}
L_main13:
0x0408	0xE511    	MOV A, _Dec
0x040A	0x60AC    	JZ L_main15
0x040C	0xE511    	MOV A, _Dec
0x040E	0x6401    	XRL A, #1
0x0410	0x60AB    	JZ L_main16
0x0412	0xE511    	MOV A, _Dec
0x0414	0x6402    	XRL A, #2
0x0416	0x60AA    	JZ L_main17
0x0418	0xE511    	MOV A, _Dec
0x041A	0x6403    	XRL A, #3
0x041C	0x60A9    	JZ L_main18
0x041E	0xE511    	MOV A, _Dec
0x0420	0x6404    	XRL A, #4
0x0422	0x60A8    	JZ L_main19
0x0424	0xE511    	MOV A, _Dec
0x0426	0x6405    	XRL A, #5
0x0428	0x60A7    	JZ L_main20
0x042A	0xE511    	MOV A, _Dec
0x042C	0x6406    	XRL A, #6
0x042E	0x60A6    	JZ L_main21
0x0430	0xE511    	MOV A, _Dec
0x0432	0x6407    	XRL A, #7
0x0434	0x60A5    	JZ L_main22
0x0436	0xE511    	MOV A, _Dec
0x0438	0x6408    	XRL A, #8
0x043A	0x60A4    	JZ L_main23
0x043C	0xE511    	MOV A, _Dec
0x043E	0x6409    	XRL A, #9
0x0440	0x7002    	JNZ #2
0x0442	0x61E5    	AJMP L_main24
0x0444	0xE511    	MOV A, _Dec
0x0446	0x640A    	XRL A, #10
0x0448	0x7002    	JNZ #2
0x044A	0x61EA    	AJMP L_main25
0x044C	0xE511    	MOV A, _Dec
0x044E	0x640B    	XRL A, #11
0x0450	0x7002    	JNZ #2
0x0452	0x61EF    	AJMP L_main26
0x0454	0xE511    	MOV A, _Dec
0x0456	0x640C    	XRL A, #12
0x0458	0x7002    	JNZ #2
0x045A	0x61F4    	AJMP L_main27
0x045C	0xE511    	MOV A, _Dec
0x045E	0x640D    	XRL A, #13
0x0460	0x7002    	JNZ #2
0x0462	0x61F9    	AJMP L_main28
0x0464	0xE511    	MOV A, _Dec
0x0466	0x640E    	XRL A, #14
0x0468	0x7002    	JNZ #2
0x046A	0x61FE    	AJMP L_main29
0x046C	0xE511    	MOV A, _Dec
0x046E	0x640F    	XRL A, #15
0x0470	0x7002    	JNZ #2
0x0472	0x8103    	AJMP L_main30
L_main14:
;BT3a.c,95 :: 		}
L_main12:
;BT3a.c,96 :: 		Lcd_Chr(2, 7, Hex);
0x0474	0x751202  	MOV FARG_Lcd_Chr_row, #2
0x0477	0x751307  	MOV FARG_Lcd_Chr_column, #7
0x047A	0x850E14  	MOV FARG_Lcd_Chr_out_char, _Hex+0
0x047D	0x5144    	ACALL _Lcd_Chr
;BT3a.c,97 :: 		cot++;
0x047F	0x0530    	INC _cot
;BT3a.c,98 :: 		Lcd_Chr(1, cot, kp);
0x0481	0x751201  	MOV FARG_Lcd_Chr_row, #1
0x0484	0x853013  	MOV FARG_Lcd_Chr_column, _cot+0
0x0487	0x850D14  	MOV FARG_Lcd_Chr_out_char, _kp+0
0x048A	0x5144    	ACALL _Lcd_Chr
;BT3a.c,99 :: 		} while (1);
0x048C	0x612A    	AJMP L_main0
;BT3a.c,100 :: 		}
0x048E	0x80FE    	SJMP #254
; end of _main
0x049E	0x7830    	MOV R0, 48
0x04A0	0x790E    	MOV R1, 14
0x04A2	0x758290  	MOV DP0L, 144
0x04A5	0x758304  	MOV DP0H, 4
0x04A8	0x120223  	LCALL 547
0x04AB	0x22      	RET
;BT3a.c,0 :: ?ICS_cot
0x0490	0x05 ;?ICS_cot+0
; end of ?ICS_cot
;BT3a.c,0 :: ?ICS?lstr2_BT3a
0x0491	0x486578 ;?ICS?lstr2_BT3a+0
0x0494	0x3A2000 ;?ICS?lstr2_BT3a+3
; end of ?ICS?lstr2_BT3a
;BT3a.c,0 :: ?ICS?lstr1_BT3a
0x0497	0x42696E ;?ICS?lstr1_BT3a+0
0x049A	0x203A20 ;?ICS?lstr1_BT3a+3
0x049D	0x00 ;?ICS?lstr1_BT3a+6
; end of ?ICS?lstr1_BT3a
Symbol List:
//** Routines locations **
//ADDRESS    SIZE    PROCEDURE
//----------------------------------------------
0x0026      [10]    _Delay_5500us
0x0030       [6]    _Delay_50us
0x0036       [2]    _Delay_1us
0x0038     [219]    _Lcd_Cmd
0x0113       [6]    _Delay_10us
0x0119      [12]    _Lcd_Chr_CP
0x0125     [102]    _Keypad_Key_Press
0x018B     [152]    _Lcd_Init
0x0223       [8]    ___CC2D
0x022B       [4]    _Keypad_Init
0x022F      [21]    _Keypad_Key_Click
0x0244      [86]    _Lcd_Chr
0x029A     [102]    _LCD_Out
0x0300     [400]    _main
//** Variables locations ** 
//ADDRESS    SIZE    VARIABLE
//----------------------------------------------
0x0000       [1]    R0
0x0001       [1]    R1
0x0002       [1]    R2
0x0003       [1]    R3
0x0004       [1]    R4
0x0005       [1]    R5
0x0006       [1]    R6
0x0007       [1]    R7
0x0008       [4]    _bin
0x000C       [1]    _i
0x000D       [1]    _kp
0x000E       [1]    _Hex
0x000F       [1]    _cmd_status
0x0010       [1]    _flag
0x0011       [1]    _Dec
0x0012       [1]    Keypad_Key_Click_rslt_L0
0x0012       [1]    FARG_Lcd_Chr_row
0x0012       [1]    FARG_LCD_Out_row
0x0013       [1]    FARG_Lcd_Chr_column
0x0013       [1]    FARG_LCD_Out_column
0x0014       [1]    FARG_LCD_Out_text
0x0014       [1]    FARG_Lcd_Chr_out_char
0x0015       [1]    LCD_Out_i_L0
0x0016       [1]    FARG_Lcd_Chr_CP_out_char
0x0016       [1]    Keypad_Key_Press_rslt_L0
0x0017       [1]    Keypad_Key_Press_kdata_L0
0x0018       [1]    Keypad_Key_Press_loc_L0
0x0019       [1]    Keypad_Key_Press_rowcnt_L0
0x001A       [1]    Keypad_Key_Press_shifter_L0
0x001B       [1]    FARG_Lcd_Cmd_out_char
0x0030       [1]    _cot
0x0031       [6]    ?lstr2_BT3a
0x0037       [7]    ?lstr1_BT3a
0x0080       [1]    keypadPort
0x0080       [1]    P0
0x0081       [1]    SP
0x0082       [1]    DPL
0x0083       [1]    DPH
0x00A0       [0]    P2_3_bit
0x00A0       [0]    P2_4_bit
0x00A0       [0]    P2_5_bit
0x00A0       [0]    P2_2_bit
0x00A0       [0]    P2_0_bit
0x00A0       [0]    P2_1_bit
0x00A0       [0]    LCD_D5
0x00A0       [0]    LCD_D6
0x00A0       [0]    LCD_D7
0x00A0       [0]    LCD_D4
0x00A0       [0]    LCD_RS
0x00A0       [0]    LCD_EN
0x00D0       [1]    PSW
0x00E0       [1]    ACC
0x00F0       [1]    B
//** Constants locations ** 
//ADDRESS    SIZE    CONSTANT
//----------------------------------------------
0x0490       [1]    ?ICS_cot
0x0491       [6]    ?ICS?lstr2_BT3a
0x0497       [7]    ?ICS?lstr1_BT3a
//** Label List: ** 
//----------------------------------------------
  L_main0
  L_main1
  L_main2
  L_main3
  L_main4
  L_main5
  L_main6
  L_main7
  L_main8
  L_main9
  L_main10
  L_main11
  L_main12
  L_main13
  L_main14
  L_main15
  L_main16
  L_main17
  L_main18
  L_main19
  L_main20
  L_main21
  L_main22
  L_main23
  L_main24
  L_main25
  L_main26
  L_main27
  L_main28
  L_main29
  L_main30
  _main
  L__main31
  L__main32
  L__main33
  L__main34
  L__main35
  L__main36
  L_Delay_Cyc0
  L_Delay_Cyc1
  L_VDelay_ms2
  L_VDelay_ms3
  L_VDelay_ms4
  L_VDelay_ms5
  _Get_Fosc_kHz
  _Delay_1us
  _Delay_10us
  _Delay_22us
  _Delay_50us
  _Delay_80us
  _Delay_500us
  _Delay_5500us
  _Delay_8ms
  _Delay_10ms
  _Delay_100ms
  _Delay_1sec
  _Delay_Cyc
  _VDelay_ms
  L_Keypad_Key_Press0
  L_Keypad_Key_Press1
  L_Keypad_Key_Press2
  L_Keypad_Key_Press3
  L_Keypad_Key_Press4
  L_Keypad_Key_Click5
  L_Keypad_Key_Click6
  _Keypad_Init
  _Keypad_Key_Press
  L__Keypad_Key_Press7
  L__Keypad_Key_Press8
  L__Keypad_Key_Press9
  L__Keypad_Key_Press10
  _Keypad_Key_Click
  L_Lcd_Cmd0
  L_Lcd_Cmd1
  L_Lcd_Cmd2
  L_Lcd_Cmd3
  L_Lcd_Cmd4
  L_Lcd_Cmd5
  L_LCD_Out_CP6
  L_LCD_Out_CP7
  L_Lcd_Chr8
  L_Lcd_Chr9
  L_Lcd_Chr10
  L_Lcd_Chr11
  L_Lcd_Chr12
  L_Lcd_Chr13
  L_Lcd_Chr14
  L_LCD_Out15
  L_LCD_Out16
  L_LCD_Out17
  L_LCD_Out18
  L_LCD_Out19
  L_LCD_Out20
  L_LCD_Out21
  L_LCD_Out22
  L_LCD_Out23
  _Lcd_Cmd
  L__Lcd_Cmd24
  L__Lcd_Cmd25
  L__Lcd_Cmd26
  L__Lcd_Cmd27
  L__Lcd_Cmd28
  L__Lcd_Cmd29
  L__Lcd_Cmd30
  L__Lcd_Cmd31
  L__Lcd_Cmd32
  L__Lcd_Cmd33
  L__Lcd_Cmd34
  L__Lcd_Cmd35
  L__Lcd_Cmd36
  L__Lcd_Cmd37
  L__Lcd_Cmd38
  L__Lcd_Cmd39
  _Lcd_Chr_CP
  _LCD_Out_CP
  _Lcd_Chr
  _Lcd_Init
  _LCD_Out
  _CC2D_Loop1
  _CC2PD_Loop1
  _CC2XD_Loop1
  ___DoIFC
  ___CC2D
  ___CC2PD
  ___CC2XD
