;  LST file generated by mikroListExporter - v.2.0 
; Date/Time: 11/29/2024 9:11:56 PM
;----------------------------------------------

;Address Opcode 	ASM
0x0000	0x0203EE  	LJMP 1006
0x0003	0x020000  	LJMP 0
0x0006	0x00      	NOP
0x0007	0x00      	NOP
0x0008	0x00      	NOP
0x0009	0x00      	NOP
0x000A	0x00      	NOP
0x000B	0x020000  	LJMP 0
0x000E	0x00      	NOP
0x000F	0x00      	NOP
0x0010	0x00      	NOP
0x0011	0x00      	NOP
0x0012	0x00      	NOP
0x0013	0x020000  	LJMP 0
0x0016	0x00      	NOP
0x0017	0x00      	NOP
0x0018	0x00      	NOP
0x0019	0x00      	NOP
0x001A	0x00      	NOP
0x001B	0x020000  	LJMP 0
0x001E	0x00      	NOP
0x001F	0x00      	NOP
0x0020	0x00      	NOP
0x0021	0x00      	NOP
0x0022	0x00      	NOP
0x0023	0x020000  	LJMP 0
_Delay_50us:
;__Lib_Delays.c,138 :: 		void Delay_50us() {
;__Lib_Delays.c,139 :: 		Delay_us(50);
0x0026	0x7F14    	MOV R7, 20
0x0028	0xDFFE    	DJNZ R7, PC-2
0x002A	0x00      	NOP
;__Lib_Delays.c,140 :: 		}
0x002B	0x22      	RET
; end of _Delay_50us
_Delay_5500us:
;__Lib_Delays.c,213 :: 		void Delay_5500us() {
;__Lib_Delays.c,214 :: 		Delay_us(5500);
0x002C	0x7E09    	MOV R6, 9
0x002E	0x7FE9    	MOV R7, 233
0x0030	0xDFFE    	DJNZ R7, PC-2
0x0032	0xDEFC    	DJNZ R6, PC-4
0x0034	0x00      	NOP
;__Lib_Delays.c,215 :: 		}
0x0035	0x22      	RET
; end of _Delay_5500us
_Delay_1us:
;__Lib_Delays.c,63 :: 		void Delay_1us() {
;__Lib_Delays.c,64 :: 		Delay_us(1);
0x0036	0x00      	NOP
;__Lib_Delays.c,65 :: 		}
0x0037	0x22      	RET
; end of _Delay_1us
_Lcd_Cmd:
;__Lib_Lcd.c,13 :: 		
;__Lib_Lcd.c,14 :: 		
0x0038	0xE518    	MOV A, FARG_Lcd_Cmd_out_char
0x003A	0x5480    	ANL A, #128
0x003C	0xF8      	MOV R0, A
0x003D	0x630080  	XRL R0, #128
0x0040	0xE8      	MOV A, R0
0x0041	0x6004    	JZ L__Lcd_Cmd24
0x0043	0x7800    	MOV R0, #0
0x0045	0x8002    	SJMP L__Lcd_Cmd25
L__Lcd_Cmd24:
0x0047	0x7801    	MOV R0, #1
L__Lcd_Cmd25:
0x0049	0xE8      	MOV A, R0
0x004A	0x13      	RRC A
0x004B	0x92A5    	MOV LCD_D7, C
;__Lib_Lcd.c,15 :: 		
0x004D	0xE518    	MOV A, FARG_Lcd_Cmd_out_char
0x004F	0x5440    	ANL A, #64
0x0051	0xF8      	MOV R0, A
0x0052	0x630040  	XRL R0, #64
0x0055	0xE8      	MOV A, R0
0x0056	0x6004    	JZ L__Lcd_Cmd26
0x0058	0x7800    	MOV R0, #0
0x005A	0x8002    	SJMP L__Lcd_Cmd27
L__Lcd_Cmd26:
0x005C	0x7801    	MOV R0, #1
L__Lcd_Cmd27:
0x005E	0xE8      	MOV A, R0
0x005F	0x13      	RRC A
0x0060	0x92A4    	MOV LCD_D6, C
;__Lib_Lcd.c,16 :: 		
0x0062	0xE518    	MOV A, FARG_Lcd_Cmd_out_char
0x0064	0x5420    	ANL A, #32
0x0066	0xF8      	MOV R0, A
0x0067	0x630020  	XRL R0, #32
0x006A	0xE8      	MOV A, R0
0x006B	0x6004    	JZ L__Lcd_Cmd28
0x006D	0x7800    	MOV R0, #0
0x006F	0x8002    	SJMP L__Lcd_Cmd29
L__Lcd_Cmd28:
0x0071	0x7801    	MOV R0, #1
L__Lcd_Cmd29:
0x0073	0xE8      	MOV A, R0
0x0074	0x13      	RRC A
0x0075	0x92A3    	MOV LCD_D5, C
;__Lib_Lcd.c,17 :: 		
0x0077	0xE518    	MOV A, FARG_Lcd_Cmd_out_char
0x0079	0x5410    	ANL A, #16
0x007B	0xF8      	MOV R0, A
0x007C	0x630010  	XRL R0, #16
0x007F	0xE8      	MOV A, R0
0x0080	0x6004    	JZ L__Lcd_Cmd30
0x0082	0x7800    	MOV R0, #0
0x0084	0x8002    	SJMP L__Lcd_Cmd31
L__Lcd_Cmd30:
0x0086	0x7801    	MOV R0, #1
L__Lcd_Cmd31:
0x0088	0xE8      	MOV A, R0
0x0089	0x13      	RRC A
0x008A	0x92A2    	MOV LCD_D4, C
;__Lib_Lcd.c,19 :: 		
0x008C	0xE509    	MOV A, _cmd_status
0x008E	0x6004    	JZ L_Lcd_Cmd0
0x0090	0x7800    	MOV R0, #0
0x0092	0x8002    	SJMP L_Lcd_Cmd1
L_Lcd_Cmd0:
0x0094	0x7801    	MOV R0, #1
L_Lcd_Cmd1:
0x0096	0xE8      	MOV A, R0
0x0097	0x13      	RRC A
0x0098	0x92A0    	MOV LCD_RS, C
;__Lib_Lcd.c,21 :: 		
0x009A	0xD2A1    	SETB LCD_EN
;__Lib_Lcd.c,22 :: 		
0x009C	0x1136    	ACALL _Delay_1us
;__Lib_Lcd.c,23 :: 		
0x009E	0xC2A1    	CLR LCD_EN
;__Lib_Lcd.c,25 :: 		
0x00A0	0xE518    	MOV A, FARG_Lcd_Cmd_out_char
0x00A2	0x5408    	ANL A, #8
0x00A4	0xF8      	MOV R0, A
0x00A5	0x630008  	XRL R0, #8
0x00A8	0xE8      	MOV A, R0
0x00A9	0x6004    	JZ L__Lcd_Cmd32
0x00AB	0x7800    	MOV R0, #0
0x00AD	0x8002    	SJMP L__Lcd_Cmd33
L__Lcd_Cmd32:
0x00AF	0x7801    	MOV R0, #1
L__Lcd_Cmd33:
0x00B1	0xE8      	MOV A, R0
0x00B2	0x13      	RRC A
0x00B3	0x92A5    	MOV LCD_D7, C
;__Lib_Lcd.c,26 :: 		
0x00B5	0xE518    	MOV A, FARG_Lcd_Cmd_out_char
0x00B7	0x5404    	ANL A, #4
0x00B9	0xF8      	MOV R0, A
0x00BA	0x630004  	XRL R0, #4
0x00BD	0xE8      	MOV A, R0
0x00BE	0x6004    	JZ L__Lcd_Cmd34
0x00C0	0x7800    	MOV R0, #0
0x00C2	0x8002    	SJMP L__Lcd_Cmd35
L__Lcd_Cmd34:
0x00C4	0x7801    	MOV R0, #1
L__Lcd_Cmd35:
0x00C6	0xE8      	MOV A, R0
0x00C7	0x13      	RRC A
0x00C8	0x92A4    	MOV LCD_D6, C
;__Lib_Lcd.c,27 :: 		
0x00CA	0xE518    	MOV A, FARG_Lcd_Cmd_out_char
0x00CC	0x5402    	ANL A, #2
0x00CE	0xF8      	MOV R0, A
0x00CF	0x630002  	XRL R0, #2
0x00D2	0xE8      	MOV A, R0
0x00D3	0x6004    	JZ L__Lcd_Cmd36
0x00D5	0x7800    	MOV R0, #0
0x00D7	0x8002    	SJMP L__Lcd_Cmd37
L__Lcd_Cmd36:
0x00D9	0x7801    	MOV R0, #1
L__Lcd_Cmd37:
0x00DB	0xE8      	MOV A, R0
0x00DC	0x13      	RRC A
0x00DD	0x92A3    	MOV LCD_D5, C
;__Lib_Lcd.c,28 :: 		
0x00DF	0xE518    	MOV A, FARG_Lcd_Cmd_out_char
0x00E1	0x5401    	ANL A, #1
0x00E3	0xF8      	MOV R0, A
0x00E4	0x630001  	XRL R0, #1
0x00E7	0xE8      	MOV A, R0
0x00E8	0x6004    	JZ L__Lcd_Cmd38
0x00EA	0x7800    	MOV R0, #0
0x00EC	0x8002    	SJMP L__Lcd_Cmd39
L__Lcd_Cmd38:
0x00EE	0x7801    	MOV R0, #1
L__Lcd_Cmd39:
0x00F0	0xE8      	MOV A, R0
0x00F1	0x13      	RRC A
0x00F2	0x92A2    	MOV LCD_D4, C
;__Lib_Lcd.c,30 :: 		
0x00F4	0xE509    	MOV A, _cmd_status
0x00F6	0x6004    	JZ L_Lcd_Cmd2
0x00F8	0x7800    	MOV R0, #0
0x00FA	0x8002    	SJMP L_Lcd_Cmd3
L_Lcd_Cmd2:
0x00FC	0x7801    	MOV R0, #1
L_Lcd_Cmd3:
0x00FE	0xE8      	MOV A, R0
0x00FF	0x13      	RRC A
0x0100	0x92A0    	MOV LCD_RS, C
;__Lib_Lcd.c,32 :: 		
0x0102	0xD2A1    	SETB LCD_EN
;__Lib_Lcd.c,33 :: 		
0x0104	0x1136    	ACALL _Delay_1us
;__Lib_Lcd.c,34 :: 		
0x0106	0xC2A1    	CLR LCD_EN
;__Lib_Lcd.c,36 :: 		
0x0108	0xE509    	MOV A, _cmd_status
0x010A	0x6004    	JZ L_Lcd_Cmd4
;__Lib_Lcd.c,37 :: 		
0x010C	0x112C    	ACALL _Delay_5500us
0x010E	0x8002    	SJMP L_Lcd_Cmd5
L_Lcd_Cmd4:
;__Lib_Lcd.c,39 :: 		
0x0110	0x1126    	ACALL _Delay_50us
L_Lcd_Cmd5:
;__Lib_Lcd.c,40 :: 		
0x0112	0x22      	RET
; end of _Lcd_Cmd
_Div_16x16_U:
;__Lib_Math.c,273 :: 		
;__Lib_Math.c,275 :: 		
0x0113	0xBD000B  	CJNE R5, 0, __op2hi_not_zero
;__Lib_Math.c,276 :: 		
0x0116	0xB90029  	CJNE R1, 0, __op1hi_not_zero
;__Lib_Math.c,277 :: 		
0x0119	0xE8      	MOV A, R0
;__Lib_Math.c,278 :: 		
0x011A	0x8CF0    	MOV B, R4
;__Lib_Math.c,279 :: 		
0x011C	0x84      	DIV AB
;__Lib_Math.c,280 :: 		
0x011D	0xF8      	MOV R0, A
;__Lib_Math.c,281 :: 		
0x011E	0xACF0    	MOV R4, B
;__Lib_Math.c,282 :: 		
0x0120	0x22      	RET
;__Lib_Math.c,284 :: 		
__op2hi_not_zero:
;__Lib_Math.c,285 :: 		
0x0121	0xE4      	CLR A
;__Lib_Math.c,286 :: 		
0x0122	0xCD      	XCH A, R5
;__Lib_Math.c,287 :: 		
0x0123	0xFF      	MOV R7, A
;__Lib_Math.c,288 :: 		
0x0124	0x75F008  	MOV B, 8
;__Lib_Math.c,290 :: 		
__Div_16x16_U_Loop1:
;__Lib_Math.c,291 :: 		
0x0127	0xE8      	MOV A, R0
;__Lib_Math.c,292 :: 		
0x0128	0x28      	ADD A, R0
;__Lib_Math.c,293 :: 		
0x0129	0xF8      	MOV R0, A
;__Lib_Math.c,294 :: 		
0x012A	0xE9      	MOV A, R1
;__Lib_Math.c,295 :: 		
0x012B	0x33      	RLC A
;__Lib_Math.c,296 :: 		
0x012C	0xF9      	MOV R1, A
;__Lib_Math.c,297 :: 		
0x012D	0xED      	MOV A, R5
;__Lib_Math.c,298 :: 		
0x012E	0x33      	RLC A
;__Lib_Math.c,299 :: 		
0x012F	0xFD      	MOV R5, A
;__Lib_Math.c,300 :: 		
0x0130	0xE9      	MOV A, R1
;__Lib_Math.c,301 :: 		
0x0131	0x9C      	SUBB A, R4
;__Lib_Math.c,302 :: 		
0x0132	0xED      	MOV A, R5
;__Lib_Math.c,303 :: 		
0x0133	0x9F      	SUBB A, R7
;__Lib_Math.c,304 :: 		
0x0134	0x4005    	JC __Div_16x16_U_Lab1
;__Lib_Math.c,305 :: 		
0x0136	0xFD      	MOV R5, A
;__Lib_Math.c,306 :: 		
0x0137	0xE9      	MOV A, R1
;__Lib_Math.c,307 :: 		
0x0138	0x9C      	SUBB A, R4
;__Lib_Math.c,308 :: 		
0x0139	0xF9      	MOV R1, A
;__Lib_Math.c,309 :: 		
0x013A	0x08      	INC R0
;__Lib_Math.c,311 :: 		
__Div_16x16_U_Lab1:
;__Lib_Math.c,312 :: 		
0x013B	0xD5F0E9  	DJNZ B, __Div_16x16_U_Loop1
;__Lib_Math.c,313 :: 		
0x013E	0xE4      	CLR A
;__Lib_Math.c,314 :: 		
0x013F	0xC9      	XCH A, R1
;__Lib_Math.c,315 :: 		
0x0140	0xFC      	MOV R4, A
;__Lib_Math.c,316 :: 		
0x0141	0x22      	RET
;__Lib_Math.c,318 :: 		
__op1hi_not_zero:
;__Lib_Math.c,319 :: 		
0x0142	0xEC      	MOV A, R4
;__Lib_Math.c,320 :: 		
0x0143	0xFF      	MOV R7, A
;__Lib_Math.c,321 :: 		
0x0144	0xF5F0    	MOV B, A
;__Lib_Math.c,322 :: 		
0x0146	0xE9      	MOV A, R1
;__Lib_Math.c,323 :: 		
0x0147	0x84      	DIV AB
;__Lib_Math.c,324 :: 		
0x0148	0x20D21C  	JB OV_bit, __Div_16x16_U_div_ret
;__Lib_Math.c,325 :: 		
0x014B	0xF9      	MOV R1, A
;__Lib_Math.c,326 :: 		
0x014C	0xACF0    	MOV R4, B
;__Lib_Math.c,327 :: 		
0x014E	0x75F008  	MOV B, 8
;__Lib_Math.c,329 :: 		
__Div_16x16_U_Loop2:
;__Lib_Math.c,330 :: 		
0x0151	0xE8      	MOV A, R0
;__Lib_Math.c,331 :: 		
0x0152	0x28      	ADD A, R0
;__Lib_Math.c,332 :: 		
0x0153	0xF8      	MOV R0, A
;__Lib_Math.c,333 :: 		
0x0154	0xEC      	MOV A, R4
;__Lib_Math.c,334 :: 		
0x0155	0x33      	RLC A
;__Lib_Math.c,335 :: 		
0x0156	0xFC      	MOV R4, A
;__Lib_Math.c,336 :: 		
0x0157	0x4007    	JC __Div_16x16_U_Lab2
;__Lib_Math.c,337 :: 		
0x0159	0x9F      	SUBB A, R7
;__Lib_Math.c,338 :: 		
0x015A	0x5006    	JNC __Div_16x16_U_Lab3
;__Lib_Math.c,339 :: 		
0x015C	0xD5F0F2  	DJNZ B, __Div_16x16_U_Loop2
;__Lib_Math.c,340 :: 		
0x015F	0x22      	RET
;__Lib_Math.c,342 :: 		
__Div_16x16_U_Lab2:
;__Lib_Math.c,343 :: 		
0x0160	0xC3      	CLR C
;__Lib_Math.c,344 :: 		
0x0161	0x9F      	SUBB A, R7
;__Lib_Math.c,345 :: 		
__Div_16x16_U_Lab3:
;__Lib_Math.c,346 :: 		
0x0162	0xFC      	MOV R4, A
;__Lib_Math.c,347 :: 		
0x0163	0x08      	INC R0
;__Lib_Math.c,348 :: 		
0x0164	0xD5F0EA  	DJNZ B, __Div_16x16_U_Loop2
;__Lib_Math.c,350 :: 		
__Div_16x16_U_div_ret:
;__Lib_Math.c,352 :: 		
0x0167	0x22      	RET
; end of _Div_16x16_U
_Lcd_Chr_CP:
;__Lib_Lcd.c,42 :: 		
;__Lib_Lcd.c,44 :: 		
0x0168	0x750900  	MOV _cmd_status, #0
;__Lib_Lcd.c,45 :: 		
0x016B	0x851318  	MOV FARG_Lcd_Cmd_out_char, FARG_Lcd_Chr_CP_out_char+0
0x016E	0x1138    	ACALL _Lcd_Cmd
;__Lib_Lcd.c,46 :: 		
0x0170	0x750901  	MOV _cmd_status, #1
;__Lib_Lcd.c,47 :: 		
0x0173	0x22      	RET
; end of _Lcd_Chr_CP
_Keypad_Key_Press:
;__Lib_Keypad4x4.c,46 :: 		
;__Lib_Keypad4x4.c,51 :: 		
0x0174	0x751300  	MOV Keypad_Key_Press_rslt_L0, #0
;__Lib_Keypad4x4.c,52 :: 		
0x0177	0x751500  	MOV Keypad_Key_Press_loc_L0, #0
;__Lib_Keypad4x4.c,53 :: 		
0x017A	0x751600  	MOV Keypad_Key_Press_rowcnt_L0, #0
;__Lib_Keypad4x4.c,54 :: 		
0x017D	0x751710  	MOV Keypad_Key_Press_shifter_L0, #16
;__Lib_Keypad4x4.c,55 :: 		
L_Keypad_Key_Press0:
0x0180	0xC3      	CLR C
0x0181	0xE516    	MOV A, Keypad_Key_Press_rowcnt_L0
0x0183	0x9404    	SUBB A, #4
0x0185	0x5050    	JNC L_Keypad_Key_Press1
;__Lib_Keypad4x4.c,56 :: 		
0x0187	0x7580F0  	MOV keypadPort, #240
;__Lib_Keypad4x4.c,57 :: 		
0x018A	0xE517    	MOV A, Keypad_Key_Press_shifter_L0
0x018C	0x64FF    	XRL A, #255
0x018E	0xF580    	MOV keypadPort, A
;__Lib_Keypad4x4.c,58 :: 		
0x0190	0x1136    	ACALL _Delay_1us
;__Lib_Keypad4x4.c,59 :: 		
0x0192	0x1136    	ACALL _Delay_1us
;__Lib_Keypad4x4.c,60 :: 		
0x0194	0xE580    	MOV A, keypadPort
0x0196	0x44F0    	ORL A, #240
0x0198	0xF8      	MOV R0, A
0x0199	0x850014  	MOV Keypad_Key_Press_kdata_L0, 0
;__Lib_Keypad4x4.c,61 :: 		
0x019C	0x6300FF  	XRL R0, #255
0x019F	0x850014  	MOV Keypad_Key_Press_kdata_L0, 0
;__Lib_Keypad4x4.c,62 :: 		
0x01A2	0xE8      	MOV A, R0
0x01A3	0x601B    	JZ L_Keypad_Key_Press2
;__Lib_Keypad4x4.c,64 :: 		
0x01A5	0x851513  	MOV Keypad_Key_Press_rslt_L0, Keypad_Key_Press_loc_L0+0
;__Lib_Keypad4x4.c,65 :: 		
L_Keypad_Key_Press3:
0x01A8	0xE514    	MOV A, Keypad_Key_Press_kdata_L0
0x01AA	0x6011    	JZ L_Keypad_Key_Press4
;__Lib_Keypad4x4.c,66 :: 		
0x01AC	0x7801    	MOV R0, #1
0x01AE	0xE514    	MOV A, Keypad_Key_Press_kdata_L0
0x01B0	0x08      	INC R0
0x01B1	0x8002    	SJMP L__Keypad_Key_Press7
L__Keypad_Key_Press8:
0x01B3	0xC3      	CLR C
0x01B4	0x13      	RRC A
L__Keypad_Key_Press7:
0x01B5	0xD8FC    	DJNZ R0, L__Keypad_Key_Press8
0x01B7	0xF514    	MOV Keypad_Key_Press_kdata_L0, A
;__Lib_Keypad4x4.c,67 :: 		
0x01B9	0x0513    	INC Keypad_Key_Press_rslt_L0
;__Lib_Keypad4x4.c,68 :: 		
0x01BB	0x80EB    	SJMP L_Keypad_Key_Press3
L_Keypad_Key_Press4:
;__Lib_Keypad4x4.c,70 :: 		
0x01BD	0x751604  	MOV Keypad_Key_Press_rowcnt_L0, #4
;__Lib_Keypad4x4.c,71 :: 		
L_Keypad_Key_Press2:
;__Lib_Keypad4x4.c,72 :: 		
0x01C0	0x7801    	MOV R0, #1
0x01C2	0xE517    	MOV A, Keypad_Key_Press_shifter_L0
0x01C4	0x08      	INC R0
0x01C5	0x8002    	SJMP L__Keypad_Key_Press9
L__Keypad_Key_Press10:
0x01C7	0xC3      	CLR C
0x01C8	0x33      	RLC A
L__Keypad_Key_Press9:
0x01C9	0xD8FC    	DJNZ R0, L__Keypad_Key_Press10
0x01CB	0xF517    	MOV Keypad_Key_Press_shifter_L0, A
;__Lib_Keypad4x4.c,73 :: 		
0x01CD	0xE515    	MOV A, Keypad_Key_Press_loc_L0
0x01CF	0x2404    	ADD A, #4
0x01D1	0xF515    	MOV Keypad_Key_Press_loc_L0, A
;__Lib_Keypad4x4.c,74 :: 		
0x01D3	0x0516    	INC Keypad_Key_Press_rowcnt_L0
;__Lib_Keypad4x4.c,75 :: 		
0x01D5	0x80A9    	SJMP L_Keypad_Key_Press0
L_Keypad_Key_Press1:
;__Lib_Keypad4x4.c,77 :: 		
0x01D7	0xA813    	MOV R0, Keypad_Key_Press_rslt_L0
;__Lib_Keypad4x4.c,78 :: 		
0x01D9	0x22      	RET
; end of _Keypad_Key_Press
_Delay_10us:
;__Lib_Delays.c,88 :: 		void Delay_10us() {
;__Lib_Delays.c,89 :: 		Delay_us(10);
0x01DA	0x7F03    	MOV R7, 3
0x01DC	0xDFFE    	DJNZ R7, PC-2
0x01DE	0x00      	NOP
;__Lib_Delays.c,90 :: 		}
0x01DF	0x22      	RET
; end of _Delay_10us
_Keypad_Key_Click:
;__Lib_Keypad4x4.c,81 :: 		
;__Lib_Keypad4x4.c,85 :: 		
0x01E0	0x3174    	ACALL _Keypad_Key_Press
0x01E2	0x85000F  	MOV Keypad_Key_Click_rslt_L0, 0
;__Lib_Keypad4x4.c,87 :: 		
L_Keypad_Key_Click5:
0x01E5	0xE580    	MOV A, keypadPort
0x01E7	0x540F    	ANL A, #15
0x01E9	0xF9      	MOV R1, A
0x01EA	0x640F    	XRL A, #15
0x01EC	0x6004    	JZ L_Keypad_Key_Click6
;__Lib_Keypad4x4.c,88 :: 		
0x01EE	0x31DA    	ACALL _Delay_10us
0x01F0	0x80F3    	SJMP L_Keypad_Key_Click5
L_Keypad_Key_Click6:
;__Lib_Keypad4x4.c,90 :: 		
0x01F2	0xA80F    	MOV R0, Keypad_Key_Click_rslt_L0
;__Lib_Keypad4x4.c,91 :: 		
0x01F4	0x22      	RET
; end of _Keypad_Key_Click
_LCD_Out:
;__Lib_Lcd.c,176 :: 		
;__Lib_Lcd.c,179 :: 		
0x01F5	0x8019    	SJMP L_LCD_Out15
;__Lib_Lcd.c,180 :: 		
L_LCD_Out17:
0x01F7	0x750F80  	MOV FARG_LCD_Out_row, #128
0x01FA	0x802E    	SJMP L_LCD_Out16
;__Lib_Lcd.c,181 :: 		
L_LCD_Out18:
0x01FC	0x750FC0  	MOV FARG_LCD_Out_row, #192
0x01FF	0x8029    	SJMP L_LCD_Out16
;__Lib_Lcd.c,182 :: 		
L_LCD_Out19:
0x0201	0x750F94  	MOV FARG_LCD_Out_row, #148
0x0204	0x8024    	SJMP L_LCD_Out16
;__Lib_Lcd.c,183 :: 		
L_LCD_Out20:
0x0206	0x750FD4  	MOV FARG_LCD_Out_row, #212
0x0209	0x801F    	SJMP L_LCD_Out16
;__Lib_Lcd.c,184 :: 		
L_LCD_Out21:
0x020B	0x750F80  	MOV FARG_LCD_Out_row, #128
;__Lib_Lcd.c,185 :: 		
0x020E	0x801A    	SJMP L_LCD_Out16
L_LCD_Out15:
0x0210	0xE50F    	MOV A, FARG_LCD_Out_row
0x0212	0x6401    	XRL A, #1
0x0214	0x60E1    	JZ L_LCD_Out17
0x0216	0xE50F    	MOV A, FARG_LCD_Out_row
0x0218	0x6402    	XRL A, #2
0x021A	0x60E0    	JZ L_LCD_Out18
0x021C	0xE50F    	MOV A, FARG_LCD_Out_row
0x021E	0x6403    	XRL A, #3
0x0220	0x60DF    	JZ L_LCD_Out19
0x0222	0xE50F    	MOV A, FARG_LCD_Out_row
0x0224	0x6404    	XRL A, #4
0x0226	0x60DE    	JZ L_LCD_Out20
0x0228	0x80E1    	SJMP L_LCD_Out21
L_LCD_Out16:
;__Lib_Lcd.c,186 :: 		
0x022A	0xC3      	CLR C
0x022B	0xE510    	MOV A, FARG_LCD_Out_column
0x022D	0x9401    	SUBB A, #1
0x022F	0xF8      	MOV R0, A
0x0230	0xE50F    	MOV A, FARG_LCD_Out_row
0x0232	0x28      	ADD A, R0
0x0233	0xF8      	MOV R0, A
0x0234	0x85000F  	MOV FARG_LCD_Out_row, 0
;__Lib_Lcd.c,188 :: 		
0x0237	0x850018  	MOV FARG_Lcd_Cmd_out_char, 0
0x023A	0x1138    	ACALL _Lcd_Cmd
;__Lib_Lcd.c,189 :: 		
0x023C	0x750900  	MOV _cmd_status, #0
;__Lib_Lcd.c,190 :: 		
0x023F	0x751200  	MOV LCD_Out_i_L0, #0
;__Lib_Lcd.c,191 :: 		
L_LCD_Out22:
0x0242	0xE511    	MOV A, FARG_LCD_Out_text
0x0244	0x2512    	ADD A, LCD_Out_i_L0
0x0246	0xF8      	MOV R0, A
0x0247	0xE6      	MOV A, @R0
0x0248	0x600D    	JZ L_LCD_Out23
;__Lib_Lcd.c,192 :: 		
0x024A	0xE511    	MOV A, FARG_LCD_Out_text
0x024C	0x2512    	ADD A, LCD_Out_i_L0
0x024E	0xF8      	MOV R0, A
0x024F	0x8613    	MOV FARG_Lcd_Chr_CP_out_char, @R0
0x0251	0x3168    	ACALL _Lcd_Chr_CP
0x0253	0x0512    	INC LCD_Out_i_L0
0x0255	0x80EB    	SJMP L_LCD_Out22
L_LCD_Out23:
;__Lib_Lcd.c,193 :: 		
0x0257	0x750901  	MOV _cmd_status, #1
;__Lib_Lcd.c,194 :: 		
0x025A	0x22      	RET
; end of _LCD_Out
_Lcd_Init:
;__Lib_Lcd.c,76 :: 		
;__Lib_Lcd.c,78 :: 		
0x025B	0xC2A1    	CLR LCD_EN
;__Lib_Lcd.c,80 :: 		
0x025D	0xC2A0    	CLR LCD_RS
;__Lib_Lcd.c,83 :: 		
0x025F	0x112C    	ACALL _Delay_5500us
;__Lib_Lcd.c,84 :: 		
0x0261	0x112C    	ACALL _Delay_5500us
;__Lib_Lcd.c,85 :: 		
0x0263	0x112C    	ACALL _Delay_5500us
;__Lib_Lcd.c,87 :: 		
0x0265	0xC2A5    	CLR LCD_D7
;__Lib_Lcd.c,88 :: 		
0x0267	0xC2A4    	CLR LCD_D6
;__Lib_Lcd.c,89 :: 		
0x0269	0xC2A3    	CLR LCD_D5
;__Lib_Lcd.c,90 :: 		
0x026B	0xC2A2    	CLR LCD_D4
;__Lib_Lcd.c,93 :: 		
0x026D	0xD2A3    	SETB LCD_D5
;__Lib_Lcd.c,94 :: 		
0x026F	0xD2A2    	SETB LCD_D4
;__Lib_Lcd.c,95 :: 		
0x0271	0xD2A1    	SETB LCD_EN
;__Lib_Lcd.c,96 :: 		
0x0273	0x1136    	ACALL _Delay_1us
;__Lib_Lcd.c,97 :: 		
0x0275	0xC2A1    	CLR LCD_EN
;__Lib_Lcd.c,98 :: 		
0x0277	0x112C    	ACALL _Delay_5500us
;__Lib_Lcd.c,100 :: 		
0x0279	0xD2A1    	SETB LCD_EN
;__Lib_Lcd.c,101 :: 		
0x027B	0x1136    	ACALL _Delay_1us
;__Lib_Lcd.c,102 :: 		
0x027D	0xC2A1    	CLR LCD_EN
;__Lib_Lcd.c,103 :: 		
0x027F	0x112C    	ACALL _Delay_5500us
;__Lib_Lcd.c,105 :: 		
0x0281	0xD2A1    	SETB LCD_EN
;__Lib_Lcd.c,106 :: 		
0x0283	0x1136    	ACALL _Delay_1us
;__Lib_Lcd.c,107 :: 		
0x0285	0xC2A1    	CLR LCD_EN
;__Lib_Lcd.c,108 :: 		
0x0287	0x112C    	ACALL _Delay_5500us
;__Lib_Lcd.c,111 :: 		
0x0289	0xD2A3    	SETB LCD_D5
;__Lib_Lcd.c,112 :: 		
0x028B	0xC2A2    	CLR LCD_D4
;__Lib_Lcd.c,113 :: 		
0x028D	0xD2A1    	SETB LCD_EN
;__Lib_Lcd.c,114 :: 		
0x028F	0x1136    	ACALL _Delay_1us
;__Lib_Lcd.c,115 :: 		
0x0291	0xC2A1    	CLR LCD_EN
;__Lib_Lcd.c,116 :: 		
0x0293	0x112C    	ACALL _Delay_5500us
;__Lib_Lcd.c,119 :: 		
0x0295	0xC2A5    	CLR LCD_D7
;__Lib_Lcd.c,120 :: 		
0x0297	0xC2A4    	CLR LCD_D6
;__Lib_Lcd.c,121 :: 		
0x0299	0xC2A3    	CLR LCD_D5
;__Lib_Lcd.c,122 :: 		
0x029B	0xD2A3    	SETB LCD_D5
;__Lib_Lcd.c,123 :: 		
0x029D	0xC2A2    	CLR LCD_D4
;__Lib_Lcd.c,124 :: 		
0x029F	0xD2A1    	SETB LCD_EN
;__Lib_Lcd.c,125 :: 		
0x02A1	0x1136    	ACALL _Delay_1us
;__Lib_Lcd.c,126 :: 		
0x02A3	0xC2A1    	CLR LCD_EN
;__Lib_Lcd.c,127 :: 		
0x02A5	0xC2A3    	CLR LCD_D5
;__Lib_Lcd.c,128 :: 		
0x02A7	0xD2A5    	SETB LCD_D7
;__Lib_Lcd.c,129 :: 		
0x02A9	0xD2A1    	SETB LCD_EN
;__Lib_Lcd.c,130 :: 		
0x02AB	0x1136    	ACALL _Delay_1us
;__Lib_Lcd.c,131 :: 		
0x02AD	0xC2A1    	CLR LCD_EN
;__Lib_Lcd.c,132 :: 		
0x02AF	0x112C    	ACALL _Delay_5500us
;__Lib_Lcd.c,135 :: 		
0x02B1	0xC2A5    	CLR LCD_D7
;__Lib_Lcd.c,136 :: 		
0x02B3	0xD2A2    	SETB LCD_D4
;__Lib_Lcd.c,137 :: 		
0x02B5	0xD2A1    	SETB LCD_EN
;__Lib_Lcd.c,138 :: 		
0x02B7	0x1136    	ACALL _Delay_1us
;__Lib_Lcd.c,139 :: 		
0x02B9	0xC2A1    	CLR LCD_EN
;__Lib_Lcd.c,140 :: 		
0x02BB	0xC2A2    	CLR LCD_D4
;__Lib_Lcd.c,141 :: 		
0x02BD	0xD2A1    	SETB LCD_EN
;__Lib_Lcd.c,142 :: 		
0x02BF	0x1136    	ACALL _Delay_1us
;__Lib_Lcd.c,143 :: 		
0x02C1	0xC2A1    	CLR LCD_EN
;__Lib_Lcd.c,144 :: 		
0x02C3	0x112C    	ACALL _Delay_5500us
;__Lib_Lcd.c,147 :: 		
0x02C5	0xC2A2    	CLR LCD_D4
;__Lib_Lcd.c,148 :: 		
0x02C7	0xD2A1    	SETB LCD_EN
;__Lib_Lcd.c,149 :: 		
0x02C9	0x1136    	ACALL _Delay_1us
;__Lib_Lcd.c,150 :: 		
0x02CB	0xC2A1    	CLR LCD_EN
;__Lib_Lcd.c,151 :: 		
0x02CD	0xD2A2    	SETB LCD_D4
;__Lib_Lcd.c,152 :: 		
0x02CF	0xD2A1    	SETB LCD_EN
;__Lib_Lcd.c,153 :: 		
0x02D1	0x1136    	ACALL _Delay_1us
;__Lib_Lcd.c,154 :: 		
0x02D3	0xC2A1    	CLR LCD_EN
;__Lib_Lcd.c,155 :: 		
0x02D5	0x112C    	ACALL _Delay_5500us
;__Lib_Lcd.c,158 :: 		
0x02D7	0xC2A2    	CLR LCD_D4
;__Lib_Lcd.c,159 :: 		
0x02D9	0xD2A1    	SETB LCD_EN
;__Lib_Lcd.c,160 :: 		
0x02DB	0x1136    	ACALL _Delay_1us
;__Lib_Lcd.c,161 :: 		
0x02DD	0xC2A1    	CLR LCD_EN
;__Lib_Lcd.c,163 :: 		
0x02DF	0xD2A5    	SETB LCD_D7
;__Lib_Lcd.c,164 :: 		
0x02E1	0xD2A4    	SETB LCD_D6
;__Lib_Lcd.c,165 :: 		
0x02E3	0xD2A3    	SETB LCD_D5
;__Lib_Lcd.c,166 :: 		
0x02E5	0xD2A2    	SETB LCD_D4
;__Lib_Lcd.c,167 :: 		
0x02E7	0xD2A1    	SETB LCD_EN
;__Lib_Lcd.c,168 :: 		
0x02E9	0x1136    	ACALL _Delay_1us
;__Lib_Lcd.c,169 :: 		
0x02EB	0xC2A1    	CLR LCD_EN
;__Lib_Lcd.c,171 :: 		
0x02ED	0x112C    	ACALL _Delay_5500us
;__Lib_Lcd.c,173 :: 		
0x02EF	0x750901  	MOV _cmd_status, #1
;__Lib_Lcd.c,174 :: 		
0x02F2	0x22      	RET
; end of _Lcd_Init
___CC2D:
;__Lib_System.c,13 :: 		
;__Lib_System.c,15 :: 		
_CC2D_Loop1:
;__Lib_System.c,16 :: 		
0x02F3	0xE4      	CLR A
;__Lib_System.c,17 :: 		
0x02F4	0x93      	MOVC A, @A+DPTR
;__Lib_System.c,18 :: 		
0x02F5	0xF6      	MOV @R0, A
;__Lib_System.c,19 :: 		
0x02F6	0x08      	INC R0
;__Lib_System.c,20 :: 		
0x02F7	0xA3      	INC DPTR
;__Lib_System.c,21 :: 		
0x02F8	0xD9F9    	DJNZ R1, _CC2D_Loop1
;__Lib_System.c,23 :: 		
0x02FA	0x22      	RET
; end of ___CC2D
_Keypad_Init:
;__Lib_Keypad4x4.c,40 :: 		
;__Lib_Keypad4x4.c,41 :: 		
0x02FB	0x7580FF  	MOV keypadPort, #255
;__Lib_Keypad4x4.c,42 :: 		
0x02FE	0x22      	RET
; end of _Keypad_Init
_Div_16x16_S:
;__Lib_Math.c,371 :: 		
;__Lib_Math.c,373 :: 		
0x02FF	0xC2D5    	CLR F0_bit
;__Lib_Math.c,374 :: 		
0x0301	0xED      	MOV A, R5
;__Lib_Math.c,375 :: 		
0x0302	0x30E709  	JNB 231, __Div_16x16_S_op2hipositive
;__Lib_Math.c,376 :: 		
0x0305	0xB2D5    	CPL F0_bit
;__Lib_Math.c,377 :: 		
0x0307	0xE4      	CLR A
;__Lib_Math.c,378 :: 		
0x0308	0xC3      	CLR C
;__Lib_Math.c,379 :: 		
0x0309	0x9C      	SUBB A, R4
;__Lib_Math.c,380 :: 		
0x030A	0xFC      	MOV R4, A
;__Lib_Math.c,381 :: 		
0x030B	0xE4      	CLR A
;__Lib_Math.c,382 :: 		
0x030C	0x9D      	SUBB A, R5
;__Lib_Math.c,383 :: 		
0x030D	0xFD      	MOV R5, A
;__Lib_Math.c,385 :: 		
__Div_16x16_S_op2hipositive:
;__Lib_Math.c,386 :: 		
0x030E	0xE9      	MOV A, R1
;__Lib_Math.c,387 :: 		
0x030F	0x30E715  	JNB 231, __Div_16x16_S_op1hipositive
;__Lib_Math.c,388 :: 		
0x0312	0xB2D5    	CPL F0_bit
;__Lib_Math.c,389 :: 		
0x0314	0xE4      	CLR A
;__Lib_Math.c,390 :: 		
0x0315	0xC3      	CLR C
;__Lib_Math.c,391 :: 		
0x0316	0x98      	SUBB A, R0
;__Lib_Math.c,392 :: 		
0x0317	0xF8      	MOV R0, A
;__Lib_Math.c,393 :: 		
0x0318	0xE4      	CLR A
;__Lib_Math.c,394 :: 		
0x0319	0x99      	SUBB A, R1
;__Lib_Math.c,395 :: 		
0x031A	0xF9      	MOV R1, A
;__Lib_Math.c,396 :: 		
0x031B	0x120113  	LCALL _Div_16x16_U
;__Lib_Math.c,397 :: 		
0x031E	0xC3      	CLR C
;__Lib_Math.c,398 :: 		
0x031F	0xE4      	CLR A
;__Lib_Math.c,399 :: 		
0x0320	0x9C      	SUBB A, R4
;__Lib_Math.c,400 :: 		
0x0321	0xFC      	MOV R4, A
;__Lib_Math.c,401 :: 		
0x0322	0xE4      	CLR A
;__Lib_Math.c,402 :: 		
0x0323	0x9D      	SUBB A, R5
;__Lib_Math.c,403 :: 		
0x0324	0xFD      	MOV R5, A
;__Lib_Math.c,404 :: 		
0x0325	0x8003    	SJMP __Div_16x16_S_Skip_Udiv
;__Lib_Math.c,406 :: 		
__Div_16x16_S_op1hipositive:
;__Lib_Math.c,407 :: 		
0x0327	0x120113  	LCALL _Div_16x16_U
;__Lib_Math.c,409 :: 		
__Div_16x16_S_Skip_Udiv:
;__Lib_Math.c,410 :: 		
0x032A	0x30D507  	JNB F0_bit, __Div_16x16_S_div_ret
;__Lib_Math.c,411 :: 		
0x032D	0xC3      	CLR C
;__Lib_Math.c,412 :: 		
0x032E	0xE4      	CLR A
;__Lib_Math.c,413 :: 		
0x032F	0x98      	SUBB A, R0
;__Lib_Math.c,414 :: 		
0x0330	0xF8      	MOV R0, A
;__Lib_Math.c,415 :: 		
0x0331	0xE4      	CLR A
;__Lib_Math.c,416 :: 		
0x0332	0x99      	SUBB A, R1
;__Lib_Math.c,417 :: 		
0x0333	0xF9      	MOV R1, A
;__Lib_Math.c,419 :: 		
__Div_16x16_S_div_ret:
;__Lib_Math.c,421 :: 		
0x0334	0x22      	RET
; end of _Div_16x16_S
_decToHex:
;BT3b.c,20 :: 		char decToHex(unsigned short dec) {
;BT3b.c,21 :: 		if (dec >= 0 && dec <= 9) {
0x0335	0xC3      	CLR C
0x0336	0xE50F    	MOV A, FARG_decToHex_dec
0x0338	0x9400    	SUBB A, #0
0x033A	0x400D    	JC L_decToHex9
0x033C	0xD3      	SETB C
0x033D	0xE50F    	MOV A, FARG_decToHex_dec
0x033F	0x9409    	SUBB A, #9
0x0341	0x5006    	JNC L_decToHex9
L__decToHex49:
;BT3b.c,22 :: 		return dec + '0';
0x0343	0xE50F    	MOV A, FARG_decToHex_dec
0x0345	0x2430    	ADD A, #48
0x0347	0xF8      	MOV R0, A
0x0348	0x22      	RET
;BT3b.c,23 :: 		} else if (dec >= 10 && dec <= 15) {
L_decToHex9:
0x0349	0xC3      	CLR C
0x034A	0xE50F    	MOV A, FARG_decToHex_dec
0x034C	0x940A    	SUBB A, #10
0x034E	0x4013    	JC L_decToHex13
0x0350	0xD3      	SETB C
0x0351	0xE50F    	MOV A, FARG_decToHex_dec
0x0353	0x940F    	SUBB A, #15
0x0355	0x500C    	JNC L_decToHex13
L__decToHex48:
;BT3b.c,24 :: 		return dec - 10 + 'A';
0x0357	0xC3      	CLR C
0x0358	0xE50F    	MOV A, FARG_decToHex_dec
0x035A	0x940A    	SUBB A, #10
0x035C	0xF9      	MOV R1, A
0x035D	0x7841    	MOV R0, #65
0x035F	0xE9      	MOV A, R1
0x0360	0x28      	ADD A, R0
0x0361	0xF8      	MOV R0, A
0x0362	0x22      	RET
;BT3b.c,25 :: 		}
L_decToHex13:
;BT3b.c,26 :: 		return '0';
0x0363	0x7830    	MOV R0, #48
;BT3b.c,27 :: 		}
0x0365	0x22      	RET
; end of _decToHex
_Lcd_Chr:
;__Lib_Lcd.c,57 :: 		
;__Lib_Lcd.c,58 :: 		
0x0366	0x8019    	SJMP L_Lcd_Chr8
;__Lib_Lcd.c,59 :: 		
L_Lcd_Chr10:
0x0368	0x750F80  	MOV FARG_Lcd_Chr_row, #128
0x036B	0x802E    	SJMP L_Lcd_Chr9
;__Lib_Lcd.c,60 :: 		
L_Lcd_Chr11:
0x036D	0x750FC0  	MOV FARG_Lcd_Chr_row, #192
0x0370	0x8029    	SJMP L_Lcd_Chr9
;__Lib_Lcd.c,61 :: 		
L_Lcd_Chr12:
0x0372	0x750F94  	MOV FARG_Lcd_Chr_row, #148
0x0375	0x8024    	SJMP L_Lcd_Chr9
;__Lib_Lcd.c,62 :: 		
L_Lcd_Chr13:
0x0377	0x750FD4  	MOV FARG_Lcd_Chr_row, #212
0x037A	0x801F    	SJMP L_Lcd_Chr9
;__Lib_Lcd.c,63 :: 		
L_Lcd_Chr14:
0x037C	0x750F80  	MOV FARG_Lcd_Chr_row, #128
;__Lib_Lcd.c,64 :: 		
0x037F	0x801A    	SJMP L_Lcd_Chr9
L_Lcd_Chr8:
0x0381	0xE50F    	MOV A, FARG_Lcd_Chr_row
0x0383	0x6401    	XRL A, #1
0x0385	0x60E1    	JZ L_Lcd_Chr10
0x0387	0xE50F    	MOV A, FARG_Lcd_Chr_row
0x0389	0x6402    	XRL A, #2
0x038B	0x60E0    	JZ L_Lcd_Chr11
0x038D	0xE50F    	MOV A, FARG_Lcd_Chr_row
0x038F	0x6403    	XRL A, #3
0x0391	0x60DF    	JZ L_Lcd_Chr12
0x0393	0xE50F    	MOV A, FARG_Lcd_Chr_row
0x0395	0x6404    	XRL A, #4
0x0397	0x60DE    	JZ L_Lcd_Chr13
0x0399	0x80E1    	SJMP L_Lcd_Chr14
L_Lcd_Chr9:
;__Lib_Lcd.c,66 :: 		
0x039B	0xC3      	CLR C
0x039C	0xE510    	MOV A, FARG_Lcd_Chr_column
0x039E	0x9401    	SUBB A, #1
0x03A0	0xF8      	MOV R0, A
0x03A1	0xE50F    	MOV A, FARG_Lcd_Chr_row
0x03A3	0x28      	ADD A, R0
0x03A4	0xF8      	MOV R0, A
0x03A5	0x85000F  	MOV FARG_Lcd_Chr_row, 0
;__Lib_Lcd.c,68 :: 		
0x03A8	0x750901  	MOV _cmd_status, #1
;__Lib_Lcd.c,69 :: 		
0x03AB	0x850018  	MOV FARG_Lcd_Cmd_out_char, 0
0x03AE	0x1138    	ACALL _Lcd_Cmd
;__Lib_Lcd.c,71 :: 		
0x03B0	0x750900  	MOV _cmd_status, #0
;__Lib_Lcd.c,72 :: 		
0x03B3	0x851118  	MOV FARG_Lcd_Cmd_out_char, FARG_Lcd_Chr_out_char+0
0x03B6	0x1138    	ACALL _Lcd_Cmd
;__Lib_Lcd.c,73 :: 		
0x03B8	0x750901  	MOV _cmd_status, #1
;__Lib_Lcd.c,74 :: 		
0x03BB	0x22      	RET
; end of _Lcd_Chr
_hexToDec:
;BT3b.c,12 :: 		unsigned short hexToDec(char hex) {
;BT3b.c,13 :: 		if (hex >= '0' && hex <= '9') {
0x03BC	0xC3      	CLR C
0x03BD	0xE50F    	MOV A, FARG_hexToDec_hex
0x03BF	0x9430    	SUBB A, #48
0x03C1	0x400E    	JC L_hexToDec2
0x03C3	0xD3      	SETB C
0x03C4	0xE50F    	MOV A, FARG_hexToDec_hex
0x03C6	0x9439    	SUBB A, #57
0x03C8	0x5007    	JNC L_hexToDec2
L__hexToDec47:
;BT3b.c,14 :: 		return hex - '0';
0x03CA	0xC3      	CLR C
0x03CB	0xE50F    	MOV A, FARG_hexToDec_hex
0x03CD	0x9430    	SUBB A, #48
0x03CF	0xF8      	MOV R0, A
0x03D0	0x22      	RET
;BT3b.c,15 :: 		} else if (hex >= 'A' && hex <= 'F') {
L_hexToDec2:
0x03D1	0xC3      	CLR C
0x03D2	0xE50F    	MOV A, FARG_hexToDec_hex
0x03D4	0x9441    	SUBB A, #65
0x03D6	0x4013    	JC L_hexToDec6
0x03D8	0xD3      	SETB C
0x03D9	0xE50F    	MOV A, FARG_hexToDec_hex
0x03DB	0x9446    	SUBB A, #70
0x03DD	0x500C    	JNC L_hexToDec6
L__hexToDec46:
;BT3b.c,16 :: 		return hex - 'A' + 10;
0x03DF	0xC3      	CLR C
0x03E0	0xE50F    	MOV A, FARG_hexToDec_hex
0x03E2	0x9441    	SUBB A, #65
0x03E4	0xF9      	MOV R1, A
0x03E5	0x780A    	MOV R0, #10
0x03E7	0xE9      	MOV A, R1
0x03E8	0x28      	ADD A, R0
0x03E9	0xF8      	MOV R0, A
0x03EA	0x22      	RET
;BT3b.c,17 :: 		}
L_hexToDec6:
;BT3b.c,18 :: 		return 0;
0x03EB	0x7800    	MOV R0, #0
;BT3b.c,19 :: 		}
0x03ED	0x22      	RET
; end of _hexToDec
_main:
0x03EE	0x75814B  	MOV SP, #75
0x03F1	0x120631  	LCALL 1585
;BT3b.c,28 :: 		void main() {
;BT3b.c,29 :: 		unsigned short firstNumber = 0, secondNumber = 0, sum, product;
0x03F4	0x750A00  	MOV main_firstNumber_L0, #0
0x03F7	0x750B00  	MOV main_secondNumber_L0, #0
0x03FA	0x750C00  	MOV main_inputCount_L0, #0
;BT3b.c,30 :: 		unsigned short inputCount = 0;
;BT3b.c,31 :: 		Keypad_Init(); // Initialize Keypad
0x03FD	0x51FB    	ACALL _Keypad_Init
;BT3b.c,32 :: 		Lcd_Init(); // Initialize LCD
0x03FF	0x515B    	ACALL _Lcd_Init
;BT3b.c,33 :: 		Lcd_Cmd(_LCD_CLEAR); // Clear display
0x0401	0x751801  	MOV FARG_Lcd_Cmd_out_char, #1
0x0404	0x1138    	ACALL _Lcd_Cmd
;BT3b.c,34 :: 		Lcd_Cmd(_LCD_CURSOR_OFF); // Cursor off
0x0406	0x75180C  	MOV FARG_Lcd_Cmd_out_char, #12
0x0409	0x1138    	ACALL _Lcd_Cmd
;BT3b.c,35 :: 		Lcd_Out(1, 1, "so1: "); // Write message text on LCD
0x040B	0x750F01  	MOV FARG_LCD_Out_row, #1
0x040E	0x751001  	MOV FARG_LCD_Out_column, #1
0x0411	0x751145  	MOV FARG_LCD_Out_text, lo_addr(?lstr1_BT3b)
0x0414	0x31F5    	ACALL _LCD_Out
;BT3b.c,36 :: 		Lcd_Out(2, 1, "So2: ");
0x0416	0x750F02  	MOV FARG_LCD_Out_row, #2
0x0419	0x751001  	MOV FARG_LCD_Out_column, #1
0x041C	0x75113F  	MOV FARG_LCD_Out_text, lo_addr(?lstr2_BT3b)
0x041F	0x31F5    	ACALL _LCD_Out
;BT3b.c,37 :: 		do {
L_main14:
;BT3b.c,38 :: 		kp = 0; // Reset key code variable
0x0421	0x750800  	MOV _kp, #0
;BT3b.c,39 :: 		do
L_main17:
;BT3b.c,40 :: 		kp = Keypad_Key_Click(); // Store key code in kp variable
0x0424	0x31E0    	ACALL _Keypad_Key_Click
0x0426	0x850008  	MOV _kp, 0
;BT3b.c,41 :: 		while (!kp);
0x0429	0xE8      	MOV A, R0
0x042A	0x60F8    	JZ L_main17
;BT3b.c,42 :: 		switch (kp) {
0x042C	0x8050    	SJMP L_main20
;BT3b.c,43 :: 		case 1:
L_main22:
;BT3b.c,44 :: 		kp = '1';
0x042E	0x750831  	MOV _kp, #49
;BT3b.c,45 :: 		break; // 1
0x0431	0x81EC    	AJMP L_main21
;BT3b.c,46 :: 		case 2:
L_main23:
;BT3b.c,47 :: 		kp = '2';
0x0433	0x750832  	MOV _kp, #50
;BT3b.c,48 :: 		break; // 2
0x0436	0x81EC    	AJMP L_main21
;BT3b.c,49 :: 		case 3:
L_main24:
;BT3b.c,50 :: 		kp = '3';
0x0438	0x750833  	MOV _kp, #51
;BT3b.c,51 :: 		break; // 3
0x043B	0x81EC    	AJMP L_main21
;BT3b.c,52 :: 		case 4:
L_main25:
;BT3b.c,53 :: 		kp = 'A';
0x043D	0x750841  	MOV _kp, #65
;BT3b.c,54 :: 		break; // A
0x0440	0x81EC    	AJMP L_main21
;BT3b.c,55 :: 		case 5:
L_main26:
;BT3b.c,56 :: 		kp = '4';
0x0442	0x750834  	MOV _kp, #52
;BT3b.c,57 :: 		break; // 4
0x0445	0x81EC    	AJMP L_main21
;BT3b.c,58 :: 		case 6:
L_main27:
;BT3b.c,59 :: 		kp = '5';
0x0447	0x750835  	MOV _kp, #53
;BT3b.c,60 :: 		break; // 5
0x044A	0x81EC    	AJMP L_main21
;BT3b.c,61 :: 		case 7:
L_main28:
;BT3b.c,62 :: 		kp = '6';
0x044C	0x750836  	MOV _kp, #54
;BT3b.c,63 :: 		break; // 6
0x044F	0x81EC    	AJMP L_main21
;BT3b.c,64 :: 		case 8:
L_main29:
;BT3b.c,65 :: 		kp = 'B';
0x0451	0x750842  	MOV _kp, #66
;BT3b.c,66 :: 		break; // B
0x0454	0x81EC    	AJMP L_main21
;BT3b.c,67 :: 		case 9:
L_main30:
;BT3b.c,68 :: 		kp = '7';
0x0456	0x750837  	MOV _kp, #55
;BT3b.c,69 :: 		break; // 7
0x0459	0x81EC    	AJMP L_main21
;BT3b.c,70 :: 		case 10:
L_main31:
;BT3b.c,71 :: 		kp = '8';
0x045B	0x750838  	MOV _kp, #56
;BT3b.c,72 :: 		break; // 8
0x045E	0x81EC    	AJMP L_main21
;BT3b.c,73 :: 		case 11:
L_main32:
;BT3b.c,74 :: 		kp = '9';
0x0460	0x750839  	MOV _kp, #57
;BT3b.c,75 :: 		break; // 9
0x0463	0x81EC    	AJMP L_main21
;BT3b.c,76 :: 		case 12:
L_main33:
;BT3b.c,77 :: 		kp = 'C';
0x0465	0x750843  	MOV _kp, #67
;BT3b.c,78 :: 		break; // C
0x0468	0x81EC    	AJMP L_main21
;BT3b.c,79 :: 		case 13:
L_main34:
;BT3b.c,80 :: 		kp = '*';
0x046A	0x75082A  	MOV _kp, #42
;BT3b.c,81 :: 		break; // *
0x046D	0x81EC    	AJMP L_main21
;BT3b.c,82 :: 		case 14:
L_main35:
;BT3b.c,83 :: 		kp = '0';
0x046F	0x750830  	MOV _kp, #48
;BT3b.c,84 :: 		break; // 0
0x0472	0x81EC    	AJMP L_main21
;BT3b.c,85 :: 		case 15:
L_main36:
;BT3b.c,86 :: 		kp = '#';
0x0474	0x750823  	MOV _kp, #35
;BT3b.c,87 :: 		break; // #
0x0477	0x81EC    	AJMP L_main21
;BT3b.c,88 :: 		case 16:
L_main37:
;BT3b.c,89 :: 		kp = 'D';
0x0479	0x750844  	MOV _kp, #68
;BT3b.c,90 :: 		break; // D
0x047C	0x81EC    	AJMP L_main21
;BT3b.c,91 :: 		}
L_main20:
0x047E	0xE508    	MOV A, _kp
0x0480	0x6401    	XRL A, #1
0x0482	0x60AA    	JZ L_main22
0x0484	0xE508    	MOV A, _kp
0x0486	0x6402    	XRL A, #2
0x0488	0x60A9    	JZ L_main23
0x048A	0xE508    	MOV A, _kp
0x048C	0x6403    	XRL A, #3
0x048E	0x60A8    	JZ L_main24
0x0490	0xE508    	MOV A, _kp
0x0492	0x6404    	XRL A, #4
0x0494	0x60A7    	JZ L_main25
0x0496	0xE508    	MOV A, _kp
0x0498	0x6405    	XRL A, #5
0x049A	0x60A6    	JZ L_main26
0x049C	0xE508    	MOV A, _kp
0x049E	0x6406    	XRL A, #6
0x04A0	0x60A5    	JZ L_main27
0x04A2	0xE508    	MOV A, _kp
0x04A4	0x6407    	XRL A, #7
0x04A6	0x60A4    	JZ L_main28
0x04A8	0xE508    	MOV A, _kp
0x04AA	0x6408    	XRL A, #8
0x04AC	0x60A3    	JZ L_main29
0x04AE	0xE508    	MOV A, _kp
0x04B0	0x6409    	XRL A, #9
0x04B2	0x60A2    	JZ L_main30
0x04B4	0xE508    	MOV A, _kp
0x04B6	0x640A    	XRL A, #10
0x04B8	0x7002    	JNZ #2
0x04BA	0x815B    	AJMP L_main31
0x04BC	0xE508    	MOV A, _kp
0x04BE	0x640B    	XRL A, #11
0x04C0	0x7002    	JNZ #2
0x04C2	0x8160    	AJMP L_main32
0x04C4	0xE508    	MOV A, _kp
0x04C6	0x640C    	XRL A, #12
0x04C8	0x7002    	JNZ #2
0x04CA	0x8165    	AJMP L_main33
0x04CC	0xE508    	MOV A, _kp
0x04CE	0x640D    	XRL A, #13
0x04D0	0x7002    	JNZ #2
0x04D2	0x816A    	AJMP L_main34
0x04D4	0xE508    	MOV A, _kp
0x04D6	0x640E    	XRL A, #14
0x04D8	0x7002    	JNZ #2
0x04DA	0x816F    	AJMP L_main35
0x04DC	0xE508    	MOV A, _kp
0x04DE	0x640F    	XRL A, #15
0x04E0	0x7002    	JNZ #2
0x04E2	0x8174    	AJMP L_main36
0x04E4	0xE508    	MOV A, _kp
0x04E6	0x6410    	XRL A, #16
0x04E8	0x7002    	JNZ #2
0x04EA	0x8179    	AJMP L_main37
L_main21:
;BT3b.c,92 :: 		if (kp == '#') {
0x04EC	0xE508    	MOV A, _kp
0x04EE	0x6423    	XRL A, #35
0x04F0	0x701A    	JNZ L_main38
;BT3b.c,93 :: 		inputCount++;
0x04F2	0x050C    	INC main_inputCount_L0
;BT3b.c,94 :: 		cot = inputCount == 1 ? cot + 1 : cot;
0x04F4	0xE50C    	MOV A, main_inputCount_L0
0x04F6	0x6401    	XRL A, #1
0x04F8	0x7009    	JNZ L_main39
0x04FA	0xE53E    	MOV A, _cot
0x04FC	0x2401    	ADD A, #1
0x04FE	0xF8      	MOV R0, A
0x04FF	0xE4      	CLR A
0x0500	0xF9      	MOV R1, A
0x0501	0x8004    	SJMP L_main40
L_main39:
0x0503	0xA83E    	MOV R0, _cot
0x0505	0xE4      	CLR A
0x0506	0xF9      	MOV R1, A
L_main40:
0x0507	0x85003E  	MOV _cot, 0
;BT3b.c,95 :: 		} else if (inputCount == 0) {
0x050A	0x8054    	SJMP L_main41
L_main38:
0x050C	0xE50C    	MOV A, main_inputCount_L0
0x050E	0x7026    	JNZ L_main42
;BT3b.c,96 :: 		firstNumber *=16;
0x0510	0x7804    	MOV R0, #4
0x0512	0xE50A    	MOV A, main_firstNumber_L0
0x0514	0x08      	INC R0
0x0515	0x8002    	SJMP L__main50
L__main51:
0x0517	0xC3      	CLR C
0x0518	0x33      	RLC A
L__main50:
0x0519	0xD8FC    	DJNZ R0, L__main51
0x051B	0xF50A    	MOV main_firstNumber_L0, A
;BT3b.c,97 :: 		firstNumber += hexToDec(kp);
0x051D	0x85080F  	MOV FARG_hexToDec_hex, _kp+0
0x0520	0x71BC    	ACALL _hexToDec
0x0522	0xE50A    	MOV A, main_firstNumber_L0
0x0524	0x28      	ADD A, R0
0x0525	0xF50A    	MOV main_firstNumber_L0, A
;BT3b.c,98 :: 		Lcd_Chr(1, cot++, kp);
0x0527	0x750F01  	MOV FARG_Lcd_Chr_row, #1
0x052A	0x853E10  	MOV FARG_Lcd_Chr_column, _cot+0
0x052D	0x850811  	MOV FARG_Lcd_Chr_out_char, _kp+0
0x0530	0x7166    	ACALL _Lcd_Chr
0x0532	0x053E    	INC _cot
;BT3b.c,99 :: 		} else if (inputCount ==1) {
0x0534	0x802A    	SJMP L_main43
L_main42:
0x0536	0xE50C    	MOV A, main_inputCount_L0
0x0538	0x6401    	XRL A, #1
0x053A	0x7024    	JNZ L_main44
;BT3b.c,100 :: 		secondNumber *=16;
0x053C	0x7804    	MOV R0, #4
0x053E	0xE50B    	MOV A, main_secondNumber_L0
0x0540	0x08      	INC R0
0x0541	0x8002    	SJMP L__main52
L__main53:
0x0543	0xC3      	CLR C
0x0544	0x33      	RLC A
L__main52:
0x0545	0xD8FC    	DJNZ R0, L__main53
0x0547	0xF50B    	MOV main_secondNumber_L0, A
;BT3b.c,101 :: 		secondNumber += hexToDec(kp);
0x0549	0x85080F  	MOV FARG_hexToDec_hex, _kp+0
0x054C	0x71BC    	ACALL _hexToDec
0x054E	0xE50B    	MOV A, main_secondNumber_L0
0x0550	0x28      	ADD A, R0
0x0551	0xF50B    	MOV main_secondNumber_L0, A
;BT3b.c,102 :: 		Lcd_Chr(2, cot++, kp);
0x0553	0x750F02  	MOV FARG_Lcd_Chr_row, #2
0x0556	0x853E10  	MOV FARG_Lcd_Chr_column, _cot+0
0x0559	0x850811  	MOV FARG_Lcd_Chr_out_char, _kp+0
0x055C	0x7166    	ACALL _Lcd_Chr
0x055E	0x053E    	INC _cot
;BT3b.c,103 :: 		}
L_main44:
L_main43:
L_main41:
;BT3b.c,104 :: 		if (inputCount ==2) {
0x0560	0xE50C    	MOV A, main_inputCount_L0
0x0562	0x6402    	XRL A, #2
0x0564	0x6002    	JZ #2
0x0566	0xC112    	AJMP L_main45
;BT3b.c,105 :: 		sum = firstNumber + secondNumber;
0x0568	0xE50A    	MOV A, main_firstNumber_L0
0x056A	0x250B    	ADD A, main_secondNumber_L0
0x056C	0xF50D    	MOV main_sum_L0, A
;BT3b.c,106 :: 		product = firstNumber * secondNumber;
0x056E	0x850BF0  	MOV B, main_secondNumber_L0+0
0x0571	0xE50A    	MOV A, main_firstNumber_L0
0x0573	0xA4      	MUL AB
0x0574	0xF8      	MOV R0, A
0x0575	0x85000E  	MOV main_product_L0, 0
;BT3b.c,107 :: 		Lcd_Cmd(_LCD_CLEAR);
0x0578	0x751801  	MOV FARG_Lcd_Cmd_out_char, #1
0x057B	0x1138    	ACALL _Lcd_Cmd
;BT3b.c,108 :: 		Lcd_Out(1,1,"tong: ");
0x057D	0x750F01  	MOV FARG_LCD_Out_row, #1
0x0580	0x751001  	MOV FARG_LCD_Out_column, #1
0x0583	0x751137  	MOV FARG_LCD_Out_text, lo_addr(?lstr3_BT3b)
0x0586	0x31F5    	ACALL _LCD_Out
;BT3b.c,109 :: 		Lcd_Chr(1,6,decToHex(sum/16));
0x0588	0x7804    	MOV R0, #4
0x058A	0xE50D    	MOV A, main_sum_L0
0x058C	0x08      	INC R0
0x058D	0x8002    	SJMP L__main54
L__main55:
0x058F	0xC3      	CLR C
0x0590	0x13      	RRC A
L__main54:
0x0591	0xD8FC    	DJNZ R0, L__main55
0x0593	0xF50F    	MOV FARG_decToHex_dec, A
0x0595	0x7135    	ACALL _decToHex
0x0597	0x850011  	MOV FARG_Lcd_Chr_out_char, 0
0x059A	0x750F01  	MOV FARG_Lcd_Chr_row, #1
0x059D	0x751006  	MOV FARG_Lcd_Chr_column, #6
0x05A0	0x7166    	ACALL _Lcd_Chr
;BT3b.c,110 :: 		Lcd_Chr(1,7,decToHex(sum%16));
0x05A2	0xE50D    	MOV A, main_sum_L0
0x05A4	0x540F    	ANL A, #15
0x05A6	0xF50F    	MOV FARG_decToHex_dec, A
0x05A8	0x7135    	ACALL _decToHex
0x05AA	0x850011  	MOV FARG_Lcd_Chr_out_char, 0
0x05AD	0x750F01  	MOV FARG_Lcd_Chr_row, #1
0x05B0	0x751007  	MOV FARG_Lcd_Chr_column, #7
0x05B3	0x7166    	ACALL _Lcd_Chr
;BT3b.c,111 :: 		Lcd_Out(2,1,"tich: ");
0x05B5	0x750F02  	MOV FARG_LCD_Out_row, #2
0x05B8	0x751001  	MOV FARG_LCD_Out_column, #1
0x05BB	0x751130  	MOV FARG_LCD_Out_text, lo_addr(?lstr4_BT3b)
0x05BE	0x31F5    	ACALL _LCD_Out
;BT3b.c,112 :: 		Lcd_Chr(2,10,decToHex(product/256));
0x05C0	0x85000F  	MOV FARG_decToHex_dec, 0
0x05C3	0x7135    	ACALL _decToHex
0x05C5	0x850011  	MOV FARG_Lcd_Chr_out_char, 0
0x05C8	0x750F02  	MOV FARG_Lcd_Chr_row, #2
0x05CB	0x75100A  	MOV FARG_Lcd_Chr_column, #10
0x05CE	0x7166    	ACALL _Lcd_Chr
;BT3b.c,113 :: 		Lcd_Chr(2,11,decToHex((product%256)/16));
0x05D0	0x7C00    	MOV R4, #0
0x05D2	0x7D01    	MOV R5, #1
0x05D4	0xA80E    	MOV R0, main_product_L0
0x05D6	0xE4      	CLR A
0x05D7	0xF9      	MOV R1, A
0x05D8	0x51FF    	ACALL _Div_16x16_S
0x05DA	0xA804    	MOV R0, R4
0x05DC	0xA905    	MOV R1, R5
0x05DE	0x7C04    	MOV R4, #4
0x05E0	0xE9      	MOV A, R1
0x05E1	0xAA00    	MOV R2, R0
0x05E3	0x0C      	INC R4
0x05E4	0x8006    	SJMP L__main56
L__main57:
0x05E6	0xA2E7    	MOV C, #231
0x05E8	0x13      	RRC A
0x05E9	0xCA      	XCH A, R2
0x05EA	0x13      	RRC A
0x05EB	0xCA      	XCH A, R2
L__main56:
0x05EC	0xDCF8    	DJNZ R4, L__main57
0x05EE	0xFB      	MOV R3, A
0x05EF	0x85020F  	MOV FARG_decToHex_dec, 2
0x05F2	0x7135    	ACALL _decToHex
0x05F4	0x850011  	MOV FARG_Lcd_Chr_out_char, 0
0x05F7	0x750F02  	MOV FARG_Lcd_Chr_row, #2
0x05FA	0x75100B  	MOV FARG_Lcd_Chr_column, #11
0x05FD	0x7166    	ACALL _Lcd_Chr
;BT3b.c,114 :: 		Lcd_Chr(2,12,decToHex(product%16));
0x05FF	0xE50E    	MOV A, main_product_L0
0x0601	0x540F    	ANL A, #15
0x0603	0xF50F    	MOV FARG_decToHex_dec, A
0x0605	0x7135    	ACALL _decToHex
0x0607	0x850011  	MOV FARG_Lcd_Chr_out_char, 0
0x060A	0x750F02  	MOV FARG_Lcd_Chr_row, #2
0x060D	0x75100C  	MOV FARG_Lcd_Chr_column, #12
0x0610	0x7166    	ACALL _Lcd_Chr
;BT3b.c,115 :: 		}
L_main45:
;BT3b.c,116 :: 		} while (1);
0x0612	0x8121    	AJMP L_main14
;BT3b.c,117 :: 		}
0x0614	0x80FE    	SJMP #254
; end of _main
0x0631	0x7830    	MOV R0, 48
0x0633	0x791B    	MOV R1, 27
0x0635	0x758216  	MOV DP0L, 22
0x0638	0x758306  	MOV DP0H, 6
0x063B	0x1202F3  	LCALL 755
0x063E	0x22      	RET
;BT3b.c,0 :: ?ICS?lstr4_BT3b
0x0616	0x746963 ;?ICS?lstr4_BT3b+0
0x0619	0x683A20 ;?ICS?lstr4_BT3b+3
0x061C	0x00 ;?ICS?lstr4_BT3b+6
; end of ?ICS?lstr4_BT3b
;BT3b.c,0 :: ?ICS?lstr3_BT3b
0x061D	0x746F6E ;?ICS?lstr3_BT3b+0
0x0620	0x673A20 ;?ICS?lstr3_BT3b+3
0x0623	0x00 ;?ICS?lstr3_BT3b+6
; end of ?ICS?lstr3_BT3b
;BT3b.c,0 :: ?ICS_cot
0x0624	0x05 ;?ICS_cot+0
; end of ?ICS_cot
;BT3b.c,0 :: ?ICS?lstr2_BT3b
0x0625	0x536F32 ;?ICS?lstr2_BT3b+0
0x0628	0x3A2000 ;?ICS?lstr2_BT3b+3
; end of ?ICS?lstr2_BT3b
;BT3b.c,0 :: ?ICS?lstr1_BT3b
0x062B	0x736F31 ;?ICS?lstr1_BT3b+0
0x062E	0x3A2000 ;?ICS?lstr1_BT3b+3
; end of ?ICS?lstr1_BT3b
Symbol List:
//** Routines locations **
//ADDRESS    SIZE    PROCEDURE
//----------------------------------------------
0x0026       [6]    _Delay_50us
0x002C      [10]    _Delay_5500us
0x0036       [2]    _Delay_1us
0x0038     [219]    _Lcd_Cmd
0x0113      [85]    _Div_16x16_U
0x0168      [12]    _Lcd_Chr_CP
0x0174     [102]    _Keypad_Key_Press
0x01DA       [6]    _Delay_10us
0x01E0      [21]    _Keypad_Key_Click
0x01F5     [102]    _LCD_Out
0x025B     [152]    _Lcd_Init
0x02F3       [8]    ___CC2D
0x02FB       [4]    _Keypad_Init
0x02FF      [54]    _Div_16x16_S
0x0335      [49]    _decToHex
0x0366      [86]    _Lcd_Chr
0x03BC      [50]    _hexToDec
0x03EE     [552]    _main
//** Variables locations ** 
//ADDRESS    SIZE    VARIABLE
//----------------------------------------------
0x0000       [1]    R0
0x0001       [1]    R1
0x0002       [1]    R2
0x0003       [1]    R3
0x0004       [1]    R4
0x0005       [1]    R5
0x0006       [1]    R6
0x0007       [1]    R7
0x0008       [1]    _kp
0x0009       [1]    _cmd_status
0x000A       [1]    main_firstNumber_L0
0x000B       [1]    main_secondNumber_L0
0x000C       [1]    main_inputCount_L0
0x000D       [1]    main_sum_L0
0x000E       [1]    main_product_L0
0x000F       [1]    Keypad_Key_Click_rslt_L0
0x000F       [1]    FARG_hexToDec_hex
0x000F       [1]    FARG_LCD_Out_row
0x000F       [1]    FARG_decToHex_dec
0x000F       [1]    FARG_Lcd_Chr_row
0x0010       [1]    FARG_Lcd_Chr_column
0x0010       [1]    FARG_LCD_Out_column
0x0011       [1]    FARG_LCD_Out_text
0x0011       [1]    FARG_Lcd_Chr_out_char
0x0012       [1]    LCD_Out_i_L0
0x0013       [1]    Keypad_Key_Press_rslt_L0
0x0013       [1]    FARG_Lcd_Chr_CP_out_char
0x0014       [1]    Keypad_Key_Press_kdata_L0
0x0015       [1]    Keypad_Key_Press_loc_L0
0x0016       [1]    Keypad_Key_Press_rowcnt_L0
0x0017       [1]    Keypad_Key_Press_shifter_L0
0x0018       [1]    FARG_Lcd_Cmd_out_char
0x0030       [7]    ?lstr4_BT3b
0x0037       [7]    ?lstr3_BT3b
0x003E       [1]    _cot
0x003F       [6]    ?lstr2_BT3b
0x0045       [6]    ?lstr1_BT3b
0x0080       [1]    keypadPort
0x0080       [1]    P0
0x0081       [1]    SP
0x0082       [1]    DPL
0x0083       [1]    DPH
0x00A0       [0]    P2_2_bit
0x00A0       [0]    P2_3_bit
0x00A0       [0]    P2_1_bit
0x00A0       [0]    P2_0_bit
0x00A0       [0]    P2_4_bit
0x00A0       [0]    LCD_RS
0x00A0       [0]    LCD_EN
0x00A0       [0]    P2_5_bit
0x00A0       [0]    LCD_D5
0x00A0       [0]    LCD_D4
0x00A0       [0]    LCD_D7
0x00A0       [0]    LCD_D6
0x00D0       [1]    PSW
0x00D0       [0]    F0_bit
0x00D0       [0]    OV_bit
0x00E0       [1]    ACC
0x00F0       [1]    B
//** Constants locations ** 
//ADDRESS    SIZE    CONSTANT
//----------------------------------------------
0x0616       [7]    ?ICS?lstr4_BT3b
0x061D       [7]    ?ICS?lstr3_BT3b
0x0624       [1]    ?ICS_cot
0x0625       [6]    ?ICS?lstr2_BT3b
0x062B       [6]    ?ICS?lstr1_BT3b
//** Label List: ** 
//----------------------------------------------
  L_hexToDec0
  L_hexToDec1
  L_hexToDec2
  L_hexToDec3
  L_hexToDec4
  L_hexToDec5
  L_hexToDec6
  L_decToHex7
  L_decToHex8
  L_decToHex9
  L_decToHex10
  L_decToHex11
  L_decToHex12
  L_decToHex13
  L_main14
  L_main15
  L_main16
  L_main17
  L_main18
  L_main19
  L_main20
  L_main21
  L_main22
  L_main23
  L_main24
  L_main25
  L_main26
  L_main27
  L_main28
  L_main29
  L_main30
  L_main31
  L_main32
  L_main33
  L_main34
  L_main35
  L_main36
  L_main37
  L_main38
  L_main39
  L_main40
  L_main41
  L_main42
  L_main43
  L_main44
  L_main45
  L__hexToDec46
  L__hexToDec47
  L__decToHex48
  L__decToHex49
  _hexToDec
  _decToHex
  _main
  L__main50
  L__main51
  L__main52
  L__main53
  L__main54
  L__main55
  L__main56
  L__main57
  L_Delay_Cyc0
  L_Delay_Cyc1
  L_VDelay_ms2
  L_VDelay_ms3
  L_VDelay_ms4
  L_VDelay_ms5
  _Get_Fosc_kHz
  _Delay_1us
  _Delay_10us
  _Delay_22us
  _Delay_50us
  _Delay_80us
  _Delay_500us
  _Delay_5500us
  _Delay_8ms
  _Delay_10ms
  _Delay_100ms
  _Delay_1sec
  _Delay_Cyc
  _VDelay_ms
  L_Keypad_Key_Press0
  L_Keypad_Key_Press1
  L_Keypad_Key_Press2
  L_Keypad_Key_Press3
  L_Keypad_Key_Press4
  L_Keypad_Key_Click5
  L_Keypad_Key_Click6
  _Keypad_Init
  _Keypad_Key_Press
  L__Keypad_Key_Press7
  L__Keypad_Key_Press8
  L__Keypad_Key_Press9
  L__Keypad_Key_Press10
  _Keypad_Key_Click
  L_Lcd_Cmd0
  L_Lcd_Cmd1
  L_Lcd_Cmd2
  L_Lcd_Cmd3
  L_Lcd_Cmd4
  L_Lcd_Cmd5
  L_LCD_Out_CP6
  L_LCD_Out_CP7
  L_Lcd_Chr8
  L_Lcd_Chr9
  L_Lcd_Chr10
  L_Lcd_Chr11
  L_Lcd_Chr12
  L_Lcd_Chr13
  L_Lcd_Chr14
  L_LCD_Out15
  L_LCD_Out16
  L_LCD_Out17
  L_LCD_Out18
  L_LCD_Out19
  L_LCD_Out20
  L_LCD_Out21
  L_LCD_Out22
  L_LCD_Out23
  _Lcd_Cmd
  L__Lcd_Cmd24
  L__Lcd_Cmd25
  L__Lcd_Cmd26
  L__Lcd_Cmd27
  L__Lcd_Cmd28
  L__Lcd_Cmd29
  L__Lcd_Cmd30
  L__Lcd_Cmd31
  L__Lcd_Cmd32
  L__Lcd_Cmd33
  L__Lcd_Cmd34
  L__Lcd_Cmd35
  L__Lcd_Cmd36
  L__Lcd_Cmd37
  L__Lcd_Cmd38
  L__Lcd_Cmd39
  _Lcd_Chr_CP
  _LCD_Out_CP
  _Lcd_Chr
  _Lcd_Init
  _LCD_Out
  lab_end
  loop_lab
  lab_end1
  lab_loop1
  lab_end2
  lab_loop3
  __Div_8x8_S_Bpositive
  __Div_8x8_S_Apositive
  __Div_8x8_S_Skip_Div
  __Div_8x8_S_div_ret
  __op2hi_not_zero
  __op1hi_not_zero
  __Div_16x16_U_Loop1
  __Div_16x16_U_Lab1
  __Div_16x16_U_div_ret
  __Div_16x16_U_Loop2
  __Div_16x16_U_Lab2
  __Div_16x16_U_Lab3
  __Div_16x16_S_op2hipositive
  __Div_16x16_S_op1hipositive
  __Div_16x16_S_Skip_Udiv
  __Div_16x16_S_div_ret
  __Div_32x32_U_start
  __Div_32x32_U_aux
  __Div_32x32_U_l2
  __Div_32x32_U_l1
  lw_1
  lw_2
  __Div_32x32_U_l3
  lw_3
  __Div_32x32_U_l4
  __Div_32x32_U_IR_l0
  __Div_32x32_U_l5
  __Div_32x32_U_l6
  __Div_32x32_U_l8
  __Div_32x32_U_l7
  __Div_32x32_U_IR_l1
  __Div_32x32_U_l10
  __Div_32x32_U_l9
  __Div_32x32_U_IR_l2
  __Div_32x32_S_l1
  __Div_32x32_S_call_uns
  __Div_32x32_S_l2
  __Div_32x32_S_l3
  __Div_32x32_S_div_ret
  __shl_long
  __shr_longint
  __shr_longword
  _Mul_16x16
  _Mul_32x32
  _Div_8x8_S
  _Div_16x16_U
  _Div_16x16_S
  _Div_32x32_U
  _Div_32x32_S
  _CC2D_Loop1
  _CC2PD_Loop1
  _CC2XD_Loop1
  ___DoIFC
  ___CC2D
  ___CC2PD
  ___CC2XD
