;  LST file generated by mikroListExporter - v.2.0 
; Date/Time: 12/8/2024 11:15:39 AM
;----------------------------------------------

;Address Opcode 	ASM
0x0000	0x0200B9  	LJMP 185
0x0003	0x020000  	LJMP 0
0x0006	0x00      	NOP
0x0007	0x00      	NOP
0x0008	0x00      	NOP
0x0009	0x00      	NOP
0x000A	0x00      	NOP
0x000B	0x020000  	LJMP 0
0x000E	0x00      	NOP
0x000F	0x00      	NOP
0x0010	0x00      	NOP
0x0011	0x00      	NOP
0x0012	0x00      	NOP
0x0013	0x020000  	LJMP 0
0x0016	0x00      	NOP
0x0017	0x00      	NOP
0x0018	0x00      	NOP
0x0019	0x00      	NOP
0x001A	0x00      	NOP
0x001B	0x020000  	LJMP 0
0x001E	0x00      	NOP
0x001F	0x00      	NOP
0x0020	0x00      	NOP
0x0021	0x00      	NOP
0x0022	0x00      	NOP
0x0023	0x020000  	LJMP 0
_Div_16x16_U:
;__Lib_Math.c,273 :: 		
;__Lib_Math.c,275 :: 		
0x0026	0xBD000B  	CJNE R5, 0, __op2hi_not_zero
;__Lib_Math.c,276 :: 		
0x0029	0xB90029  	CJNE R1, 0, __op1hi_not_zero
;__Lib_Math.c,277 :: 		
0x002C	0xE8      	MOV A, R0
;__Lib_Math.c,278 :: 		
0x002D	0x8CF0    	MOV B, R4
;__Lib_Math.c,279 :: 		
0x002F	0x84      	DIV AB
;__Lib_Math.c,280 :: 		
0x0030	0xF8      	MOV R0, A
;__Lib_Math.c,281 :: 		
0x0031	0xACF0    	MOV R4, B
;__Lib_Math.c,282 :: 		
0x0033	0x22      	RET
;__Lib_Math.c,284 :: 		
__op2hi_not_zero:
;__Lib_Math.c,285 :: 		
0x0034	0xE4      	CLR A
;__Lib_Math.c,286 :: 		
0x0035	0xCD      	XCH A, R5
;__Lib_Math.c,287 :: 		
0x0036	0xFF      	MOV R7, A
;__Lib_Math.c,288 :: 		
0x0037	0x75F008  	MOV B, 8
;__Lib_Math.c,290 :: 		
__Div_16x16_U_Loop1:
;__Lib_Math.c,291 :: 		
0x003A	0xE8      	MOV A, R0
;__Lib_Math.c,292 :: 		
0x003B	0x28      	ADD A, R0
;__Lib_Math.c,293 :: 		
0x003C	0xF8      	MOV R0, A
;__Lib_Math.c,294 :: 		
0x003D	0xE9      	MOV A, R1
;__Lib_Math.c,295 :: 		
0x003E	0x33      	RLC A
;__Lib_Math.c,296 :: 		
0x003F	0xF9      	MOV R1, A
;__Lib_Math.c,297 :: 		
0x0040	0xED      	MOV A, R5
;__Lib_Math.c,298 :: 		
0x0041	0x33      	RLC A
;__Lib_Math.c,299 :: 		
0x0042	0xFD      	MOV R5, A
;__Lib_Math.c,300 :: 		
0x0043	0xE9      	MOV A, R1
;__Lib_Math.c,301 :: 		
0x0044	0x9C      	SUBB A, R4
;__Lib_Math.c,302 :: 		
0x0045	0xED      	MOV A, R5
;__Lib_Math.c,303 :: 		
0x0046	0x9F      	SUBB A, R7
;__Lib_Math.c,304 :: 		
0x0047	0x4005    	JC __Div_16x16_U_Lab1
;__Lib_Math.c,305 :: 		
0x0049	0xFD      	MOV R5, A
;__Lib_Math.c,306 :: 		
0x004A	0xE9      	MOV A, R1
;__Lib_Math.c,307 :: 		
0x004B	0x9C      	SUBB A, R4
;__Lib_Math.c,308 :: 		
0x004C	0xF9      	MOV R1, A
;__Lib_Math.c,309 :: 		
0x004D	0x08      	INC R0
;__Lib_Math.c,311 :: 		
__Div_16x16_U_Lab1:
;__Lib_Math.c,312 :: 		
0x004E	0xD5F0E9  	DJNZ B, __Div_16x16_U_Loop1
;__Lib_Math.c,313 :: 		
0x0051	0xE4      	CLR A
;__Lib_Math.c,314 :: 		
0x0052	0xC9      	XCH A, R1
;__Lib_Math.c,315 :: 		
0x0053	0xFC      	MOV R4, A
;__Lib_Math.c,316 :: 		
0x0054	0x22      	RET
;__Lib_Math.c,318 :: 		
__op1hi_not_zero:
;__Lib_Math.c,319 :: 		
0x0055	0xEC      	MOV A, R4
;__Lib_Math.c,320 :: 		
0x0056	0xFF      	MOV R7, A
;__Lib_Math.c,321 :: 		
0x0057	0xF5F0    	MOV B, A
;__Lib_Math.c,322 :: 		
0x0059	0xE9      	MOV A, R1
;__Lib_Math.c,323 :: 		
0x005A	0x84      	DIV AB
;__Lib_Math.c,324 :: 		
0x005B	0x20D21C  	JB OV_bit, __Div_16x16_U_div_ret
;__Lib_Math.c,325 :: 		
0x005E	0xF9      	MOV R1, A
;__Lib_Math.c,326 :: 		
0x005F	0xACF0    	MOV R4, B
;__Lib_Math.c,327 :: 		
0x0061	0x75F008  	MOV B, 8
;__Lib_Math.c,329 :: 		
__Div_16x16_U_Loop2:
;__Lib_Math.c,330 :: 		
0x0064	0xE8      	MOV A, R0
;__Lib_Math.c,331 :: 		
0x0065	0x28      	ADD A, R0
;__Lib_Math.c,332 :: 		
0x0066	0xF8      	MOV R0, A
;__Lib_Math.c,333 :: 		
0x0067	0xEC      	MOV A, R4
;__Lib_Math.c,334 :: 		
0x0068	0x33      	RLC A
;__Lib_Math.c,335 :: 		
0x0069	0xFC      	MOV R4, A
;__Lib_Math.c,336 :: 		
0x006A	0x4007    	JC __Div_16x16_U_Lab2
;__Lib_Math.c,337 :: 		
0x006C	0x9F      	SUBB A, R7
;__Lib_Math.c,338 :: 		
0x006D	0x5006    	JNC __Div_16x16_U_Lab3
;__Lib_Math.c,339 :: 		
0x006F	0xD5F0F2  	DJNZ B, __Div_16x16_U_Loop2
;__Lib_Math.c,340 :: 		
0x0072	0x22      	RET
;__Lib_Math.c,342 :: 		
__Div_16x16_U_Lab2:
;__Lib_Math.c,343 :: 		
0x0073	0xC3      	CLR C
;__Lib_Math.c,344 :: 		
0x0074	0x9F      	SUBB A, R7
;__Lib_Math.c,345 :: 		
__Div_16x16_U_Lab3:
;__Lib_Math.c,346 :: 		
0x0075	0xFC      	MOV R4, A
;__Lib_Math.c,347 :: 		
0x0076	0x08      	INC R0
;__Lib_Math.c,348 :: 		
0x0077	0xD5F0EA  	DJNZ B, __Div_16x16_U_Loop2
;__Lib_Math.c,350 :: 		
__Div_16x16_U_div_ret:
;__Lib_Math.c,352 :: 		
0x007A	0x22      	RET
; end of _Div_16x16_U
_Div_16x16_S:
;__Lib_Math.c,371 :: 		
;__Lib_Math.c,373 :: 		
0x007B	0xC2D5    	CLR F0_bit
;__Lib_Math.c,374 :: 		
0x007D	0xED      	MOV A, R5
;__Lib_Math.c,375 :: 		
0x007E	0x30E709  	JNB 231, __Div_16x16_S_op2hipositive
;__Lib_Math.c,376 :: 		
0x0081	0xB2D5    	CPL F0_bit
;__Lib_Math.c,377 :: 		
0x0083	0xE4      	CLR A
;__Lib_Math.c,378 :: 		
0x0084	0xC3      	CLR C
;__Lib_Math.c,379 :: 		
0x0085	0x9C      	SUBB A, R4
;__Lib_Math.c,380 :: 		
0x0086	0xFC      	MOV R4, A
;__Lib_Math.c,381 :: 		
0x0087	0xE4      	CLR A
;__Lib_Math.c,382 :: 		
0x0088	0x9D      	SUBB A, R5
;__Lib_Math.c,383 :: 		
0x0089	0xFD      	MOV R5, A
;__Lib_Math.c,385 :: 		
__Div_16x16_S_op2hipositive:
;__Lib_Math.c,386 :: 		
0x008A	0xE9      	MOV A, R1
;__Lib_Math.c,387 :: 		
0x008B	0x30E715  	JNB 231, __Div_16x16_S_op1hipositive
;__Lib_Math.c,388 :: 		
0x008E	0xB2D5    	CPL F0_bit
;__Lib_Math.c,389 :: 		
0x0090	0xE4      	CLR A
;__Lib_Math.c,390 :: 		
0x0091	0xC3      	CLR C
;__Lib_Math.c,391 :: 		
0x0092	0x98      	SUBB A, R0
;__Lib_Math.c,392 :: 		
0x0093	0xF8      	MOV R0, A
;__Lib_Math.c,393 :: 		
0x0094	0xE4      	CLR A
;__Lib_Math.c,394 :: 		
0x0095	0x99      	SUBB A, R1
;__Lib_Math.c,395 :: 		
0x0096	0xF9      	MOV R1, A
;__Lib_Math.c,396 :: 		
0x0097	0x120026  	LCALL _Div_16x16_U
;__Lib_Math.c,397 :: 		
0x009A	0xC3      	CLR C
;__Lib_Math.c,398 :: 		
0x009B	0xE4      	CLR A
;__Lib_Math.c,399 :: 		
0x009C	0x9C      	SUBB A, R4
;__Lib_Math.c,400 :: 		
0x009D	0xFC      	MOV R4, A
;__Lib_Math.c,401 :: 		
0x009E	0xE4      	CLR A
;__Lib_Math.c,402 :: 		
0x009F	0x9D      	SUBB A, R5
;__Lib_Math.c,403 :: 		
0x00A0	0xFD      	MOV R5, A
;__Lib_Math.c,404 :: 		
0x00A1	0x8003    	SJMP __Div_16x16_S_Skip_Udiv
;__Lib_Math.c,406 :: 		
__Div_16x16_S_op1hipositive:
;__Lib_Math.c,407 :: 		
0x00A3	0x120026  	LCALL _Div_16x16_U
;__Lib_Math.c,409 :: 		
__Div_16x16_S_Skip_Udiv:
;__Lib_Math.c,410 :: 		
0x00A6	0x30D507  	JNB F0_bit, __Div_16x16_S_div_ret
;__Lib_Math.c,411 :: 		
0x00A9	0xC3      	CLR C
;__Lib_Math.c,412 :: 		
0x00AA	0xE4      	CLR A
;__Lib_Math.c,413 :: 		
0x00AB	0x98      	SUBB A, R0
;__Lib_Math.c,414 :: 		
0x00AC	0xF8      	MOV R0, A
;__Lib_Math.c,415 :: 		
0x00AD	0xE4      	CLR A
;__Lib_Math.c,416 :: 		
0x00AE	0x99      	SUBB A, R1
;__Lib_Math.c,417 :: 		
0x00AF	0xF9      	MOV R1, A
;__Lib_Math.c,419 :: 		
__Div_16x16_S_div_ret:
;__Lib_Math.c,421 :: 		
0x00B0	0x22      	RET
; end of _Div_16x16_S
___CC2D:
;__Lib_System.c,13 :: 		
;__Lib_System.c,15 :: 		
_CC2D_Loop1:
;__Lib_System.c,16 :: 		
0x00B1	0xE4      	CLR A
;__Lib_System.c,17 :: 		
0x00B2	0x93      	MOVC A, @A+DPTR
;__Lib_System.c,18 :: 		
0x00B3	0xF6      	MOV @R0, A
;__Lib_System.c,19 :: 		
0x00B4	0x08      	INC R0
;__Lib_System.c,20 :: 		
0x00B5	0xA3      	INC DPTR
;__Lib_System.c,21 :: 		
0x00B6	0xD9F9    	DJNZ R1, _CC2D_Loop1
;__Lib_System.c,23 :: 		
0x00B8	0x22      	RET
; end of ___CC2D
_main:
0x00B9	0x75813A  	MOV SP, #58
0x00BC	0x1201B7  	LCALL 439
;BT4.c,23 :: 		void main() {
;BT4.c,25 :: 		led1 = tat;
0x00BF	0xD2A0    	SETB P2.B0
;BT4.c,26 :: 		led2 = tat;
0x00C1	0xD2A1    	SETB P2.B1
;BT4.c,27 :: 		led3 = tat;
0x00C3	0xD2A2    	SETB P2.B2
;BT4.c,28 :: 		led4 = tat;
0x00C5	0xD2A3    	SETB P2.B3
;BT4.c,31 :: 		for (dem = 6789; dem >= 0; dem--) {
0x00C7	0x750B85  	MOV _dem, #133
0x00CA	0x750C1A  	MOV _dem+1, #26
L_main6:
0x00CD	0xC3      	CLR C
0x00CE	0xE50B    	MOV A, _dem
0x00D0	0x9400    	SUBB A, #0
0x00D2	0x7400    	MOV A, #0
0x00D4	0x6480    	XRL A, #128
0x00D6	0xF8      	MOV R0, A
0x00D7	0xE50C    	MOV A, _dem+1
0x00D9	0x6480    	XRL A, #128
0x00DB	0x98      	SUBB A, R0
0x00DC	0x5002    	JNC #2
0x00DE	0x21A1    	AJMP L_main7
;BT4.c,33 :: 		nghin = dem / 1000;
0x00E0	0x7CE8    	MOV R4, #232
0x00E2	0x7D03    	MOV R5, #3
0x00E4	0xA80B    	MOV R0, _dem
0x00E6	0xA90C    	MOV R1, _dem+1
0x00E8	0x117B    	ACALL _Div_16x16_S
0x00EA	0x85000D  	MOV _nghin, 0
;BT4.c,34 :: 		tram = (dem % 1000) / 100;
0x00ED	0x7CE8    	MOV R4, #232
0x00EF	0x7D03    	MOV R5, #3
0x00F1	0xA80B    	MOV R0, _dem
0x00F3	0xA90C    	MOV R1, _dem+1
0x00F5	0x117B    	ACALL _Div_16x16_S
0x00F7	0xA804    	MOV R0, R4
0x00F9	0xA905    	MOV R1, R5
0x00FB	0x7C64    	MOV R4, #100
0x00FD	0x7D00    	MOV R5, #0
0x00FF	0x117B    	ACALL _Div_16x16_S
0x0101	0x85000A  	MOV _tram, 0
;BT4.c,35 :: 		chuc = (dem % 100) / 10;
0x0104	0x7C64    	MOV R4, #100
0x0106	0x7D00    	MOV R5, #0
0x0108	0xA80B    	MOV R0, _dem
0x010A	0xA90C    	MOV R1, _dem+1
0x010C	0x117B    	ACALL _Div_16x16_S
0x010E	0xA804    	MOV R0, R4
0x0110	0xA905    	MOV R1, R5
0x0112	0x7C0A    	MOV R4, #10
0x0114	0x7D00    	MOV R5, #0
0x0116	0x117B    	ACALL _Div_16x16_S
0x0118	0x850008  	MOV _chuc, 0
;BT4.c,36 :: 		donVi = dem % 10;
0x011B	0x7C0A    	MOV R4, #10
0x011D	0x7D00    	MOV R5, #0
0x011F	0xA80B    	MOV R0, _dem
0x0121	0xA90C    	MOV R1, _dem+1
0x0123	0x117B    	ACALL _Div_16x16_S
0x0125	0xA804    	MOV R0, R4
0x0127	0xA905    	MOV R1, R5
0x0129	0x850009  	MOV _donVi, 0
;BT4.c,39 :: 		for (i = 0; i < 4; i++) {
0x012C	0x750E00  	MOV _i, #0
L_main9:
0x012F	0xC3      	CLR C
0x0130	0xE50E    	MOV A, _i
0x0132	0x9404    	SUBB A, #4
0x0134	0x5054    	JNC L_main10
;BT4.c,41 :: 		led1 = sang;
0x0136	0xC2A0    	CLR P2.B0
;BT4.c,42 :: 		P0 = so[nghin];
0x0138	0x7430    	MOV A, lo_addr(_so)
0x013A	0x250D    	ADD A, _nghin
0x013C	0xF8      	MOV R0, A
0x013D	0x8680    	MOV P0, @R0
;BT4.c,43 :: 		delay_ms(5);
0x013F	0x7E09    	MOV R6, 9
0x0141	0x7F19    	MOV R7, 25
0x0143	0xDFFE    	DJNZ R7, PC-2
0x0145	0xDEFC    	DJNZ R6, PC-4
0x0147	0x00      	NOP
;BT4.c,44 :: 		led1 = tat;
0x0148	0xD2A0    	SETB P2.B0
;BT4.c,47 :: 		led2 = sang;
0x014A	0xC2A1    	CLR P2.B1
;BT4.c,48 :: 		P0 = so[tram];
0x014C	0x7430    	MOV A, lo_addr(_so)
0x014E	0x250A    	ADD A, _tram
0x0150	0xF8      	MOV R0, A
0x0151	0x8680    	MOV P0, @R0
;BT4.c,49 :: 		delay_ms(5);
0x0153	0x7E09    	MOV R6, 9
0x0155	0x7F19    	MOV R7, 25
0x0157	0xDFFE    	DJNZ R7, PC-2
0x0159	0xDEFC    	DJNZ R6, PC-4
0x015B	0x00      	NOP
;BT4.c,50 :: 		led2 = tat;
0x015C	0xD2A1    	SETB P2.B1
;BT4.c,53 :: 		led3 = sang;
0x015E	0xC2A2    	CLR P2.B2
;BT4.c,54 :: 		P0 = so[chuc];
0x0160	0x7430    	MOV A, lo_addr(_so)
0x0162	0x2508    	ADD A, _chuc
0x0164	0xF8      	MOV R0, A
0x0165	0x8680    	MOV P0, @R0
;BT4.c,55 :: 		delay_ms(5);
0x0167	0x7E09    	MOV R6, 9
0x0169	0x7F19    	MOV R7, 25
0x016B	0xDFFE    	DJNZ R7, PC-2
0x016D	0xDEFC    	DJNZ R6, PC-4
0x016F	0x00      	NOP
;BT4.c,56 :: 		led3 = tat;
0x0170	0xD2A2    	SETB P2.B2
;BT4.c,59 :: 		led4 = sang;
0x0172	0xC2A3    	CLR P2.B3
;BT4.c,60 :: 		P0 = so[donVi];
0x0174	0x7430    	MOV A, lo_addr(_so)
0x0176	0x2509    	ADD A, _donVi
0x0178	0xF8      	MOV R0, A
0x0179	0x8680    	MOV P0, @R0
;BT4.c,61 :: 		delay_ms(5);
0x017B	0x7E09    	MOV R6, 9
0x017D	0x7F19    	MOV R7, 25
0x017F	0xDFFE    	DJNZ R7, PC-2
0x0181	0xDEFC    	DJNZ R6, PC-4
0x0183	0x00      	NOP
;BT4.c,62 :: 		led4 = tat;
0x0184	0xD2A3    	SETB P2.B3
;BT4.c,39 :: 		for (i = 0; i < 4; i++) {
0x0186	0x050E    	INC _i
;BT4.c,63 :: 		}
0x0188	0x80A5    	SJMP L_main9
L_main10:
;BT4.c,66 :: 		if (dem == 0) {
0x018A	0xE50B    	MOV A, _dem
0x018C	0x450C    	ORL A, _dem+1
0x018E	0x7002    	JNZ L_main12
;BT4.c,67 :: 		break;
0x0190	0x800F    	SJMP L_main7
;BT4.c,68 :: 		}
L_main12:
;BT4.c,31 :: 		for (dem = 6789; dem >= 0; dem--) {
0x0192	0xC3      	CLR C
0x0193	0xE50B    	MOV A, _dem
0x0195	0x9401    	SUBB A, #1
0x0197	0xF50B    	MOV _dem, A
0x0199	0xE50C    	MOV A, _dem+1
0x019B	0x9400    	SUBB A, #0
0x019D	0xF50C    	MOV _dem+1, A
;BT4.c,69 :: 		}
0x019F	0x01CD    	AJMP L_main6
L_main7:
;BT4.c,72 :: 		while (1) {
L_main13:
;BT4.c,74 :: 		led1 = tat;
0x01A1	0xD2A0    	SETB P2.B0
;BT4.c,75 :: 		led2 = tat;
0x01A3	0xD2A1    	SETB P2.B1
;BT4.c,76 :: 		led3 = tat;
0x01A5	0xD2A2    	SETB P2.B2
;BT4.c,77 :: 		led4 = tat;
0x01A7	0xD2A3    	SETB P2.B3
;BT4.c,80 :: 		}
0x01A9	0x80F6    	SJMP L_main13
;BT4.c,81 :: 		}
0x01AB	0x80FE    	SJMP #254
; end of _main
0x01B7	0x7830    	MOV R0, 48
0x01B9	0x790A    	MOV R1, 10
0x01BB	0x7582AD  	MOV DP0L, 173
0x01BE	0x758301  	MOV DP0H, 1
0x01C1	0x1200B1  	LCALL 177
0x01C4	0x22      	RET
;BT4.c,0 :: ?ICS_so
0x01AD	0xC0F9A4 ;?ICS_so+0
0x01B0	0xB09992 ;?ICS_so+3
0x01B3	0x82F880 ;?ICS_so+6
0x01B6	0x90 ;?ICS_so+9
; end of ?ICS_so
Symbol List:
//** Routines locations **
//ADDRESS    SIZE    PROCEDURE
//----------------------------------------------
0x0026      [85]    _Div_16x16_U
0x007B      [54]    _Div_16x16_S
0x00B1       [8]    ___CC2D
0x00B9     [244]    _main
//** Variables locations ** 
//ADDRESS    SIZE    VARIABLE
//----------------------------------------------
0x0000       [1]    R0
0x0001       [1]    R1
0x0002       [1]    R2
0x0003       [1]    R3
0x0004       [1]    R4
0x0005       [1]    R5
0x0006       [1]    R6
0x0007       [1]    R7
0x0008       [1]    _chuc
0x0009       [1]    _donVi
0x000A       [1]    _tram
0x000B       [2]    _dem
0x000D       [1]    _nghin
0x000E       [1]    _i
0x0030      [10]    _so
0x0080       [1]    P0
0x0081       [1]    SP
0x0082       [1]    DPL
0x0083       [1]    DPH
0x00A0       [1]    P2
0x00A0       [0]    led4
0x00A0       [0]    led1
0x00A0       [0]    led2
0x00A0       [0]    led3
0x00D0       [0]    F0_bit
0x00D0       [0]    OV_bit
0x00D0       [1]    PSW
0x00E0       [1]    ACC
0x00F0       [1]    B
//** Constants locations ** 
//ADDRESS    SIZE    CONSTANT
//----------------------------------------------
0x01AD      [10]    ?ICS_so
//** Label List: ** 
//----------------------------------------------
  L_delay_ms0
  L_delay_ms1
  L_delay_ms2
  L_delay_ms3
  L_delay_ms4
  L_delay_ms5
  L_main6
  L_main7
  L_main8
  L_main9
  L_main10
  L_main11
  L_main12
  L_main13
  L_main14
  _delay_ms
  _main
  lab_end
  loop_lab
  lab_end1
  lab_loop1
  lab_end2
  lab_loop3
  __Div_8x8_S_Bpositive
  __Div_8x8_S_Apositive
  __Div_8x8_S_Skip_Div
  __Div_8x8_S_div_ret
  __op2hi_not_zero
  __op1hi_not_zero
  __Div_16x16_U_Loop1
  __Div_16x16_U_Lab1
  __Div_16x16_U_div_ret
  __Div_16x16_U_Loop2
  __Div_16x16_U_Lab2
  __Div_16x16_U_Lab3
  __Div_16x16_S_op2hipositive
  __Div_16x16_S_op1hipositive
  __Div_16x16_S_Skip_Udiv
  __Div_16x16_S_div_ret
  __Div_32x32_U_start
  __Div_32x32_U_aux
  __Div_32x32_U_l2
  __Div_32x32_U_l1
  lw_1
  lw_2
  __Div_32x32_U_l3
  lw_3
  __Div_32x32_U_l4
  __Div_32x32_U_IR_l0
  __Div_32x32_U_l5
  __Div_32x32_U_l6
  __Div_32x32_U_l8
  __Div_32x32_U_l7
  __Div_32x32_U_IR_l1
  __Div_32x32_U_l10
  __Div_32x32_U_l9
  __Div_32x32_U_IR_l2
  __Div_32x32_S_l1
  __Div_32x32_S_call_uns
  __Div_32x32_S_l2
  __Div_32x32_S_l3
  __Div_32x32_S_div_ret
  __shl_long
  __shr_longint
  __shr_longword
  _Mul_16x16
  _Mul_32x32
  _Div_8x8_S
  _Div_16x16_U
  _Div_16x16_S
  _Div_32x32_U
  _Div_32x32_S
  _CC2D_Loop1
  _CC2PD_Loop1
  _CC2XD_Loop1
  ___DoIFC
  ___CC2D
  ___CC2PD
  ___CC2XD
