;  LST file generated by mikroListExporter - v.2.0 
; Date/Time: 12/10/2024 1:38:17 PM
;----------------------------------------------

;Address Opcode 	ASM
0x0000	0x02041D  	LJMP 1053
0x0003	0x020000  	LJMP 0
0x0006	0x00      	NOP
0x0007	0x00      	NOP
0x0008	0x00      	NOP
0x0009	0x00      	NOP
0x000A	0x00      	NOP
0x000B	0x020000  	LJMP 0
0x000E	0x00      	NOP
0x000F	0x00      	NOP
0x0010	0x00      	NOP
0x0011	0x00      	NOP
0x0012	0x00      	NOP
0x0013	0x020000  	LJMP 0
0x0016	0x00      	NOP
0x0017	0x00      	NOP
0x0018	0x00      	NOP
0x0019	0x00      	NOP
0x001A	0x00      	NOP
0x001B	0x020000  	LJMP 0
0x001E	0x00      	NOP
0x001F	0x00      	NOP
0x0020	0x00      	NOP
0x0021	0x00      	NOP
0x0022	0x00      	NOP
0x0023	0x020000  	LJMP 0
_Delay_1us:
;__Lib_Delays.c,63 :: 		void Delay_1us() {
;__Lib_Delays.c,64 :: 		Delay_us(1);
0x0026	0x00      	NOP
;__Lib_Delays.c,65 :: 		}
0x0027	0x22      	RET
; end of _Delay_1us
_Delay_5500us:
;__Lib_Delays.c,213 :: 		void Delay_5500us() {
;__Lib_Delays.c,214 :: 		Delay_us(5500);
0x0028	0x7E09    	MOV R6, 9
0x002A	0x7FE9    	MOV R7, 233
0x002C	0xDFFE    	DJNZ R7, PC-2
0x002E	0xDEFC    	DJNZ R6, PC-4
0x0030	0x00      	NOP
;__Lib_Delays.c,215 :: 		}
0x0031	0x22      	RET
; end of _Delay_5500us
_Delay_50us:
;__Lib_Delays.c,138 :: 		void Delay_50us() {
;__Lib_Delays.c,139 :: 		Delay_us(50);
0x0032	0x7F14    	MOV R7, 20
0x0034	0xDFFE    	DJNZ R7, PC-2
0x0036	0x00      	NOP
;__Lib_Delays.c,140 :: 		}
0x0037	0x22      	RET
; end of _Delay_50us
_Lcd_Cmd:
;__Lib_Lcd.c,13 :: 		
;__Lib_Lcd.c,14 :: 		
0x0038	0xE516    	MOV A, FARG_Lcd_Cmd_out_char
0x003A	0x5480    	ANL A, #128
0x003C	0xF8      	MOV R0, A
0x003D	0x630080  	XRL R0, #128
0x0040	0xE8      	MOV A, R0
0x0041	0x6004    	JZ L__Lcd_Cmd24
0x0043	0x7800    	MOV R0, #0
0x0045	0x8002    	SJMP L__Lcd_Cmd25
L__Lcd_Cmd24:
0x0047	0x7801    	MOV R0, #1
L__Lcd_Cmd25:
0x0049	0xE8      	MOV A, R0
0x004A	0x13      	RRC A
0x004B	0x92A5    	MOV LCD_D7, C
;__Lib_Lcd.c,15 :: 		
0x004D	0xE516    	MOV A, FARG_Lcd_Cmd_out_char
0x004F	0x5440    	ANL A, #64
0x0051	0xF8      	MOV R0, A
0x0052	0x630040  	XRL R0, #64
0x0055	0xE8      	MOV A, R0
0x0056	0x6004    	JZ L__Lcd_Cmd26
0x0058	0x7800    	MOV R0, #0
0x005A	0x8002    	SJMP L__Lcd_Cmd27
L__Lcd_Cmd26:
0x005C	0x7801    	MOV R0, #1
L__Lcd_Cmd27:
0x005E	0xE8      	MOV A, R0
0x005F	0x13      	RRC A
0x0060	0x92A4    	MOV LCD_D6, C
;__Lib_Lcd.c,16 :: 		
0x0062	0xE516    	MOV A, FARG_Lcd_Cmd_out_char
0x0064	0x5420    	ANL A, #32
0x0066	0xF8      	MOV R0, A
0x0067	0x630020  	XRL R0, #32
0x006A	0xE8      	MOV A, R0
0x006B	0x6004    	JZ L__Lcd_Cmd28
0x006D	0x7800    	MOV R0, #0
0x006F	0x8002    	SJMP L__Lcd_Cmd29
L__Lcd_Cmd28:
0x0071	0x7801    	MOV R0, #1
L__Lcd_Cmd29:
0x0073	0xE8      	MOV A, R0
0x0074	0x13      	RRC A
0x0075	0x92A3    	MOV LCD_D5, C
;__Lib_Lcd.c,17 :: 		
0x0077	0xE516    	MOV A, FARG_Lcd_Cmd_out_char
0x0079	0x5410    	ANL A, #16
0x007B	0xF8      	MOV R0, A
0x007C	0x630010  	XRL R0, #16
0x007F	0xE8      	MOV A, R0
0x0080	0x6004    	JZ L__Lcd_Cmd30
0x0082	0x7800    	MOV R0, #0
0x0084	0x8002    	SJMP L__Lcd_Cmd31
L__Lcd_Cmd30:
0x0086	0x7801    	MOV R0, #1
L__Lcd_Cmd31:
0x0088	0xE8      	MOV A, R0
0x0089	0x13      	RRC A
0x008A	0x92A2    	MOV LCD_D4, C
;__Lib_Lcd.c,19 :: 		
0x008C	0xE50A    	MOV A, _cmd_status
0x008E	0x6004    	JZ L_Lcd_Cmd0
0x0090	0x7800    	MOV R0, #0
0x0092	0x8002    	SJMP L_Lcd_Cmd1
L_Lcd_Cmd0:
0x0094	0x7801    	MOV R0, #1
L_Lcd_Cmd1:
0x0096	0xE8      	MOV A, R0
0x0097	0x13      	RRC A
0x0098	0x92A0    	MOV LCD_RS, C
;__Lib_Lcd.c,21 :: 		
0x009A	0xD2A1    	SETB LCD_EN
;__Lib_Lcd.c,22 :: 		
0x009C	0x1126    	ACALL _Delay_1us
;__Lib_Lcd.c,23 :: 		
0x009E	0xC2A1    	CLR LCD_EN
;__Lib_Lcd.c,25 :: 		
0x00A0	0xE516    	MOV A, FARG_Lcd_Cmd_out_char
0x00A2	0x5408    	ANL A, #8
0x00A4	0xF8      	MOV R0, A
0x00A5	0x630008  	XRL R0, #8
0x00A8	0xE8      	MOV A, R0
0x00A9	0x6004    	JZ L__Lcd_Cmd32
0x00AB	0x7800    	MOV R0, #0
0x00AD	0x8002    	SJMP L__Lcd_Cmd33
L__Lcd_Cmd32:
0x00AF	0x7801    	MOV R0, #1
L__Lcd_Cmd33:
0x00B1	0xE8      	MOV A, R0
0x00B2	0x13      	RRC A
0x00B3	0x92A5    	MOV LCD_D7, C
;__Lib_Lcd.c,26 :: 		
0x00B5	0xE516    	MOV A, FARG_Lcd_Cmd_out_char
0x00B7	0x5404    	ANL A, #4
0x00B9	0xF8      	MOV R0, A
0x00BA	0x630004  	XRL R0, #4
0x00BD	0xE8      	MOV A, R0
0x00BE	0x6004    	JZ L__Lcd_Cmd34
0x00C0	0x7800    	MOV R0, #0
0x00C2	0x8002    	SJMP L__Lcd_Cmd35
L__Lcd_Cmd34:
0x00C4	0x7801    	MOV R0, #1
L__Lcd_Cmd35:
0x00C6	0xE8      	MOV A, R0
0x00C7	0x13      	RRC A
0x00C8	0x92A4    	MOV LCD_D6, C
;__Lib_Lcd.c,27 :: 		
0x00CA	0xE516    	MOV A, FARG_Lcd_Cmd_out_char
0x00CC	0x5402    	ANL A, #2
0x00CE	0xF8      	MOV R0, A
0x00CF	0x630002  	XRL R0, #2
0x00D2	0xE8      	MOV A, R0
0x00D3	0x6004    	JZ L__Lcd_Cmd36
0x00D5	0x7800    	MOV R0, #0
0x00D7	0x8002    	SJMP L__Lcd_Cmd37
L__Lcd_Cmd36:
0x00D9	0x7801    	MOV R0, #1
L__Lcd_Cmd37:
0x00DB	0xE8      	MOV A, R0
0x00DC	0x13      	RRC A
0x00DD	0x92A3    	MOV LCD_D5, C
;__Lib_Lcd.c,28 :: 		
0x00DF	0xE516    	MOV A, FARG_Lcd_Cmd_out_char
0x00E1	0x5401    	ANL A, #1
0x00E3	0xF8      	MOV R0, A
0x00E4	0x630001  	XRL R0, #1
0x00E7	0xE8      	MOV A, R0
0x00E8	0x6004    	JZ L__Lcd_Cmd38
0x00EA	0x7800    	MOV R0, #0
0x00EC	0x8002    	SJMP L__Lcd_Cmd39
L__Lcd_Cmd38:
0x00EE	0x7801    	MOV R0, #1
L__Lcd_Cmd39:
0x00F0	0xE8      	MOV A, R0
0x00F1	0x13      	RRC A
0x00F2	0x92A2    	MOV LCD_D4, C
;__Lib_Lcd.c,30 :: 		
0x00F4	0xE50A    	MOV A, _cmd_status
0x00F6	0x6004    	JZ L_Lcd_Cmd2
0x00F8	0x7800    	MOV R0, #0
0x00FA	0x8002    	SJMP L_Lcd_Cmd3
L_Lcd_Cmd2:
0x00FC	0x7801    	MOV R0, #1
L_Lcd_Cmd3:
0x00FE	0xE8      	MOV A, R0
0x00FF	0x13      	RRC A
0x0100	0x92A0    	MOV LCD_RS, C
;__Lib_Lcd.c,32 :: 		
0x0102	0xD2A1    	SETB LCD_EN
;__Lib_Lcd.c,33 :: 		
0x0104	0x1126    	ACALL _Delay_1us
;__Lib_Lcd.c,34 :: 		
0x0106	0xC2A1    	CLR LCD_EN
;__Lib_Lcd.c,36 :: 		
0x0108	0xE50A    	MOV A, _cmd_status
0x010A	0x6004    	JZ L_Lcd_Cmd4
;__Lib_Lcd.c,37 :: 		
0x010C	0x1128    	ACALL _Delay_5500us
0x010E	0x8002    	SJMP L_Lcd_Cmd5
L_Lcd_Cmd4:
;__Lib_Lcd.c,39 :: 		
0x0110	0x1132    	ACALL _Delay_50us
L_Lcd_Cmd5:
;__Lib_Lcd.c,40 :: 		
0x0112	0x22      	RET
; end of _Lcd_Cmd
_Lcd_Chr_CP:
;__Lib_Lcd.c,42 :: 		
;__Lib_Lcd.c,44 :: 		
0x0113	0x750A00  	MOV _cmd_status, #0
;__Lib_Lcd.c,45 :: 		
0x0116	0x851516  	MOV FARG_Lcd_Cmd_out_char, FARG_Lcd_Chr_CP_out_char+0
0x0119	0x1138    	ACALL _Lcd_Cmd
;__Lib_Lcd.c,46 :: 		
0x011B	0x750A01  	MOV _cmd_status, #1
;__Lib_Lcd.c,47 :: 		
0x011E	0x22      	RET
; end of _Lcd_Chr_CP
_LCD_Out:
;__Lib_Lcd.c,176 :: 		
;__Lib_Lcd.c,179 :: 		
0x011F	0x8019    	SJMP L_LCD_Out15
;__Lib_Lcd.c,180 :: 		
L_LCD_Out17:
0x0121	0x751180  	MOV FARG_LCD_Out_row, #128
0x0124	0x802E    	SJMP L_LCD_Out16
;__Lib_Lcd.c,181 :: 		
L_LCD_Out18:
0x0126	0x7511C0  	MOV FARG_LCD_Out_row, #192
0x0129	0x8029    	SJMP L_LCD_Out16
;__Lib_Lcd.c,182 :: 		
L_LCD_Out19:
0x012B	0x751194  	MOV FARG_LCD_Out_row, #148
0x012E	0x8024    	SJMP L_LCD_Out16
;__Lib_Lcd.c,183 :: 		
L_LCD_Out20:
0x0130	0x7511D4  	MOV FARG_LCD_Out_row, #212
0x0133	0x801F    	SJMP L_LCD_Out16
;__Lib_Lcd.c,184 :: 		
L_LCD_Out21:
0x0135	0x751180  	MOV FARG_LCD_Out_row, #128
;__Lib_Lcd.c,185 :: 		
0x0138	0x801A    	SJMP L_LCD_Out16
L_LCD_Out15:
0x013A	0xE511    	MOV A, FARG_LCD_Out_row
0x013C	0x6401    	XRL A, #1
0x013E	0x60E1    	JZ L_LCD_Out17
0x0140	0xE511    	MOV A, FARG_LCD_Out_row
0x0142	0x6402    	XRL A, #2
0x0144	0x60E0    	JZ L_LCD_Out18
0x0146	0xE511    	MOV A, FARG_LCD_Out_row
0x0148	0x6403    	XRL A, #3
0x014A	0x60DF    	JZ L_LCD_Out19
0x014C	0xE511    	MOV A, FARG_LCD_Out_row
0x014E	0x6404    	XRL A, #4
0x0150	0x60DE    	JZ L_LCD_Out20
0x0152	0x80E1    	SJMP L_LCD_Out21
L_LCD_Out16:
;__Lib_Lcd.c,186 :: 		
0x0154	0xC3      	CLR C
0x0155	0xE512    	MOV A, FARG_LCD_Out_column
0x0157	0x9401    	SUBB A, #1
0x0159	0xF8      	MOV R0, A
0x015A	0xE511    	MOV A, FARG_LCD_Out_row
0x015C	0x28      	ADD A, R0
0x015D	0xF8      	MOV R0, A
0x015E	0x850011  	MOV FARG_LCD_Out_row, 0
;__Lib_Lcd.c,188 :: 		
0x0161	0x850016  	MOV FARG_Lcd_Cmd_out_char, 0
0x0164	0x1138    	ACALL _Lcd_Cmd
;__Lib_Lcd.c,189 :: 		
0x0166	0x750A00  	MOV _cmd_status, #0
;__Lib_Lcd.c,190 :: 		
0x0169	0x751400  	MOV LCD_Out_i_L0, #0
;__Lib_Lcd.c,191 :: 		
L_LCD_Out22:
0x016C	0xE513    	MOV A, FARG_LCD_Out_text
0x016E	0x2514    	ADD A, LCD_Out_i_L0
0x0170	0xF8      	MOV R0, A
0x0171	0xE6      	MOV A, @R0
0x0172	0x600D    	JZ L_LCD_Out23
;__Lib_Lcd.c,192 :: 		
0x0174	0xE513    	MOV A, FARG_LCD_Out_text
0x0176	0x2514    	ADD A, LCD_Out_i_L0
0x0178	0xF8      	MOV R0, A
0x0179	0x8615    	MOV FARG_Lcd_Chr_CP_out_char, @R0
0x017B	0x3113    	ACALL _Lcd_Chr_CP
0x017D	0x0514    	INC LCD_Out_i_L0
0x017F	0x80EB    	SJMP L_LCD_Out22
L_LCD_Out23:
;__Lib_Lcd.c,193 :: 		
0x0181	0x750A01  	MOV _cmd_status, #1
;__Lib_Lcd.c,194 :: 		
0x0184	0x22      	RET
; end of _LCD_Out
_Div_16x16_U:
;__Lib_Math.c,273 :: 		
;__Lib_Math.c,275 :: 		
0x0185	0xBD000B  	CJNE R5, 0, __op2hi_not_zero
;__Lib_Math.c,276 :: 		
0x0188	0xB90029  	CJNE R1, 0, __op1hi_not_zero
;__Lib_Math.c,277 :: 		
0x018B	0xE8      	MOV A, R0
;__Lib_Math.c,278 :: 		
0x018C	0x8CF0    	MOV B, R4
;__Lib_Math.c,279 :: 		
0x018E	0x84      	DIV AB
;__Lib_Math.c,280 :: 		
0x018F	0xF8      	MOV R0, A
;__Lib_Math.c,281 :: 		
0x0190	0xACF0    	MOV R4, B
;__Lib_Math.c,282 :: 		
0x0192	0x22      	RET
;__Lib_Math.c,284 :: 		
__op2hi_not_zero:
;__Lib_Math.c,285 :: 		
0x0193	0xE4      	CLR A
;__Lib_Math.c,286 :: 		
0x0194	0xCD      	XCH A, R5
;__Lib_Math.c,287 :: 		
0x0195	0xFF      	MOV R7, A
;__Lib_Math.c,288 :: 		
0x0196	0x75F008  	MOV B, 8
;__Lib_Math.c,290 :: 		
__Div_16x16_U_Loop1:
;__Lib_Math.c,291 :: 		
0x0199	0xE8      	MOV A, R0
;__Lib_Math.c,292 :: 		
0x019A	0x28      	ADD A, R0
;__Lib_Math.c,293 :: 		
0x019B	0xF8      	MOV R0, A
;__Lib_Math.c,294 :: 		
0x019C	0xE9      	MOV A, R1
;__Lib_Math.c,295 :: 		
0x019D	0x33      	RLC A
;__Lib_Math.c,296 :: 		
0x019E	0xF9      	MOV R1, A
;__Lib_Math.c,297 :: 		
0x019F	0xED      	MOV A, R5
;__Lib_Math.c,298 :: 		
0x01A0	0x33      	RLC A
;__Lib_Math.c,299 :: 		
0x01A1	0xFD      	MOV R5, A
;__Lib_Math.c,300 :: 		
0x01A2	0xE9      	MOV A, R1
;__Lib_Math.c,301 :: 		
0x01A3	0x9C      	SUBB A, R4
;__Lib_Math.c,302 :: 		
0x01A4	0xED      	MOV A, R5
;__Lib_Math.c,303 :: 		
0x01A5	0x9F      	SUBB A, R7
;__Lib_Math.c,304 :: 		
0x01A6	0x4005    	JC __Div_16x16_U_Lab1
;__Lib_Math.c,305 :: 		
0x01A8	0xFD      	MOV R5, A
;__Lib_Math.c,306 :: 		
0x01A9	0xE9      	MOV A, R1
;__Lib_Math.c,307 :: 		
0x01AA	0x9C      	SUBB A, R4
;__Lib_Math.c,308 :: 		
0x01AB	0xF9      	MOV R1, A
;__Lib_Math.c,309 :: 		
0x01AC	0x08      	INC R0
;__Lib_Math.c,311 :: 		
__Div_16x16_U_Lab1:
;__Lib_Math.c,312 :: 		
0x01AD	0xD5F0E9  	DJNZ B, __Div_16x16_U_Loop1
;__Lib_Math.c,313 :: 		
0x01B0	0xE4      	CLR A
;__Lib_Math.c,314 :: 		
0x01B1	0xC9      	XCH A, R1
;__Lib_Math.c,315 :: 		
0x01B2	0xFC      	MOV R4, A
;__Lib_Math.c,316 :: 		
0x01B3	0x22      	RET
;__Lib_Math.c,318 :: 		
__op1hi_not_zero:
;__Lib_Math.c,319 :: 		
0x01B4	0xEC      	MOV A, R4
;__Lib_Math.c,320 :: 		
0x01B5	0xFF      	MOV R7, A
;__Lib_Math.c,321 :: 		
0x01B6	0xF5F0    	MOV B, A
;__Lib_Math.c,322 :: 		
0x01B8	0xE9      	MOV A, R1
;__Lib_Math.c,323 :: 		
0x01B9	0x84      	DIV AB
;__Lib_Math.c,324 :: 		
0x01BA	0x20D21C  	JB OV_bit, __Div_16x16_U_div_ret
;__Lib_Math.c,325 :: 		
0x01BD	0xF9      	MOV R1, A
;__Lib_Math.c,326 :: 		
0x01BE	0xACF0    	MOV R4, B
;__Lib_Math.c,327 :: 		
0x01C0	0x75F008  	MOV B, 8
;__Lib_Math.c,329 :: 		
__Div_16x16_U_Loop2:
;__Lib_Math.c,330 :: 		
0x01C3	0xE8      	MOV A, R0
;__Lib_Math.c,331 :: 		
0x01C4	0x28      	ADD A, R0
;__Lib_Math.c,332 :: 		
0x01C5	0xF8      	MOV R0, A
;__Lib_Math.c,333 :: 		
0x01C6	0xEC      	MOV A, R4
;__Lib_Math.c,334 :: 		
0x01C7	0x33      	RLC A
;__Lib_Math.c,335 :: 		
0x01C8	0xFC      	MOV R4, A
;__Lib_Math.c,336 :: 		
0x01C9	0x4007    	JC __Div_16x16_U_Lab2
;__Lib_Math.c,337 :: 		
0x01CB	0x9F      	SUBB A, R7
;__Lib_Math.c,338 :: 		
0x01CC	0x5006    	JNC __Div_16x16_U_Lab3
;__Lib_Math.c,339 :: 		
0x01CE	0xD5F0F2  	DJNZ B, __Div_16x16_U_Loop2
;__Lib_Math.c,340 :: 		
0x01D1	0x22      	RET
;__Lib_Math.c,342 :: 		
__Div_16x16_U_Lab2:
;__Lib_Math.c,343 :: 		
0x01D2	0xC3      	CLR C
;__Lib_Math.c,344 :: 		
0x01D3	0x9F      	SUBB A, R7
;__Lib_Math.c,345 :: 		
__Div_16x16_U_Lab3:
;__Lib_Math.c,346 :: 		
0x01D4	0xFC      	MOV R4, A
;__Lib_Math.c,347 :: 		
0x01D5	0x08      	INC R0
;__Lib_Math.c,348 :: 		
0x01D6	0xD5F0EA  	DJNZ B, __Div_16x16_U_Loop2
;__Lib_Math.c,350 :: 		
__Div_16x16_U_div_ret:
;__Lib_Math.c,352 :: 		
0x01D9	0x22      	RET
; end of _Div_16x16_U
_Mul_16x16:
;__Lib_Math.c,112 :: 		
;__Lib_Math.c,114 :: 		
0x01DA	0xE8      	MOV A, R0
;__Lib_Math.c,115 :: 		
0x01DB	0x8CF0    	MOV B, R4
;__Lib_Math.c,116 :: 		
0x01DD	0xA4      	MUL AB
;__Lib_Math.c,117 :: 		
0x01DE	0xAFF0    	MOV R7, B
;__Lib_Math.c,118 :: 		
0x01E0	0xC8      	XCH A, R0
;__Lib_Math.c,119 :: 		
0x01E1	0x8DF0    	MOV B, R5
;__Lib_Math.c,120 :: 		
0x01E3	0xA4      	MUL AB
;__Lib_Math.c,121 :: 		
0x01E4	0x2F      	ADD A, R7
;__Lib_Math.c,122 :: 		
0x01E5	0xC9      	XCH A, R1
;__Lib_Math.c,123 :: 		
0x01E6	0x8CF0    	MOV B, R4
;__Lib_Math.c,124 :: 		
0x01E8	0xA4      	MUL AB
;__Lib_Math.c,125 :: 		
0x01E9	0x29      	ADD A, R1
;__Lib_Math.c,126 :: 		
0x01EA	0xF9      	MOV R1, A
;__Lib_Math.c,128 :: 		
0x01EB	0x22      	RET
; end of _Mul_16x16
_Lcd_Init:
;__Lib_Lcd.c,76 :: 		
;__Lib_Lcd.c,78 :: 		
0x01EC	0xC2A1    	CLR LCD_EN
;__Lib_Lcd.c,80 :: 		
0x01EE	0xC2A0    	CLR LCD_RS
;__Lib_Lcd.c,83 :: 		
0x01F0	0x1128    	ACALL _Delay_5500us
;__Lib_Lcd.c,84 :: 		
0x01F2	0x1128    	ACALL _Delay_5500us
;__Lib_Lcd.c,85 :: 		
0x01F4	0x1128    	ACALL _Delay_5500us
;__Lib_Lcd.c,87 :: 		
0x01F6	0xC2A5    	CLR LCD_D7
;__Lib_Lcd.c,88 :: 		
0x01F8	0xC2A4    	CLR LCD_D6
;__Lib_Lcd.c,89 :: 		
0x01FA	0xC2A3    	CLR LCD_D5
;__Lib_Lcd.c,90 :: 		
0x01FC	0xC2A2    	CLR LCD_D4
;__Lib_Lcd.c,93 :: 		
0x01FE	0xD2A3    	SETB LCD_D5
;__Lib_Lcd.c,94 :: 		
0x0200	0xD2A2    	SETB LCD_D4
;__Lib_Lcd.c,95 :: 		
0x0202	0xD2A1    	SETB LCD_EN
;__Lib_Lcd.c,96 :: 		
0x0204	0x1126    	ACALL _Delay_1us
;__Lib_Lcd.c,97 :: 		
0x0206	0xC2A1    	CLR LCD_EN
;__Lib_Lcd.c,98 :: 		
0x0208	0x1128    	ACALL _Delay_5500us
;__Lib_Lcd.c,100 :: 		
0x020A	0xD2A1    	SETB LCD_EN
;__Lib_Lcd.c,101 :: 		
0x020C	0x1126    	ACALL _Delay_1us
;__Lib_Lcd.c,102 :: 		
0x020E	0xC2A1    	CLR LCD_EN
;__Lib_Lcd.c,103 :: 		
0x0210	0x1128    	ACALL _Delay_5500us
;__Lib_Lcd.c,105 :: 		
0x0212	0xD2A1    	SETB LCD_EN
;__Lib_Lcd.c,106 :: 		
0x0214	0x1126    	ACALL _Delay_1us
;__Lib_Lcd.c,107 :: 		
0x0216	0xC2A1    	CLR LCD_EN
;__Lib_Lcd.c,108 :: 		
0x0218	0x1128    	ACALL _Delay_5500us
;__Lib_Lcd.c,111 :: 		
0x021A	0xD2A3    	SETB LCD_D5
;__Lib_Lcd.c,112 :: 		
0x021C	0xC2A2    	CLR LCD_D4
;__Lib_Lcd.c,113 :: 		
0x021E	0xD2A1    	SETB LCD_EN
;__Lib_Lcd.c,114 :: 		
0x0220	0x1126    	ACALL _Delay_1us
;__Lib_Lcd.c,115 :: 		
0x0222	0xC2A1    	CLR LCD_EN
;__Lib_Lcd.c,116 :: 		
0x0224	0x1128    	ACALL _Delay_5500us
;__Lib_Lcd.c,119 :: 		
0x0226	0xC2A5    	CLR LCD_D7
;__Lib_Lcd.c,120 :: 		
0x0228	0xC2A4    	CLR LCD_D6
;__Lib_Lcd.c,121 :: 		
0x022A	0xC2A3    	CLR LCD_D5
;__Lib_Lcd.c,122 :: 		
0x022C	0xD2A3    	SETB LCD_D5
;__Lib_Lcd.c,123 :: 		
0x022E	0xC2A2    	CLR LCD_D4
;__Lib_Lcd.c,124 :: 		
0x0230	0xD2A1    	SETB LCD_EN
;__Lib_Lcd.c,125 :: 		
0x0232	0x1126    	ACALL _Delay_1us
;__Lib_Lcd.c,126 :: 		
0x0234	0xC2A1    	CLR LCD_EN
;__Lib_Lcd.c,127 :: 		
0x0236	0xC2A3    	CLR LCD_D5
;__Lib_Lcd.c,128 :: 		
0x0238	0xD2A5    	SETB LCD_D7
;__Lib_Lcd.c,129 :: 		
0x023A	0xD2A1    	SETB LCD_EN
;__Lib_Lcd.c,130 :: 		
0x023C	0x1126    	ACALL _Delay_1us
;__Lib_Lcd.c,131 :: 		
0x023E	0xC2A1    	CLR LCD_EN
;__Lib_Lcd.c,132 :: 		
0x0240	0x1128    	ACALL _Delay_5500us
;__Lib_Lcd.c,135 :: 		
0x0242	0xC2A5    	CLR LCD_D7
;__Lib_Lcd.c,136 :: 		
0x0244	0xD2A2    	SETB LCD_D4
;__Lib_Lcd.c,137 :: 		
0x0246	0xD2A1    	SETB LCD_EN
;__Lib_Lcd.c,138 :: 		
0x0248	0x1126    	ACALL _Delay_1us
;__Lib_Lcd.c,139 :: 		
0x024A	0xC2A1    	CLR LCD_EN
;__Lib_Lcd.c,140 :: 		
0x024C	0xC2A2    	CLR LCD_D4
;__Lib_Lcd.c,141 :: 		
0x024E	0xD2A1    	SETB LCD_EN
;__Lib_Lcd.c,142 :: 		
0x0250	0x1126    	ACALL _Delay_1us
;__Lib_Lcd.c,143 :: 		
0x0252	0xC2A1    	CLR LCD_EN
;__Lib_Lcd.c,144 :: 		
0x0254	0x1128    	ACALL _Delay_5500us
;__Lib_Lcd.c,147 :: 		
0x0256	0xC2A2    	CLR LCD_D4
;__Lib_Lcd.c,148 :: 		
0x0258	0xD2A1    	SETB LCD_EN
;__Lib_Lcd.c,149 :: 		
0x025A	0x1126    	ACALL _Delay_1us
;__Lib_Lcd.c,150 :: 		
0x025C	0xC2A1    	CLR LCD_EN
;__Lib_Lcd.c,151 :: 		
0x025E	0xD2A2    	SETB LCD_D4
;__Lib_Lcd.c,152 :: 		
0x0260	0xD2A1    	SETB LCD_EN
;__Lib_Lcd.c,153 :: 		
0x0262	0x1126    	ACALL _Delay_1us
;__Lib_Lcd.c,154 :: 		
0x0264	0xC2A1    	CLR LCD_EN
;__Lib_Lcd.c,155 :: 		
0x0266	0x1128    	ACALL _Delay_5500us
;__Lib_Lcd.c,158 :: 		
0x0268	0xC2A2    	CLR LCD_D4
;__Lib_Lcd.c,159 :: 		
0x026A	0xD2A1    	SETB LCD_EN
;__Lib_Lcd.c,160 :: 		
0x026C	0x1126    	ACALL _Delay_1us
;__Lib_Lcd.c,161 :: 		
0x026E	0xC2A1    	CLR LCD_EN
;__Lib_Lcd.c,163 :: 		
0x0270	0xD2A5    	SETB LCD_D7
;__Lib_Lcd.c,164 :: 		
0x0272	0xD2A4    	SETB LCD_D6
;__Lib_Lcd.c,165 :: 		
0x0274	0xD2A3    	SETB LCD_D5
;__Lib_Lcd.c,166 :: 		
0x0276	0xD2A2    	SETB LCD_D4
;__Lib_Lcd.c,167 :: 		
0x0278	0xD2A1    	SETB LCD_EN
;__Lib_Lcd.c,168 :: 		
0x027A	0x1126    	ACALL _Delay_1us
;__Lib_Lcd.c,169 :: 		
0x027C	0xC2A1    	CLR LCD_EN
;__Lib_Lcd.c,171 :: 		
0x027E	0x1128    	ACALL _Delay_5500us
;__Lib_Lcd.c,173 :: 		
0x0280	0x750A01  	MOV _cmd_status, #1
;__Lib_Lcd.c,174 :: 		
0x0283	0x22      	RET
; end of _Lcd_Init
___CC2D:
;__Lib_System.c,13 :: 		
;__Lib_System.c,15 :: 		
_CC2D_Loop1:
;__Lib_System.c,16 :: 		
0x0284	0xE4      	CLR A
;__Lib_System.c,17 :: 		
0x0285	0x93      	MOVC A, @A+DPTR
;__Lib_System.c,18 :: 		
0x0286	0xF6      	MOV @R0, A
;__Lib_System.c,19 :: 		
0x0287	0x08      	INC R0
;__Lib_System.c,20 :: 		
0x0288	0xA3      	INC DPTR
;__Lib_System.c,21 :: 		
0x0289	0xD9F9    	DJNZ R1, _CC2D_Loop1
;__Lib_System.c,23 :: 		
0x028B	0x22      	RET
; end of ___CC2D
_Display_Temperature:
;BT5a.c,11 :: 		void Display_Temperature(unsigned int temp2write) {
;BT5a.c,15 :: 		if (temp2write & 0x8000) {
0x028C	0xE50B    	MOV A, FARG_Display_Temperature_temp2write
0x028E	0x5400    	ANL A, #0
0x0290	0xF8      	MOV R0, A
0x0291	0xE50C    	MOV A, FARG_Display_Temperature_temp2write+1
0x0293	0x5480    	ANL A, #128
0x0295	0xF9      	MOV R1, A
0x0296	0xE8      	MOV A, R0
0x0297	0x49      	ORL A, R1
0x0298	0x6016    	JZ L_Display_Temperature0
;BT5a.c,16 :: 		text[0] = '-';
0x029A	0xA830    	MOV R0, _text
0x029C	0x762D    	MOV @R0, #45
;BT5a.c,17 :: 		temp2write = ~temp2write + 1;
0x029E	0x630BFF  	XRL FARG_Display_Temperature_temp2write, #255
0x02A1	0x630CFF  	XRL FARG_Display_Temperature_temp2write+1, #255
0x02A4	0x7401    	MOV A, #1
0x02A6	0x250B    	ADD A, FARG_Display_Temperature_temp2write
0x02A8	0xF50B    	MOV FARG_Display_Temperature_temp2write, A
0x02AA	0x7400    	MOV A, #0
0x02AC	0x350C    	ADDC A, FARG_Display_Temperature_temp2write+1
0x02AE	0xF50C    	MOV FARG_Display_Temperature_temp2write+1, A
;BT5a.c,18 :: 		}
L_Display_Temperature0:
;BT5a.c,19 :: 		temp_whole = temp2write >> RES_SHIFT;
0x02B0	0x7A01    	MOV R2, #1
0x02B2	0xE50C    	MOV A, FARG_Display_Temperature_temp2write+1
0x02B4	0xA80B    	MOV R0, FARG_Display_Temperature_temp2write
0x02B6	0x0A      	INC R2
0x02B7	0x8005    	SJMP L__Display_Temperature6
L__Display_Temperature7:
0x02B9	0xC3      	CLR C
0x02BA	0x13      	RRC A
0x02BB	0xC8      	XCH A, R0
0x02BC	0x13      	RRC A
0x02BD	0xC8      	XCH A, R0
L__Display_Temperature6:
0x02BE	0xDAF9    	DJNZ R2, L__Display_Temperature7
0x02C0	0xF9      	MOV R1, A
0x02C1	0x85000D  	MOV Display_Temperature_temp_whole_L0, 0
;BT5a.c,20 :: 		if (temp_whole/100)
0x02C4	0x75F064  	MOV B, #100
0x02C7	0xE8      	MOV A, R0
0x02C8	0x84      	DIV AB
0x02C9	0xF8      	MOV R0, A
0x02CA	0x6010    	JZ L_Display_Temperature1
;BT5a.c,21 :: 		text[0] = temp_whole/100 + 48;
0x02CC	0xA830    	MOV R0, _text
0x02CE	0x75F064  	MOV B, #100
0x02D1	0xE50D    	MOV A, Display_Temperature_temp_whole_L0
0x02D3	0x84      	DIV AB
0x02D4	0xF9      	MOV R1, A
0x02D5	0x2430    	ADD A, #48
0x02D7	0xF9      	MOV R1, A
0x02D8	0xA601    	MOV @R0, R1
0x02DA	0x8004    	SJMP L_Display_Temperature2
L_Display_Temperature1:
;BT5a.c,23 :: 		text[0] = '0';
0x02DC	0xA830    	MOV R0, _text
0x02DE	0x7630    	MOV @R0, #48
L_Display_Temperature2:
;BT5a.c,24 :: 		text[1] = (temp_whole/10)%10 + 48; // Extract tens digit
0x02E0	0xE530    	MOV A, _text
0x02E2	0x2401    	ADD A, #1
0x02E4	0xF8      	MOV R0, A
0x02E5	0x75F00A  	MOV B, #10
0x02E8	0xE50D    	MOV A, Display_Temperature_temp_whole_L0
0x02EA	0x84      	DIV AB
0x02EB	0xF9      	MOV R1, A
0x02EC	0x75F00A  	MOV B, #10
0x02EF	0xE9      	MOV A, R1
0x02F0	0x84      	DIV AB
0x02F1	0xE5F0    	MOV A, B
0x02F3	0xF9      	MOV R1, A
0x02F4	0x2430    	ADD A, #48
0x02F6	0xF9      	MOV R1, A
0x02F7	0xA601    	MOV @R0, R1
;BT5a.c,25 :: 		text[2] = temp_whole%10 + 48; // Extract ones digit
0x02F9	0xE530    	MOV A, _text
0x02FB	0x2402    	ADD A, #2
0x02FD	0xF8      	MOV R0, A
0x02FE	0x75F00A  	MOV B, #10
0x0301	0xE50D    	MOV A, Display_Temperature_temp_whole_L0
0x0303	0x84      	DIV AB
0x0304	0xE5F0    	MOV A, B
0x0306	0xF9      	MOV R1, A
0x0307	0x2430    	ADD A, #48
0x0309	0xF9      	MOV R1, A
0x030A	0xA601    	MOV @R0, R1
;BT5a.c,26 :: 		temp_fraction = temp2write << (4-RES_SHIFT);
0x030C	0x7A03    	MOV R2, #3
0x030E	0xA90C    	MOV R1, FARG_Display_Temperature_temp2write+1
0x0310	0xE50B    	MOV A, FARG_Display_Temperature_temp2write
0x0312	0x0A      	INC R2
0x0313	0x8005    	SJMP L__Display_Temperature8
L__Display_Temperature9:
0x0315	0xC3      	CLR C
0x0316	0x33      	RLC A
0x0317	0xC9      	XCH A, R1
0x0318	0x33      	RLC A
0x0319	0xC9      	XCH A, R1
L__Display_Temperature8:
0x031A	0xDAF9    	DJNZ R2, L__Display_Temperature9
0x031C	0xF8      	MOV R0, A
0x031D	0x85000E  	MOV Display_Temperature_temp_fraction_L0, 0
0x0320	0x85010F  	MOV Display_Temperature_temp_fraction_L0+1, 1
;BT5a.c,27 :: 		temp_fraction &= 0x000F;
0x0323	0x53000F  	ANL R0, #15
0x0326	0x530100  	ANL R1, #0
0x0329	0x85000E  	MOV Display_Temperature_temp_fraction_L0, 0
0x032C	0x85010F  	MOV Display_Temperature_temp_fraction_L0+1, 1
;BT5a.c,28 :: 		temp_fraction *= 625;
0x032F	0x7C71    	MOV R4, #113
0x0331	0x7D02    	MOV R5, #2
0x0333	0x31DA    	ACALL _Mul_16x16
0x0335	0x85000E  	MOV Display_Temperature_temp_fraction_L0, 0
0x0338	0x85010F  	MOV Display_Temperature_temp_fraction_L0+1, 1
;BT5a.c,29 :: 		text[4] = temp_fraction/1000 + 48; // Extract thousands digit
0x033B	0xC000    	PUSH R0
0x033D	0xE530    	MOV A, _text
0x033F	0x2404    	ADD A, #4
0x0341	0xF8      	MOV R0, A
0x0342	0x850010  	MOV FLOC__Display_Temperature, 0
0x0345	0xD000    	POP R0
0x0347	0x7CE8    	MOV R4, #232
0x0349	0x7D03    	MOV R5, #3
0x034B	0x3185    	ACALL _Div_16x16_U
0x034D	0x7430    	MOV A, #48
0x034F	0x28      	ADD A, R0
0x0350	0xF9      	MOV R1, A
0x0351	0xA810    	MOV R0, FLOC__Display_Temperature
0x0353	0xA601    	MOV @R0, R1
;BT5a.c,30 :: 		text[5] = (temp_fraction/100)%10 + 48; // Extract hundreds digit
0x0355	0xE530    	MOV A, _text
0x0357	0x2405    	ADD A, #5
0x0359	0xF8      	MOV R0, A
0x035A	0x850010  	MOV FLOC__Display_Temperature, 0
0x035D	0x7C64    	MOV R4, #100
0x035F	0x7D00    	MOV R5, #0
0x0361	0xA80E    	MOV R0, Display_Temperature_temp_fraction_L0
0x0363	0xA90F    	MOV R1, Display_Temperature_temp_fraction_L0+1
0x0365	0x3185    	ACALL _Div_16x16_U
0x0367	0x7C0A    	MOV R4, #10
0x0369	0x7D00    	MOV R5, #0
0x036B	0x3185    	ACALL _Div_16x16_U
0x036D	0xA804    	MOV R0, R4
0x036F	0xA905    	MOV R1, R5
0x0371	0x7430    	MOV A, #48
0x0373	0x28      	ADD A, R0
0x0374	0xF9      	MOV R1, A
0x0375	0xA810    	MOV R0, FLOC__Display_Temperature
0x0377	0xA601    	MOV @R0, R1
;BT5a.c,31 :: 		text[6] = (temp_fraction/10)%10 + 48; // Extract tens digit
0x0379	0xE530    	MOV A, _text
0x037B	0x2406    	ADD A, #6
0x037D	0xF8      	MOV R0, A
0x037E	0x850010  	MOV FLOC__Display_Temperature, 0
0x0381	0x7C0A    	MOV R4, #10
0x0383	0x7D00    	MOV R5, #0
0x0385	0xA80E    	MOV R0, Display_Temperature_temp_fraction_L0
0x0387	0xA90F    	MOV R1, Display_Temperature_temp_fraction_L0+1
0x0389	0x3185    	ACALL _Div_16x16_U
0x038B	0x7C0A    	MOV R4, #10
0x038D	0x7D00    	MOV R5, #0
0x038F	0x3185    	ACALL _Div_16x16_U
0x0391	0xA804    	MOV R0, R4
0x0393	0xA905    	MOV R1, R5
0x0395	0x7430    	MOV A, #48
0x0397	0x28      	ADD A, R0
0x0398	0xF9      	MOV R1, A
0x0399	0xA810    	MOV R0, FLOC__Display_Temperature
0x039B	0xA601    	MOV @R0, R1
;BT5a.c,32 :: 		text[7] = temp_fraction%10 + 48; // Extract ones digit
0x039D	0xE530    	MOV A, _text
0x039F	0x2407    	ADD A, #7
0x03A1	0xF8      	MOV R0, A
0x03A2	0x850010  	MOV FLOC__Display_Temperature, 0
0x03A5	0x7C0A    	MOV R4, #10
0x03A7	0x7D00    	MOV R5, #0
0x03A9	0xA80E    	MOV R0, Display_Temperature_temp_fraction_L0
0x03AB	0xA90F    	MOV R1, Display_Temperature_temp_fraction_L0+1
0x03AD	0x3185    	ACALL _Div_16x16_U
0x03AF	0xA804    	MOV R0, R4
0x03B1	0xA905    	MOV R1, R5
0x03B3	0x7430    	MOV A, #48
0x03B5	0x28      	ADD A, R0
0x03B6	0xF9      	MOV R1, A
0x03B7	0xA810    	MOV R0, FLOC__Display_Temperature
0x03B9	0xA601    	MOV @R0, R1
;BT5a.c,33 :: 		Lcd_Out(2, 5, text);
0x03BB	0x751102  	MOV FARG_LCD_Out_row, #2
0x03BE	0x751205  	MOV FARG_LCD_Out_column, #5
0x03C1	0x853013  	MOV FARG_LCD_Out_text, _text+0
0x03C4	0x311F    	ACALL _LCD_Out
;BT5a.c,34 :: 		}
0x03C6	0x22      	RET
; end of _Display_Temperature
_Lcd_Chr:
;__Lib_Lcd.c,57 :: 		
;__Lib_Lcd.c,58 :: 		
0x03C7	0x8019    	SJMP L_Lcd_Chr8
;__Lib_Lcd.c,59 :: 		
L_Lcd_Chr10:
0x03C9	0x750B80  	MOV FARG_Lcd_Chr_row, #128
0x03CC	0x802E    	SJMP L_Lcd_Chr9
;__Lib_Lcd.c,60 :: 		
L_Lcd_Chr11:
0x03CE	0x750BC0  	MOV FARG_Lcd_Chr_row, #192
0x03D1	0x8029    	SJMP L_Lcd_Chr9
;__Lib_Lcd.c,61 :: 		
L_Lcd_Chr12:
0x03D3	0x750B94  	MOV FARG_Lcd_Chr_row, #148
0x03D6	0x8024    	SJMP L_Lcd_Chr9
;__Lib_Lcd.c,62 :: 		
L_Lcd_Chr13:
0x03D8	0x750BD4  	MOV FARG_Lcd_Chr_row, #212
0x03DB	0x801F    	SJMP L_Lcd_Chr9
;__Lib_Lcd.c,63 :: 		
L_Lcd_Chr14:
0x03DD	0x750B80  	MOV FARG_Lcd_Chr_row, #128
;__Lib_Lcd.c,64 :: 		
0x03E0	0x801A    	SJMP L_Lcd_Chr9
L_Lcd_Chr8:
0x03E2	0xE50B    	MOV A, FARG_Lcd_Chr_row
0x03E4	0x6401    	XRL A, #1
0x03E6	0x60E1    	JZ L_Lcd_Chr10
0x03E8	0xE50B    	MOV A, FARG_Lcd_Chr_row
0x03EA	0x6402    	XRL A, #2
0x03EC	0x60E0    	JZ L_Lcd_Chr11
0x03EE	0xE50B    	MOV A, FARG_Lcd_Chr_row
0x03F0	0x6403    	XRL A, #3
0x03F2	0x60DF    	JZ L_Lcd_Chr12
0x03F4	0xE50B    	MOV A, FARG_Lcd_Chr_row
0x03F6	0x6404    	XRL A, #4
0x03F8	0x60DE    	JZ L_Lcd_Chr13
0x03FA	0x80E1    	SJMP L_Lcd_Chr14
L_Lcd_Chr9:
;__Lib_Lcd.c,66 :: 		
0x03FC	0xC3      	CLR C
0x03FD	0xE50C    	MOV A, FARG_Lcd_Chr_column
0x03FF	0x9401    	SUBB A, #1
0x0401	0xF8      	MOV R0, A
0x0402	0xE50B    	MOV A, FARG_Lcd_Chr_row
0x0404	0x28      	ADD A, R0
0x0405	0xF8      	MOV R0, A
0x0406	0x85000B  	MOV FARG_Lcd_Chr_row, 0
;__Lib_Lcd.c,68 :: 		
0x0409	0x750A01  	MOV _cmd_status, #1
;__Lib_Lcd.c,69 :: 		
0x040C	0x850016  	MOV FARG_Lcd_Cmd_out_char, 0
0x040F	0x1138    	ACALL _Lcd_Cmd
;__Lib_Lcd.c,71 :: 		
0x0411	0x750A00  	MOV _cmd_status, #0
;__Lib_Lcd.c,72 :: 		
0x0414	0x850D16  	MOV FARG_Lcd_Cmd_out_char, FARG_Lcd_Chr_out_char+0
0x0417	0x1138    	ACALL _Lcd_Cmd
;__Lib_Lcd.c,73 :: 		
0x0419	0x750A01  	MOV _cmd_status, #1
;__Lib_Lcd.c,74 :: 		
0x041C	0x22      	RET
; end of _Lcd_Chr
_main:
0x041D	0x75814A  	MOV SP, #74
0x0420	0x12049C  	LCALL 1180
;BT5a.c,35 :: 		void main() {
;BT5a.c,36 :: 		Lcd_Init(); // Initialize LCD
0x0423	0x31EC    	ACALL _Lcd_Init
;BT5a.c,37 :: 		Lcd_Cmd(_LCD_CLEAR); // Clear LCD
0x0425	0x751601  	MOV FARG_Lcd_Cmd_out_char, #1
0x0428	0x1138    	ACALL _Lcd_Cmd
;BT5a.c,38 :: 		Lcd_Cmd(_LCD_CURSOR_OFF); // Turn cursor off
0x042A	0x75160C  	MOV FARG_Lcd_Cmd_out_char, #12
0x042D	0x1138    	ACALL _Lcd_Cmd
;BT5a.c,39 :: 		Lcd_Out(1, 1, " NHIET DO : ");
0x042F	0x751101  	MOV FARG_LCD_Out_row, #1
0x0432	0x751201  	MOV FARG_LCD_Out_column, #1
0x0435	0x75133D  	MOV FARG_LCD_Out_text, lo_addr(?lstr2_BT5a)
0x0438	0x311F    	ACALL _LCD_Out
;BT5a.c,40 :: 		Lcd_Out(2, 1, " 26 do F");
0x043A	0x751102  	MOV FARG_LCD_Out_row, #2
0x043D	0x751201  	MOV FARG_LCD_Out_column, #1
0x0440	0x751331  	MOV FARG_LCD_Out_text, lo_addr(?lstr3_BT5a)
0x0443	0x311F    	ACALL _LCD_Out
;BT5a.c,41 :: 		delay_ms(2000);
0x0445	0x7D0D    	MOV R5, 13
0x0447	0x7EAB    	MOV R6, 171
0x0449	0x7F7C    	MOV R7, 124
0x044B	0xDFFE    	DJNZ R7, PC-2
0x044D	0xDEFC    	DJNZ R6, PC-4
0x044F	0xDDFA    	DJNZ R5, PC-6
;BT5a.c,42 :: 		Lcd_Chr(2,13,223); // different LCD displays have different char code for
0x0451	0x750B02  	MOV FARG_Lcd_Chr_row, #2
0x0454	0x750C0D  	MOV FARG_Lcd_Chr_column, #13
0x0457	0x750DDF  	MOV FARG_Lcd_Chr_out_char, #223
0x045A	0x71C7    	ACALL _Lcd_Chr
;BT5a.c,43 :: 		Lcd_Chr(2,14,'F');
0x045C	0x750B02  	MOV FARG_Lcd_Chr_row, #2
0x045F	0x750C0E  	MOV FARG_Lcd_Chr_column, #14
0x0462	0x750D46  	MOV FARG_Lcd_Chr_out_char, #70
0x0465	0x71C7    	ACALL _Lcd_Chr
;BT5a.c,44 :: 		do {
L_main3:
;BT5a.c,45 :: 		Display_Temperature(temp);
0x0467	0x85080B  	MOV FARG_Display_Temperature_temp2write, _temp+0
0x046A	0x85090C  	MOV FARG_Display_Temperature_temp2write+1, _temp+1
0x046D	0x518C    	ACALL _Display_Temperature
;BT5a.c,46 :: 		P3=0XFF;
0x046F	0x75B0FF  	MOV P3, #255
;BT5a.c,47 :: 		Delay_ms(500);
0x0472	0x7D04    	MOV R5, 4
0x0474	0x7E2B    	MOV R6, 43
0x0476	0x7F9D    	MOV R7, 157
0x0478	0xDFFE    	DJNZ R7, PC-2
0x047A	0xDEFC    	DJNZ R6, PC-4
0x047C	0xDDFA    	DJNZ R5, PC-6
;BT5a.c,48 :: 		} while (1);
0x047E	0x80E7    	SJMP L_main3
;BT5a.c,49 :: 		}
0x0480	0x80FE    	SJMP #254
; end of _main
0x049C	0x7830    	MOV R0, 48
0x049E	0x791A    	MOV R1, 26
0x04A0	0x758282  	MOV DP0L, 130
0x04A3	0x758304  	MOV DP0H, 4
0x04A6	0x120284  	LCALL 644
0x04A9	0x22      	RET
;BT5a.c,0 :: ?ICS_text
0x0482	0x3A ;?ICS_text+0
; end of ?ICS_text
;BT5a.c,0 :: ?ICS?lstr3_BT5a
0x0483	0x203236 ;?ICS?lstr3_BT5a+0
0x0486	0x20646F ;?ICS?lstr3_BT5a+3
0x0489	0x204600 ;?ICS?lstr3_BT5a+6
; end of ?ICS?lstr3_BT5a
;BT5a.c,0 :: ?ICS?lstr1_BT5a
0x048C	0x2E3000 ;?ICS?lstr1_BT5a+0
; end of ?ICS?lstr1_BT5a
;BT5a.c,0 :: ?ICS?lstr2_BT5a
0x048F	0x204E48 ;?ICS?lstr2_BT5a+0
0x0492	0x494554 ;?ICS?lstr2_BT5a+3
0x0495	0x20444F ;?ICS?lstr2_BT5a+6
0x0498	0x203A20 ;?ICS?lstr2_BT5a+9
0x049B	0x00 ;?ICS?lstr2_BT5a+12
; end of ?ICS?lstr2_BT5a
Symbol List:
//** Routines locations **
//ADDRESS    SIZE    PROCEDURE
//----------------------------------------------
0x0026       [2]    _Delay_1us
0x0028      [10]    _Delay_5500us
0x0032       [6]    _Delay_50us
0x0038     [219]    _Lcd_Cmd
0x0113      [12]    _Lcd_Chr_CP
0x011F     [102]    _LCD_Out
0x0185      [85]    _Div_16x16_U
0x01DA      [18]    _Mul_16x16
0x01EC     [152]    _Lcd_Init
0x0284       [8]    ___CC2D
0x028C     [315]    _Display_Temperature
0x03C7      [86]    _Lcd_Chr
0x041D     [101]    _main
//** Variables locations ** 
//ADDRESS    SIZE    VARIABLE
//----------------------------------------------
0x0000       [1]    R0
0x0001       [1]    R1
0x0002       [1]    R2
0x0003       [1]    R3
0x0004       [1]    R4
0x0005       [1]    R5
0x0006       [1]    R6
0x0007       [1]    R7
0x0008       [2]    _temp
0x000A       [1]    _cmd_status
0x000B       [2]    FARG_Display_Temperature_temp2write
0x000B       [1]    FARG_Lcd_Chr_row
0x000C       [1]    FARG_Lcd_Chr_column
0x000D       [1]    FARG_Lcd_Chr_out_char
0x000D       [1]    Display_Temperature_temp_whole_L0
0x000E       [2]    Display_Temperature_temp_fraction_L0
0x0010       [1]    FLOC__Display_Temperature
0x0011       [1]    FARG_LCD_Out_row
0x0012       [1]    FARG_LCD_Out_column
0x0013       [1]    FARG_LCD_Out_text
0x0014       [1]    LCD_Out_i_L0
0x0015       [1]    FARG_Lcd_Chr_CP_out_char
0x0016       [1]    FARG_Lcd_Cmd_out_char
0x0030       [1]    _text
0x0031       [9]    ?lstr3_BT5a
0x003A       [3]    ?lstr1_BT5a
0x003D      [13]    ?lstr2_BT5a
0x0081       [1]    SP
0x0082       [1]    DPL
0x0083       [1]    DPH
0x0090       [0]    P1_2_bit
0x00A0       [0]    P2_3_bit
0x00A0       [0]    P2_4_bit
0x00A0       [0]    P2_5_bit
0x00A0       [0]    P2_2_bit
0x00A0       [0]    P2_0_bit
0x00A0       [0]    P2_1_bit
0x00A0       [0]    LCD_D5
0x00A0       [0]    LCD_D6
0x00A0       [0]    LCD_D7
0x00A0       [0]    LCD_D4
0x00A0       [0]    LCD_RS
0x00A0       [0]    LCD_EN
0x00B0       [1]    P3
0x00D0       [1]    PSW
0x00D0       [0]    OV_bit
0x00E0       [1]    ACC
0x00F0       [1]    B
//** Constants locations ** 
//ADDRESS    SIZE    CONSTANT
//----------------------------------------------
0x0482       [1]    ?ICS_text
0x0483       [9]    ?ICS?lstr3_BT5a
0x048C       [3]    ?ICS?lstr1_BT5a
0x048F      [13]    ?ICS?lstr2_BT5a
//** Label List: ** 
//----------------------------------------------
  L_Display_Temperature0
  L_Display_Temperature1
  L_Display_Temperature2
  L_main3
  L_main4
  L_main5
  _Display_Temperature
  L__Display_Temperature6
  L__Display_Temperature7
  L__Display_Temperature8
  L__Display_Temperature9
  _main
  L_Delay_Cyc0
  L_Delay_Cyc1
  L_VDelay_ms2
  L_VDelay_ms3
  L_VDelay_ms4
  L_VDelay_ms5
  _Get_Fosc_kHz
  _Delay_1us
  _Delay_10us
  _Delay_22us
  _Delay_50us
  _Delay_80us
  _Delay_500us
  _Delay_5500us
  _Delay_8ms
  _Delay_10ms
  _Delay_100ms
  _Delay_1sec
  _Delay_Cyc
  _VDelay_ms
  L_Lcd_Cmd0
  L_Lcd_Cmd1
  L_Lcd_Cmd2
  L_Lcd_Cmd3
  L_Lcd_Cmd4
  L_Lcd_Cmd5
  L_LCD_Out_CP6
  L_LCD_Out_CP7
  L_Lcd_Chr8
  L_Lcd_Chr9
  L_Lcd_Chr10
  L_Lcd_Chr11
  L_Lcd_Chr12
  L_Lcd_Chr13
  L_Lcd_Chr14
  L_LCD_Out15
  L_LCD_Out16
  L_LCD_Out17
  L_LCD_Out18
  L_LCD_Out19
  L_LCD_Out20
  L_LCD_Out21
  L_LCD_Out22
  L_LCD_Out23
  _Lcd_Cmd
  L__Lcd_Cmd24
  L__Lcd_Cmd25
  L__Lcd_Cmd26
  L__Lcd_Cmd27
  L__Lcd_Cmd28
  L__Lcd_Cmd29
  L__Lcd_Cmd30
  L__Lcd_Cmd31
  L__Lcd_Cmd32
  L__Lcd_Cmd33
  L__Lcd_Cmd34
  L__Lcd_Cmd35
  L__Lcd_Cmd36
  L__Lcd_Cmd37
  L__Lcd_Cmd38
  L__Lcd_Cmd39
  _Lcd_Chr_CP
  _LCD_Out_CP
  _Lcd_Chr
  _Lcd_Init
  _LCD_Out
  lab_end
  loop_lab
  lab_end1
  lab_loop1
  lab_end2
  lab_loop3
  __Div_8x8_S_Bpositive
  __Div_8x8_S_Apositive
  __Div_8x8_S_Skip_Div
  __Div_8x8_S_div_ret
  __op2hi_not_zero
  __op1hi_not_zero
  __Div_16x16_U_Loop1
  __Div_16x16_U_Lab1
  __Div_16x16_U_div_ret
  __Div_16x16_U_Loop2
  __Div_16x16_U_Lab2
  __Div_16x16_U_Lab3
  __Div_16x16_S_op2hipositive
  __Div_16x16_S_op1hipositive
  __Div_16x16_S_Skip_Udiv
  __Div_16x16_S_div_ret
  __Div_32x32_U_start
  __Div_32x32_U_aux
  __Div_32x32_U_l2
  __Div_32x32_U_l1
  lw_1
  lw_2
  __Div_32x32_U_l3
  lw_3
  __Div_32x32_U_l4
  __Div_32x32_U_IR_l0
  __Div_32x32_U_l5
  __Div_32x32_U_l6
  __Div_32x32_U_l8
  __Div_32x32_U_l7
  __Div_32x32_U_IR_l1
  __Div_32x32_U_l10
  __Div_32x32_U_l9
  __Div_32x32_U_IR_l2
  __Div_32x32_S_l1
  __Div_32x32_S_call_uns
  __Div_32x32_S_l2
  __Div_32x32_S_l3
  __Div_32x32_S_div_ret
  __shl_long
  __shr_longint
  __shr_longword
  _Mul_16x16
  _Mul_32x32
  _Div_8x8_S
  _Div_16x16_U
  _Div_16x16_S
  _Div_32x32_U
  _Div_32x32_S
  _CC2D_Loop1
  _CC2PD_Loop1
  _CC2XD_Loop1
  ___DoIFC
  ___CC2D
  ___CC2PD
  ___CC2XD
