;  LST file generated by mikroListExporter - v.2.0 
; Date/Time: 12/10/2024 9:32:03 PM
;----------------------------------------------

;Address Opcode 	ASM
0x0000	0x02029A  	LJMP 666
0x0003	0x02027A  	LJMP 634
0x0006	0x00      	NOP
0x0007	0x00      	NOP
0x0008	0x00      	NOP
0x0009	0x00      	NOP
0x000A	0x00      	NOP
0x000B	0x020000  	LJMP 0
0x000E	0x00      	NOP
0x000F	0x00      	NOP
0x0010	0x00      	NOP
0x0011	0x00      	NOP
0x0012	0x00      	NOP
0x0013	0x020000  	LJMP 0
0x0016	0x00      	NOP
0x0017	0x00      	NOP
0x0018	0x00      	NOP
0x0019	0x00      	NOP
0x001A	0x00      	NOP
0x001B	0x020000  	LJMP 0
0x001E	0x00      	NOP
0x001F	0x00      	NOP
0x0020	0x00      	NOP
0x0021	0x00      	NOP
0x0022	0x00      	NOP
0x0023	0x020000  	LJMP 0
_Delay_5500us:
;__Lib_Delays.c,213 :: 		void Delay_5500us() {
;__Lib_Delays.c,214 :: 		Delay_us(5500);
0x0026	0x7E09    	MOV R6, 9
0x0028	0x7FE9    	MOV R7, 233
0x002A	0xDFFE    	DJNZ R7, PC-2
0x002C	0xDEFC    	DJNZ R6, PC-4
0x002E	0x00      	NOP
;__Lib_Delays.c,215 :: 		}
0x002F	0x22      	RET
; end of _Delay_5500us
_Delay_1us:
;__Lib_Delays.c,63 :: 		void Delay_1us() {
;__Lib_Delays.c,64 :: 		Delay_us(1);
0x0030	0x00      	NOP
;__Lib_Delays.c,65 :: 		}
0x0031	0x22      	RET
; end of _Delay_1us
_Delay_50us:
;__Lib_Delays.c,138 :: 		void Delay_50us() {
;__Lib_Delays.c,139 :: 		Delay_us(50);
0x0032	0x7F14    	MOV R7, 20
0x0034	0xDFFE    	DJNZ R7, PC-2
0x0036	0x00      	NOP
;__Lib_Delays.c,140 :: 		}
0x0037	0x22      	RET
; end of _Delay_50us
_Lcd_Cmd:
;__Lib_Lcd.c,13 :: 		
;__Lib_Lcd.c,14 :: 		
0x0038	0xE510    	MOV A, FARG_Lcd_Cmd_out_char
0x003A	0x5480    	ANL A, #128
0x003C	0xF8      	MOV R0, A
0x003D	0x630080  	XRL R0, #128
0x0040	0xE8      	MOV A, R0
0x0041	0x6004    	JZ L__Lcd_Cmd24
0x0043	0x7800    	MOV R0, #0
0x0045	0x8002    	SJMP L__Lcd_Cmd25
L__Lcd_Cmd24:
0x0047	0x7801    	MOV R0, #1
L__Lcd_Cmd25:
0x0049	0xE8      	MOV A, R0
0x004A	0x13      	RRC A
0x004B	0x92A5    	MOV LCD_D7, C
;__Lib_Lcd.c,15 :: 		
0x004D	0xE510    	MOV A, FARG_Lcd_Cmd_out_char
0x004F	0x5440    	ANL A, #64
0x0051	0xF8      	MOV R0, A
0x0052	0x630040  	XRL R0, #64
0x0055	0xE8      	MOV A, R0
0x0056	0x6004    	JZ L__Lcd_Cmd26
0x0058	0x7800    	MOV R0, #0
0x005A	0x8002    	SJMP L__Lcd_Cmd27
L__Lcd_Cmd26:
0x005C	0x7801    	MOV R0, #1
L__Lcd_Cmd27:
0x005E	0xE8      	MOV A, R0
0x005F	0x13      	RRC A
0x0060	0x92A4    	MOV LCD_D6, C
;__Lib_Lcd.c,16 :: 		
0x0062	0xE510    	MOV A, FARG_Lcd_Cmd_out_char
0x0064	0x5420    	ANL A, #32
0x0066	0xF8      	MOV R0, A
0x0067	0x630020  	XRL R0, #32
0x006A	0xE8      	MOV A, R0
0x006B	0x6004    	JZ L__Lcd_Cmd28
0x006D	0x7800    	MOV R0, #0
0x006F	0x8002    	SJMP L__Lcd_Cmd29
L__Lcd_Cmd28:
0x0071	0x7801    	MOV R0, #1
L__Lcd_Cmd29:
0x0073	0xE8      	MOV A, R0
0x0074	0x13      	RRC A
0x0075	0x92A3    	MOV LCD_D5, C
;__Lib_Lcd.c,17 :: 		
0x0077	0xE510    	MOV A, FARG_Lcd_Cmd_out_char
0x0079	0x5410    	ANL A, #16
0x007B	0xF8      	MOV R0, A
0x007C	0x630010  	XRL R0, #16
0x007F	0xE8      	MOV A, R0
0x0080	0x6004    	JZ L__Lcd_Cmd30
0x0082	0x7800    	MOV R0, #0
0x0084	0x8002    	SJMP L__Lcd_Cmd31
L__Lcd_Cmd30:
0x0086	0x7801    	MOV R0, #1
L__Lcd_Cmd31:
0x0088	0xE8      	MOV A, R0
0x0089	0x13      	RRC A
0x008A	0x92A2    	MOV LCD_D4, C
;__Lib_Lcd.c,19 :: 		
0x008C	0xE508    	MOV A, _cmd_status
0x008E	0x6004    	JZ L_Lcd_Cmd0
0x0090	0x7800    	MOV R0, #0
0x0092	0x8002    	SJMP L_Lcd_Cmd1
L_Lcd_Cmd0:
0x0094	0x7801    	MOV R0, #1
L_Lcd_Cmd1:
0x0096	0xE8      	MOV A, R0
0x0097	0x13      	RRC A
0x0098	0x92A0    	MOV LCD_RS, C
;__Lib_Lcd.c,21 :: 		
0x009A	0xD2A1    	SETB LCD_EN
;__Lib_Lcd.c,22 :: 		
0x009C	0x1130    	ACALL _Delay_1us
;__Lib_Lcd.c,23 :: 		
0x009E	0xC2A1    	CLR LCD_EN
;__Lib_Lcd.c,25 :: 		
0x00A0	0xE510    	MOV A, FARG_Lcd_Cmd_out_char
0x00A2	0x5408    	ANL A, #8
0x00A4	0xF8      	MOV R0, A
0x00A5	0x630008  	XRL R0, #8
0x00A8	0xE8      	MOV A, R0
0x00A9	0x6004    	JZ L__Lcd_Cmd32
0x00AB	0x7800    	MOV R0, #0
0x00AD	0x8002    	SJMP L__Lcd_Cmd33
L__Lcd_Cmd32:
0x00AF	0x7801    	MOV R0, #1
L__Lcd_Cmd33:
0x00B1	0xE8      	MOV A, R0
0x00B2	0x13      	RRC A
0x00B3	0x92A5    	MOV LCD_D7, C
;__Lib_Lcd.c,26 :: 		
0x00B5	0xE510    	MOV A, FARG_Lcd_Cmd_out_char
0x00B7	0x5404    	ANL A, #4
0x00B9	0xF8      	MOV R0, A
0x00BA	0x630004  	XRL R0, #4
0x00BD	0xE8      	MOV A, R0
0x00BE	0x6004    	JZ L__Lcd_Cmd34
0x00C0	0x7800    	MOV R0, #0
0x00C2	0x8002    	SJMP L__Lcd_Cmd35
L__Lcd_Cmd34:
0x00C4	0x7801    	MOV R0, #1
L__Lcd_Cmd35:
0x00C6	0xE8      	MOV A, R0
0x00C7	0x13      	RRC A
0x00C8	0x92A4    	MOV LCD_D6, C
;__Lib_Lcd.c,27 :: 		
0x00CA	0xE510    	MOV A, FARG_Lcd_Cmd_out_char
0x00CC	0x5402    	ANL A, #2
0x00CE	0xF8      	MOV R0, A
0x00CF	0x630002  	XRL R0, #2
0x00D2	0xE8      	MOV A, R0
0x00D3	0x6004    	JZ L__Lcd_Cmd36
0x00D5	0x7800    	MOV R0, #0
0x00D7	0x8002    	SJMP L__Lcd_Cmd37
L__Lcd_Cmd36:
0x00D9	0x7801    	MOV R0, #1
L__Lcd_Cmd37:
0x00DB	0xE8      	MOV A, R0
0x00DC	0x13      	RRC A
0x00DD	0x92A3    	MOV LCD_D5, C
;__Lib_Lcd.c,28 :: 		
0x00DF	0xE510    	MOV A, FARG_Lcd_Cmd_out_char
0x00E1	0x5401    	ANL A, #1
0x00E3	0xF8      	MOV R0, A
0x00E4	0x630001  	XRL R0, #1
0x00E7	0xE8      	MOV A, R0
0x00E8	0x6004    	JZ L__Lcd_Cmd38
0x00EA	0x7800    	MOV R0, #0
0x00EC	0x8002    	SJMP L__Lcd_Cmd39
L__Lcd_Cmd38:
0x00EE	0x7801    	MOV R0, #1
L__Lcd_Cmd39:
0x00F0	0xE8      	MOV A, R0
0x00F1	0x13      	RRC A
0x00F2	0x92A2    	MOV LCD_D4, C
;__Lib_Lcd.c,30 :: 		
0x00F4	0xE508    	MOV A, _cmd_status
0x00F6	0x6004    	JZ L_Lcd_Cmd2
0x00F8	0x7800    	MOV R0, #0
0x00FA	0x8002    	SJMP L_Lcd_Cmd3
L_Lcd_Cmd2:
0x00FC	0x7801    	MOV R0, #1
L_Lcd_Cmd3:
0x00FE	0xE8      	MOV A, R0
0x00FF	0x13      	RRC A
0x0100	0x92A0    	MOV LCD_RS, C
;__Lib_Lcd.c,32 :: 		
0x0102	0xD2A1    	SETB LCD_EN
;__Lib_Lcd.c,33 :: 		
0x0104	0x1130    	ACALL _Delay_1us
;__Lib_Lcd.c,34 :: 		
0x0106	0xC2A1    	CLR LCD_EN
;__Lib_Lcd.c,36 :: 		
0x0108	0xE508    	MOV A, _cmd_status
0x010A	0x6004    	JZ L_Lcd_Cmd4
;__Lib_Lcd.c,37 :: 		
0x010C	0x1126    	ACALL _Delay_5500us
0x010E	0x8002    	SJMP L_Lcd_Cmd5
L_Lcd_Cmd4:
;__Lib_Lcd.c,39 :: 		
0x0110	0x1132    	ACALL _Delay_50us
L_Lcd_Cmd5:
;__Lib_Lcd.c,40 :: 		
0x0112	0x22      	RET
; end of _Lcd_Cmd
_Lcd_Chr_CP:
;__Lib_Lcd.c,42 :: 		
;__Lib_Lcd.c,44 :: 		
0x0113	0x750800  	MOV _cmd_status, #0
;__Lib_Lcd.c,45 :: 		
0x0116	0x850F10  	MOV FARG_Lcd_Cmd_out_char, FARG_Lcd_Chr_CP_out_char+0
0x0119	0x1138    	ACALL _Lcd_Cmd
;__Lib_Lcd.c,46 :: 		
0x011B	0x750801  	MOV _cmd_status, #1
;__Lib_Lcd.c,47 :: 		
0x011E	0x22      	RET
; end of _Lcd_Chr_CP
_Lcd_Init:
;__Lib_Lcd.c,76 :: 		
;__Lib_Lcd.c,78 :: 		
0x011F	0xC2A1    	CLR LCD_EN
;__Lib_Lcd.c,80 :: 		
0x0121	0xC2A0    	CLR LCD_RS
;__Lib_Lcd.c,83 :: 		
0x0123	0x1126    	ACALL _Delay_5500us
;__Lib_Lcd.c,84 :: 		
0x0125	0x1126    	ACALL _Delay_5500us
;__Lib_Lcd.c,85 :: 		
0x0127	0x1126    	ACALL _Delay_5500us
;__Lib_Lcd.c,87 :: 		
0x0129	0xC2A5    	CLR LCD_D7
;__Lib_Lcd.c,88 :: 		
0x012B	0xC2A4    	CLR LCD_D6
;__Lib_Lcd.c,89 :: 		
0x012D	0xC2A3    	CLR LCD_D5
;__Lib_Lcd.c,90 :: 		
0x012F	0xC2A2    	CLR LCD_D4
;__Lib_Lcd.c,93 :: 		
0x0131	0xD2A3    	SETB LCD_D5
;__Lib_Lcd.c,94 :: 		
0x0133	0xD2A2    	SETB LCD_D4
;__Lib_Lcd.c,95 :: 		
0x0135	0xD2A1    	SETB LCD_EN
;__Lib_Lcd.c,96 :: 		
0x0137	0x1130    	ACALL _Delay_1us
;__Lib_Lcd.c,97 :: 		
0x0139	0xC2A1    	CLR LCD_EN
;__Lib_Lcd.c,98 :: 		
0x013B	0x1126    	ACALL _Delay_5500us
;__Lib_Lcd.c,100 :: 		
0x013D	0xD2A1    	SETB LCD_EN
;__Lib_Lcd.c,101 :: 		
0x013F	0x1130    	ACALL _Delay_1us
;__Lib_Lcd.c,102 :: 		
0x0141	0xC2A1    	CLR LCD_EN
;__Lib_Lcd.c,103 :: 		
0x0143	0x1126    	ACALL _Delay_5500us
;__Lib_Lcd.c,105 :: 		
0x0145	0xD2A1    	SETB LCD_EN
;__Lib_Lcd.c,106 :: 		
0x0147	0x1130    	ACALL _Delay_1us
;__Lib_Lcd.c,107 :: 		
0x0149	0xC2A1    	CLR LCD_EN
;__Lib_Lcd.c,108 :: 		
0x014B	0x1126    	ACALL _Delay_5500us
;__Lib_Lcd.c,111 :: 		
0x014D	0xD2A3    	SETB LCD_D5
;__Lib_Lcd.c,112 :: 		
0x014F	0xC2A2    	CLR LCD_D4
;__Lib_Lcd.c,113 :: 		
0x0151	0xD2A1    	SETB LCD_EN
;__Lib_Lcd.c,114 :: 		
0x0153	0x1130    	ACALL _Delay_1us
;__Lib_Lcd.c,115 :: 		
0x0155	0xC2A1    	CLR LCD_EN
;__Lib_Lcd.c,116 :: 		
0x0157	0x1126    	ACALL _Delay_5500us
;__Lib_Lcd.c,119 :: 		
0x0159	0xC2A5    	CLR LCD_D7
;__Lib_Lcd.c,120 :: 		
0x015B	0xC2A4    	CLR LCD_D6
;__Lib_Lcd.c,121 :: 		
0x015D	0xC2A3    	CLR LCD_D5
;__Lib_Lcd.c,122 :: 		
0x015F	0xD2A3    	SETB LCD_D5
;__Lib_Lcd.c,123 :: 		
0x0161	0xC2A2    	CLR LCD_D4
;__Lib_Lcd.c,124 :: 		
0x0163	0xD2A1    	SETB LCD_EN
;__Lib_Lcd.c,125 :: 		
0x0165	0x1130    	ACALL _Delay_1us
;__Lib_Lcd.c,126 :: 		
0x0167	0xC2A1    	CLR LCD_EN
;__Lib_Lcd.c,127 :: 		
0x0169	0xC2A3    	CLR LCD_D5
;__Lib_Lcd.c,128 :: 		
0x016B	0xD2A5    	SETB LCD_D7
;__Lib_Lcd.c,129 :: 		
0x016D	0xD2A1    	SETB LCD_EN
;__Lib_Lcd.c,130 :: 		
0x016F	0x1130    	ACALL _Delay_1us
;__Lib_Lcd.c,131 :: 		
0x0171	0xC2A1    	CLR LCD_EN
;__Lib_Lcd.c,132 :: 		
0x0173	0x1126    	ACALL _Delay_5500us
;__Lib_Lcd.c,135 :: 		
0x0175	0xC2A5    	CLR LCD_D7
;__Lib_Lcd.c,136 :: 		
0x0177	0xD2A2    	SETB LCD_D4
;__Lib_Lcd.c,137 :: 		
0x0179	0xD2A1    	SETB LCD_EN
;__Lib_Lcd.c,138 :: 		
0x017B	0x1130    	ACALL _Delay_1us
;__Lib_Lcd.c,139 :: 		
0x017D	0xC2A1    	CLR LCD_EN
;__Lib_Lcd.c,140 :: 		
0x017F	0xC2A2    	CLR LCD_D4
;__Lib_Lcd.c,141 :: 		
0x0181	0xD2A1    	SETB LCD_EN
;__Lib_Lcd.c,142 :: 		
0x0183	0x1130    	ACALL _Delay_1us
;__Lib_Lcd.c,143 :: 		
0x0185	0xC2A1    	CLR LCD_EN
;__Lib_Lcd.c,144 :: 		
0x0187	0x1126    	ACALL _Delay_5500us
;__Lib_Lcd.c,147 :: 		
0x0189	0xC2A2    	CLR LCD_D4
;__Lib_Lcd.c,148 :: 		
0x018B	0xD2A1    	SETB LCD_EN
;__Lib_Lcd.c,149 :: 		
0x018D	0x1130    	ACALL _Delay_1us
;__Lib_Lcd.c,150 :: 		
0x018F	0xC2A1    	CLR LCD_EN
;__Lib_Lcd.c,151 :: 		
0x0191	0xD2A2    	SETB LCD_D4
;__Lib_Lcd.c,152 :: 		
0x0193	0xD2A1    	SETB LCD_EN
;__Lib_Lcd.c,153 :: 		
0x0195	0x1130    	ACALL _Delay_1us
;__Lib_Lcd.c,154 :: 		
0x0197	0xC2A1    	CLR LCD_EN
;__Lib_Lcd.c,155 :: 		
0x0199	0x1126    	ACALL _Delay_5500us
;__Lib_Lcd.c,158 :: 		
0x019B	0xC2A2    	CLR LCD_D4
;__Lib_Lcd.c,159 :: 		
0x019D	0xD2A1    	SETB LCD_EN
;__Lib_Lcd.c,160 :: 		
0x019F	0x1130    	ACALL _Delay_1us
;__Lib_Lcd.c,161 :: 		
0x01A1	0xC2A1    	CLR LCD_EN
;__Lib_Lcd.c,163 :: 		
0x01A3	0xD2A5    	SETB LCD_D7
;__Lib_Lcd.c,164 :: 		
0x01A5	0xD2A4    	SETB LCD_D6
;__Lib_Lcd.c,165 :: 		
0x01A7	0xD2A3    	SETB LCD_D5
;__Lib_Lcd.c,166 :: 		
0x01A9	0xD2A2    	SETB LCD_D4
;__Lib_Lcd.c,167 :: 		
0x01AB	0xD2A1    	SETB LCD_EN
;__Lib_Lcd.c,168 :: 		
0x01AD	0x1130    	ACALL _Delay_1us
;__Lib_Lcd.c,169 :: 		
0x01AF	0xC2A1    	CLR LCD_EN
;__Lib_Lcd.c,171 :: 		
0x01B1	0x1126    	ACALL _Delay_5500us
;__Lib_Lcd.c,173 :: 		
0x01B3	0x750801  	MOV _cmd_status, #1
;__Lib_Lcd.c,174 :: 		
0x01B6	0x22      	RET
; end of _Lcd_Init
___CC2D:
;__Lib_System.c,13 :: 		
;__Lib_System.c,15 :: 		
_CC2D_Loop1:
;__Lib_System.c,16 :: 		
0x01B7	0xE4      	CLR A
;__Lib_System.c,17 :: 		
0x01B8	0x93      	MOVC A, @A+DPTR
;__Lib_System.c,18 :: 		
0x01B9	0xF6      	MOV @R0, A
;__Lib_System.c,19 :: 		
0x01BA	0x08      	INC R0
;__Lib_System.c,20 :: 		
0x01BB	0xA3      	INC DPTR
;__Lib_System.c,21 :: 		
0x01BC	0xD9F9    	DJNZ R1, _CC2D_Loop1
;__Lib_System.c,23 :: 		
0x01BE	0x22      	RET
; end of ___CC2D
_Div_16x16_U:
;__Lib_Math.c,273 :: 		
;__Lib_Math.c,275 :: 		
0x01BF	0xBD000B  	CJNE R5, 0, __op2hi_not_zero
;__Lib_Math.c,276 :: 		
0x01C2	0xB90029  	CJNE R1, 0, __op1hi_not_zero
;__Lib_Math.c,277 :: 		
0x01C5	0xE8      	MOV A, R0
;__Lib_Math.c,278 :: 		
0x01C6	0x8CF0    	MOV B, R4
;__Lib_Math.c,279 :: 		
0x01C8	0x84      	DIV AB
;__Lib_Math.c,280 :: 		
0x01C9	0xF8      	MOV R0, A
;__Lib_Math.c,281 :: 		
0x01CA	0xACF0    	MOV R4, B
;__Lib_Math.c,282 :: 		
0x01CC	0x22      	RET
;__Lib_Math.c,284 :: 		
__op2hi_not_zero:
;__Lib_Math.c,285 :: 		
0x01CD	0xE4      	CLR A
;__Lib_Math.c,286 :: 		
0x01CE	0xCD      	XCH A, R5
;__Lib_Math.c,287 :: 		
0x01CF	0xFF      	MOV R7, A
;__Lib_Math.c,288 :: 		
0x01D0	0x75F008  	MOV B, 8
;__Lib_Math.c,290 :: 		
__Div_16x16_U_Loop1:
;__Lib_Math.c,291 :: 		
0x01D3	0xE8      	MOV A, R0
;__Lib_Math.c,292 :: 		
0x01D4	0x28      	ADD A, R0
;__Lib_Math.c,293 :: 		
0x01D5	0xF8      	MOV R0, A
;__Lib_Math.c,294 :: 		
0x01D6	0xE9      	MOV A, R1
;__Lib_Math.c,295 :: 		
0x01D7	0x33      	RLC A
;__Lib_Math.c,296 :: 		
0x01D8	0xF9      	MOV R1, A
;__Lib_Math.c,297 :: 		
0x01D9	0xED      	MOV A, R5
;__Lib_Math.c,298 :: 		
0x01DA	0x33      	RLC A
;__Lib_Math.c,299 :: 		
0x01DB	0xFD      	MOV R5, A
;__Lib_Math.c,300 :: 		
0x01DC	0xE9      	MOV A, R1
;__Lib_Math.c,301 :: 		
0x01DD	0x9C      	SUBB A, R4
;__Lib_Math.c,302 :: 		
0x01DE	0xED      	MOV A, R5
;__Lib_Math.c,303 :: 		
0x01DF	0x9F      	SUBB A, R7
;__Lib_Math.c,304 :: 		
0x01E0	0x4005    	JC __Div_16x16_U_Lab1
;__Lib_Math.c,305 :: 		
0x01E2	0xFD      	MOV R5, A
;__Lib_Math.c,306 :: 		
0x01E3	0xE9      	MOV A, R1
;__Lib_Math.c,307 :: 		
0x01E4	0x9C      	SUBB A, R4
;__Lib_Math.c,308 :: 		
0x01E5	0xF9      	MOV R1, A
;__Lib_Math.c,309 :: 		
0x01E6	0x08      	INC R0
;__Lib_Math.c,311 :: 		
__Div_16x16_U_Lab1:
;__Lib_Math.c,312 :: 		
0x01E7	0xD5F0E9  	DJNZ B, __Div_16x16_U_Loop1
;__Lib_Math.c,313 :: 		
0x01EA	0xE4      	CLR A
;__Lib_Math.c,314 :: 		
0x01EB	0xC9      	XCH A, R1
;__Lib_Math.c,315 :: 		
0x01EC	0xFC      	MOV R4, A
;__Lib_Math.c,316 :: 		
0x01ED	0x22      	RET
;__Lib_Math.c,318 :: 		
__op1hi_not_zero:
;__Lib_Math.c,319 :: 		
0x01EE	0xEC      	MOV A, R4
;__Lib_Math.c,320 :: 		
0x01EF	0xFF      	MOV R7, A
;__Lib_Math.c,321 :: 		
0x01F0	0xF5F0    	MOV B, A
;__Lib_Math.c,322 :: 		
0x01F2	0xE9      	MOV A, R1
;__Lib_Math.c,323 :: 		
0x01F3	0x84      	DIV AB
;__Lib_Math.c,324 :: 		
0x01F4	0x20D21C  	JB OV_bit, __Div_16x16_U_div_ret
;__Lib_Math.c,325 :: 		
0x01F7	0xF9      	MOV R1, A
;__Lib_Math.c,326 :: 		
0x01F8	0xACF0    	MOV R4, B
;__Lib_Math.c,327 :: 		
0x01FA	0x75F008  	MOV B, 8
;__Lib_Math.c,329 :: 		
__Div_16x16_U_Loop2:
;__Lib_Math.c,330 :: 		
0x01FD	0xE8      	MOV A, R0
;__Lib_Math.c,331 :: 		
0x01FE	0x28      	ADD A, R0
;__Lib_Math.c,332 :: 		
0x01FF	0xF8      	MOV R0, A
;__Lib_Math.c,333 :: 		
0x0200	0xEC      	MOV A, R4
;__Lib_Math.c,334 :: 		
0x0201	0x33      	RLC A
;__Lib_Math.c,335 :: 		
0x0202	0xFC      	MOV R4, A
;__Lib_Math.c,336 :: 		
0x0203	0x4007    	JC __Div_16x16_U_Lab2
;__Lib_Math.c,337 :: 		
0x0205	0x9F      	SUBB A, R7
;__Lib_Math.c,338 :: 		
0x0206	0x5006    	JNC __Div_16x16_U_Lab3
;__Lib_Math.c,339 :: 		
0x0208	0xD5F0F2  	DJNZ B, __Div_16x16_U_Loop2
;__Lib_Math.c,340 :: 		
0x020B	0x22      	RET
;__Lib_Math.c,342 :: 		
__Div_16x16_U_Lab2:
;__Lib_Math.c,343 :: 		
0x020C	0xC3      	CLR C
;__Lib_Math.c,344 :: 		
0x020D	0x9F      	SUBB A, R7
;__Lib_Math.c,345 :: 		
__Div_16x16_U_Lab3:
;__Lib_Math.c,346 :: 		
0x020E	0xFC      	MOV R4, A
;__Lib_Math.c,347 :: 		
0x020F	0x08      	INC R0
;__Lib_Math.c,348 :: 		
0x0210	0xD5F0EA  	DJNZ B, __Div_16x16_U_Loop2
;__Lib_Math.c,350 :: 		
__Div_16x16_U_div_ret:
;__Lib_Math.c,352 :: 		
0x0213	0x22      	RET
; end of _Div_16x16_U
_LCD_Out:
;__Lib_Lcd.c,176 :: 		
;__Lib_Lcd.c,179 :: 		
0x0214	0x8019    	SJMP L_LCD_Out15
;__Lib_Lcd.c,180 :: 		
L_LCD_Out17:
0x0216	0x750B80  	MOV FARG_LCD_Out_row, #128
0x0219	0x802E    	SJMP L_LCD_Out16
;__Lib_Lcd.c,181 :: 		
L_LCD_Out18:
0x021B	0x750BC0  	MOV FARG_LCD_Out_row, #192
0x021E	0x8029    	SJMP L_LCD_Out16
;__Lib_Lcd.c,182 :: 		
L_LCD_Out19:
0x0220	0x750B94  	MOV FARG_LCD_Out_row, #148
0x0223	0x8024    	SJMP L_LCD_Out16
;__Lib_Lcd.c,183 :: 		
L_LCD_Out20:
0x0225	0x750BD4  	MOV FARG_LCD_Out_row, #212
0x0228	0x801F    	SJMP L_LCD_Out16
;__Lib_Lcd.c,184 :: 		
L_LCD_Out21:
0x022A	0x750B80  	MOV FARG_LCD_Out_row, #128
;__Lib_Lcd.c,185 :: 		
0x022D	0x801A    	SJMP L_LCD_Out16
L_LCD_Out15:
0x022F	0xE50B    	MOV A, FARG_LCD_Out_row
0x0231	0x6401    	XRL A, #1
0x0233	0x60E1    	JZ L_LCD_Out17
0x0235	0xE50B    	MOV A, FARG_LCD_Out_row
0x0237	0x6402    	XRL A, #2
0x0239	0x60E0    	JZ L_LCD_Out18
0x023B	0xE50B    	MOV A, FARG_LCD_Out_row
0x023D	0x6403    	XRL A, #3
0x023F	0x60DF    	JZ L_LCD_Out19
0x0241	0xE50B    	MOV A, FARG_LCD_Out_row
0x0243	0x6404    	XRL A, #4
0x0245	0x60DE    	JZ L_LCD_Out20
0x0247	0x80E1    	SJMP L_LCD_Out21
L_LCD_Out16:
;__Lib_Lcd.c,186 :: 		
0x0249	0xC3      	CLR C
0x024A	0xE50C    	MOV A, FARG_LCD_Out_column
0x024C	0x9401    	SUBB A, #1
0x024E	0xF8      	MOV R0, A
0x024F	0xE50B    	MOV A, FARG_LCD_Out_row
0x0251	0x28      	ADD A, R0
0x0252	0xF8      	MOV R0, A
0x0253	0x85000B  	MOV FARG_LCD_Out_row, 0
;__Lib_Lcd.c,188 :: 		
0x0256	0x850010  	MOV FARG_Lcd_Cmd_out_char, 0
0x0259	0x1138    	ACALL _Lcd_Cmd
;__Lib_Lcd.c,189 :: 		
0x025B	0x750800  	MOV _cmd_status, #0
;__Lib_Lcd.c,190 :: 		
0x025E	0x750E00  	MOV LCD_Out_i_L0, #0
;__Lib_Lcd.c,191 :: 		
L_LCD_Out22:
0x0261	0xE50D    	MOV A, FARG_LCD_Out_text
0x0263	0x250E    	ADD A, LCD_Out_i_L0
0x0265	0xF8      	MOV R0, A
0x0266	0xE6      	MOV A, @R0
0x0267	0x600D    	JZ L_LCD_Out23
;__Lib_Lcd.c,192 :: 		
0x0269	0xE50D    	MOV A, FARG_LCD_Out_text
0x026B	0x250E    	ADD A, LCD_Out_i_L0
0x026D	0xF8      	MOV R0, A
0x026E	0x860F    	MOV FARG_Lcd_Chr_CP_out_char, @R0
0x0270	0x3113    	ACALL _Lcd_Chr_CP
0x0272	0x050E    	INC LCD_Out_i_L0
0x0274	0x80EB    	SJMP L_LCD_Out22
L_LCD_Out23:
;__Lib_Lcd.c,193 :: 		
0x0276	0x750801  	MOV _cmd_status, #1
;__Lib_Lcd.c,194 :: 		
0x0279	0x22      	RET
; end of _LCD_Out
_External_ISR:
0x027A	0xC0D0    	PUSH PSW
0x027C	0xC0E0    	PUSH ACC
0x027E	0xC0F0    	PUSH B
0x0280	0xC082    	PUSH DP0L
0x0282	0xC083    	PUSH DP0H
;bt6.c,9 :: 		void External_ISR()org 0x0003 ilevel 0 {
;bt6.c,10 :: 		EA_bit = 0;
0x0284	0xC2AF    	CLR EA_bit
;bt6.c,11 :: 		tmp=  1;
0x0286	0xD3      	SETB C
0x0287	0xE509    	MOV A, _tmp
0x0289	0x92E0    	MOV #224.B0, C
0x028B	0xF509    	MOV _tmp, A
;bt6.c,12 :: 		EA_bit = 1;
0x028D	0xD2AF    	SETB EA_bit
;bt6.c,13 :: 		}
0x028F	0xD083    	POP DP0H
0x0291	0xD082    	POP DP0L
0x0293	0xD0F0    	POP B
0x0295	0xD0E0    	POP ACC
0x0297	0xD0D0    	POP PSW
0x0299	0x32      	RETI
; end of _External_ISR
_main:
0x029A	0x75815E  	MOV SP, #94
0x029D	0x1203CF  	LCALL 975
;bt6.c,14 :: 		void main() {
;bt6.c,15 :: 		unsigned int j=0;
;bt6.c,16 :: 		tmp=0;
0x02A0	0xC3      	CLR C
0x02A1	0xE509    	MOV A, _tmp
0x02A3	0x92E0    	MOV #224.B0, C
0x02A5	0xF509    	MOV _tmp, A
;bt6.c,17 :: 		P0 = 0xFF;
0x02A7	0x7580FF  	MOV P0, #255
;bt6.c,18 :: 		P3 = 0xFF;
0x02AA	0x75B0FF  	MOV P3, #255
;bt6.c,19 :: 		IE = 0x81;
0x02AD	0x75A881  	MOV IE, #129
;bt6.c,20 :: 		Lcd_Init();
0x02B0	0x311F    	ACALL _Lcd_Init
;bt6.c,21 :: 		Lcd_Cmd(_LCD_CLEAR);
0x02B2	0x751001  	MOV FARG_Lcd_Cmd_out_char, #1
0x02B5	0x1138    	ACALL _Lcd_Cmd
;bt6.c,22 :: 		Lcd_Cmd(_LCD_CURSOR_OFF);
0x02B7	0x75100C  	MOV FARG_Lcd_Cmd_out_char, #12
0x02BA	0x1138    	ACALL _Lcd_Cmd
;bt6.c,23 :: 		Lcd_Out(1, 1, " HO VA TEN : ");
0x02BC	0x750B01  	MOV FARG_LCD_Out_row, #1
0x02BF	0x750C01  	MOV FARG_LCD_Out_column, #1
0x02C2	0x750D3B  	MOV FARG_LCD_Out_text, lo_addr(?lstr2_bt6)
0x02C5	0x5114    	ACALL _LCD_Out
;bt6.c,24 :: 		Lcd_Out(2, 1, " UOC ");
0x02C7	0x750B02  	MOV FARG_LCD_Out_row, #2
0x02CA	0x750C01  	MOV FARG_LCD_Out_column, #1
0x02CD	0x750D35  	MOV FARG_LCD_Out_text, lo_addr(?lstr3_bt6)
0x02D0	0x5114    	ACALL _LCD_Out
;bt6.c,25 :: 		delay_ms(2000);
0x02D2	0x7D0D    	MOV R5, 13
0x02D4	0x7EAB    	MOV R6, 171
0x02D6	0x7F7C    	MOV R7, 124
0x02D8	0xDFFE    	DJNZ R7, PC-2
0x02DA	0xDEFC    	DJNZ R6, PC-4
0x02DC	0xDDFA    	DJNZ R5, PC-6
;bt6.c,26 :: 		Lcd_Cmd(_LCD_CLEAR);
0x02DE	0x751001  	MOV FARG_Lcd_Cmd_out_char, #1
0x02E1	0x1138    	ACALL _Lcd_Cmd
;bt6.c,27 :: 		Lcd_Out(1, 1, "SO LAN BAM NUT : ");
0x02E3	0x750B01  	MOV FARG_LCD_Out_row, #1
0x02E6	0x750C01  	MOV FARG_LCD_Out_column, #1
0x02E9	0x750D4B  	MOV FARG_LCD_Out_text, lo_addr(?lstr4_bt6)
0x02EC	0x5114    	ACALL _LCD_Out
;bt6.c,28 :: 		while(1){
L_main0:
;bt6.c,29 :: 		if(tmp)
0x02EE	0xE509    	MOV A, _tmp
0x02F0	0x30E013  	JNB ACC, L_main2
;bt6.c,31 :: 		cnt=cnt+1;
0x02F3	0x7401    	MOV A, #1
0x02F5	0x2549    	ADD A, _cnt
0x02F7	0xF549    	MOV _cnt, A
0x02F9	0x7400    	MOV A, #0
0x02FB	0x354A    	ADDC A, _cnt+1
0x02FD	0xF54A    	MOV _cnt+1, A
;bt6.c,32 :: 		tmp=0;
0x02FF	0xC3      	CLR C
0x0300	0xE509    	MOV A, _tmp
0x0302	0x92E0    	MOV #224.B0, C
0x0304	0xF509    	MOV _tmp, A
;bt6.c,33 :: 		}
L_main2:
;bt6.c,34 :: 		P0=cnt;
0x0306	0x854980  	MOV P0, _cnt+0
;bt6.c,35 :: 		text[0] =  cnt/1000    + 48;
0x0309	0xA85D    	MOV R0, _text
0x030B	0x85000A  	MOV FLOC__main, 0
0x030E	0x7CE8    	MOV R4, #232
0x0310	0x7D03    	MOV R5, #3
0x0312	0xA849    	MOV R0, _cnt
0x0314	0xA94A    	MOV R1, _cnt+1
0x0316	0x31BF    	ACALL _Div_16x16_U
0x0318	0x7430    	MOV A, #48
0x031A	0x28      	ADD A, R0
0x031B	0xF9      	MOV R1, A
0x031C	0xA80A    	MOV R0, FLOC__main
0x031E	0xA601    	MOV @R0, R1
;bt6.c,36 :: 		text[1] = (cnt/100)%10 + 48;
0x0320	0xE55D    	MOV A, _text
0x0322	0x2401    	ADD A, #1
0x0324	0xF8      	MOV R0, A
0x0325	0x85000A  	MOV FLOC__main, 0
0x0328	0x7C64    	MOV R4, #100
0x032A	0x7D00    	MOV R5, #0
0x032C	0xA849    	MOV R0, _cnt
0x032E	0xA94A    	MOV R1, _cnt+1
0x0330	0x31BF    	ACALL _Div_16x16_U
0x0332	0x7C0A    	MOV R4, #10
0x0334	0x7D00    	MOV R5, #0
0x0336	0x31BF    	ACALL _Div_16x16_U
0x0338	0xA804    	MOV R0, R4
0x033A	0xA905    	MOV R1, R5
0x033C	0x7430    	MOV A, #48
0x033E	0x28      	ADD A, R0
0x033F	0xF9      	MOV R1, A
0x0340	0xA80A    	MOV R0, FLOC__main
0x0342	0xA601    	MOV @R0, R1
;bt6.c,37 :: 		text[2] = (cnt/10)%10  + 48;
0x0344	0xE55D    	MOV A, _text
0x0346	0x2402    	ADD A, #2
0x0348	0xF8      	MOV R0, A
0x0349	0x85000A  	MOV FLOC__main, 0
0x034C	0x7C0A    	MOV R4, #10
0x034E	0x7D00    	MOV R5, #0
0x0350	0xA849    	MOV R0, _cnt
0x0352	0xA94A    	MOV R1, _cnt+1
0x0354	0x31BF    	ACALL _Div_16x16_U
0x0356	0x7C0A    	MOV R4, #10
0x0358	0x7D00    	MOV R5, #0
0x035A	0x31BF    	ACALL _Div_16x16_U
0x035C	0xA804    	MOV R0, R4
0x035E	0xA905    	MOV R1, R5
0x0360	0x7430    	MOV A, #48
0x0362	0x28      	ADD A, R0
0x0363	0xF9      	MOV R1, A
0x0364	0xA80A    	MOV R0, FLOC__main
0x0366	0xA601    	MOV @R0, R1
;bt6.c,38 :: 		text[3] =  cnt%10      + 48;
0x0368	0xE55D    	MOV A, _text
0x036A	0x2403    	ADD A, #3
0x036C	0xF8      	MOV R0, A
0x036D	0x85000A  	MOV FLOC__main, 0
0x0370	0x7C0A    	MOV R4, #10
0x0372	0x7D00    	MOV R5, #0
0x0374	0xA849    	MOV R0, _cnt
0x0376	0xA94A    	MOV R1, _cnt+1
0x0378	0x31BF    	ACALL _Div_16x16_U
0x037A	0xA804    	MOV R0, R4
0x037C	0xA905    	MOV R1, R5
0x037E	0x7430    	MOV A, #48
0x0380	0x28      	ADD A, R0
0x0381	0xF9      	MOV R1, A
0x0382	0xA80A    	MOV R0, FLOC__main
0x0384	0xA601    	MOV @R0, R1
;bt6.c,39 :: 		Lcd_Out(2, 6, text);
0x0386	0x750B02  	MOV FARG_LCD_Out_row, #2
0x0389	0x750C06  	MOV FARG_LCD_Out_column, #6
0x038C	0x855D0D  	MOV FARG_LCD_Out_text, _text+0
0x038F	0x5114    	ACALL _LCD_Out
;bt6.c,40 :: 		delay_ms(1000);
0x0391	0x7D07    	MOV R5, 7
0x0393	0x7E56    	MOV R6, 86
0x0395	0x7F3C    	MOV R7, 60
0x0397	0xDFFE    	DJNZ R7, PC-2
0x0399	0xDEFC    	DJNZ R6, PC-4
0x039B	0xDDFA    	DJNZ R5, PC-6
;bt6.c,41 :: 		}
0x039D	0x41EE    	AJMP L_main0
;bt6.c,42 :: 		}
0x039F	0x80FE    	SJMP #254
; end of _main
0x03CF	0x7830    	MOV R0, 48
0x03D1	0x792E    	MOV R1, 46
0x03D3	0x7582A1  	MOV DP0L, 161
0x03D6	0x758303  	MOV DP0H, 3
0x03D9	0x1201B7  	LCALL 439
0x03DC	0x22      	RET
;bt6.c,0 :: ?ICS?lstr1_bt6
0x03A1	0x303030 ;?ICS?lstr1_bt6+0
0x03A4	0x3000 ;?ICS?lstr1_bt6+3
; end of ?ICS?lstr1_bt6
;bt6.c,0 :: ?ICS?lstr3_bt6
0x03A6	0x20554F ;?ICS?lstr3_bt6+0
0x03A9	0x432000 ;?ICS?lstr3_bt6+3
; end of ?ICS?lstr3_bt6
;bt6.c,0 :: ?ICS?lstr2_bt6
0x03AC	0x20484F ;?ICS?lstr2_bt6+0
0x03AF	0x205641 ;?ICS?lstr2_bt6+3
0x03B2	0x205445 ;?ICS?lstr2_bt6+6
0x03B5	0x4E203A ;?ICS?lstr2_bt6+9
0x03B8	0x2000 ;?ICS?lstr2_bt6+12
; end of ?ICS?lstr2_bt6
;bt6.c,0 :: ?ICS_cnt
0x03BA	0x0000 ;?ICS_cnt+0
; end of ?ICS_cnt
;bt6.c,0 :: ?ICS?lstr4_bt6
0x03BC	0x534F20 ;?ICS?lstr4_bt6+0
0x03BF	0x4C414E ;?ICS?lstr4_bt6+3
0x03C2	0x204241 ;?ICS?lstr4_bt6+6
0x03C5	0x4D204E ;?ICS?lstr4_bt6+9
0x03C8	0x555420 ;?ICS?lstr4_bt6+12
0x03CB	0x3A2000 ;?ICS?lstr4_bt6+15
; end of ?ICS?lstr4_bt6
;bt6.c,0 :: ?ICS_text
0x03CE	0x30 ;?ICS_text+0
; end of ?ICS_text
Symbol List:
//** Routines locations **
//ADDRESS    SIZE    PROCEDURE
//----------------------------------------------
0x0026      [10]    _Delay_5500us
0x0030       [2]    _Delay_1us
0x0032       [6]    _Delay_50us
0x0038     [219]    _Lcd_Cmd
0x0113      [12]    _Lcd_Chr_CP
0x011F     [152]    _Lcd_Init
0x01B7       [8]    ___CC2D
0x01BF      [85]    _Div_16x16_U
0x0214     [102]    _LCD_Out
0x027A      [32]    _External_ISR
0x029A     [263]    _main
//** Variables locations ** 
//ADDRESS    SIZE    VARIABLE
//----------------------------------------------
0x0000       [1]    R0
0x0001       [1]    R1
0x0002       [1]    R2
0x0003       [1]    R3
0x0004       [1]    R4
0x0005       [1]    R5
0x0006       [1]    R6
0x0007       [1]    R7
0x0008       [1]    _cmd_status
0x0009       [0]    _tmp
0x000A       [1]    FLOC__main
0x000B       [1]    FARG_LCD_Out_row
0x000C       [1]    FARG_LCD_Out_column
0x000D       [1]    FARG_LCD_Out_text
0x000E       [1]    LCD_Out_i_L0
0x000F       [1]    FARG_Lcd_Chr_CP_out_char
0x0010       [1]    FARG_Lcd_Cmd_out_char
0x0030       [5]    ?lstr1_bt6
0x0035       [6]    ?lstr3_bt6
0x003B      [14]    ?lstr2_bt6
0x0049       [2]    _cnt
0x004B      [18]    ?lstr4_bt6
0x005D       [1]    _text
0x0080       [1]    P0
0x0081       [1]    SP
0x0082       [1]    DPL
0x0083       [1]    DPH
0x00A0       [0]    P2_3_bit
0x00A0       [0]    P2_4_bit
0x00A0       [0]    P2_5_bit
0x00A0       [0]    P2_2_bit
0x00A0       [0]    P2_0_bit
0x00A0       [0]    P2_1_bit
0x00A0       [0]    LCD_D5
0x00A0       [0]    LCD_D6
0x00A0       [0]    LCD_D7
0x00A0       [0]    LCD_D4
0x00A0       [0]    LCD_RS
0x00A0       [0]    LCD_EN
0x00A8       [0]    EA_bit
0x00A8       [1]    IE
0x00B0       [1]    P3
0x00D0       [0]    OV_bit
0x00D0       [1]    PSW
0x00E0       [1]    ACC
0x00F0       [1]    B
//** Constants locations ** 
//ADDRESS    SIZE    CONSTANT
//----------------------------------------------
0x03A1       [5]    ?ICS?lstr1_bt6
0x03A6       [6]    ?ICS?lstr3_bt6
0x03AC      [14]    ?ICS?lstr2_bt6
0x03BA       [2]    ?ICS_cnt
0x03BC      [18]    ?ICS?lstr4_bt6
0x03CE       [1]    ?ICS_text
//** Label List: ** 
//----------------------------------------------
  L_main0
  L_main1
  L_main2
  _External_ISR
  _main
  L_Delay_Cyc0
  L_Delay_Cyc1
  L_VDelay_ms2
  L_VDelay_ms3
  L_VDelay_ms4
  L_VDelay_ms5
  _Get_Fosc_kHz
  _Delay_1us
  _Delay_10us
  _Delay_22us
  _Delay_50us
  _Delay_80us
  _Delay_500us
  _Delay_5500us
  _Delay_8ms
  _Delay_10ms
  _Delay_100ms
  _Delay_1sec
  _Delay_Cyc
  _VDelay_ms
  L_Lcd_Cmd0
  L_Lcd_Cmd1
  L_Lcd_Cmd2
  L_Lcd_Cmd3
  L_Lcd_Cmd4
  L_Lcd_Cmd5
  L_LCD_Out_CP6
  L_LCD_Out_CP7
  L_Lcd_Chr8
  L_Lcd_Chr9
  L_Lcd_Chr10
  L_Lcd_Chr11
  L_Lcd_Chr12
  L_Lcd_Chr13
  L_Lcd_Chr14
  L_LCD_Out15
  L_LCD_Out16
  L_LCD_Out17
  L_LCD_Out18
  L_LCD_Out19
  L_LCD_Out20
  L_LCD_Out21
  L_LCD_Out22
  L_LCD_Out23
  _Lcd_Cmd
  L__Lcd_Cmd24
  L__Lcd_Cmd25
  L__Lcd_Cmd26
  L__Lcd_Cmd27
  L__Lcd_Cmd28
  L__Lcd_Cmd29
  L__Lcd_Cmd30
  L__Lcd_Cmd31
  L__Lcd_Cmd32
  L__Lcd_Cmd33
  L__Lcd_Cmd34
  L__Lcd_Cmd35
  L__Lcd_Cmd36
  L__Lcd_Cmd37
  L__Lcd_Cmd38
  L__Lcd_Cmd39
  _Lcd_Chr_CP
  _LCD_Out_CP
  _Lcd_Chr
  _Lcd_Init
  _LCD_Out
  lab_end
  loop_lab
  lab_end1
  lab_loop1
  lab_end2
  lab_loop3
  __Div_8x8_S_Bpositive
  __Div_8x8_S_Apositive
  __Div_8x8_S_Skip_Div
  __Div_8x8_S_div_ret
  __op2hi_not_zero
  __op1hi_not_zero
  __Div_16x16_U_Loop1
  __Div_16x16_U_Lab1
  __Div_16x16_U_div_ret
  __Div_16x16_U_Loop2
  __Div_16x16_U_Lab2
  __Div_16x16_U_Lab3
  __Div_16x16_S_op2hipositive
  __Div_16x16_S_op1hipositive
  __Div_16x16_S_Skip_Udiv
  __Div_16x16_S_div_ret
  __Div_32x32_U_start
  __Div_32x32_U_aux
  __Div_32x32_U_l2
  __Div_32x32_U_l1
  lw_1
  lw_2
  __Div_32x32_U_l3
  lw_3
  __Div_32x32_U_l4
  __Div_32x32_U_IR_l0
  __Div_32x32_U_l5
  __Div_32x32_U_l6
  __Div_32x32_U_l8
  __Div_32x32_U_l7
  __Div_32x32_U_IR_l1
  __Div_32x32_U_l10
  __Div_32x32_U_l9
  __Div_32x32_U_IR_l2
  __Div_32x32_S_l1
  __Div_32x32_S_call_uns
  __Div_32x32_S_l2
  __Div_32x32_S_l3
  __Div_32x32_S_div_ret
  __shl_long
  __shr_longint
  __shr_longword
  _Mul_16x16
  _Mul_32x32
  _Div_8x8_S
  _Div_16x16_U
  _Div_16x16_S
  _Div_32x32_U
  _Div_32x32_S
  _CC2D_Loop1
  _CC2PD_Loop1
  _CC2XD_Loop1
  ___DoIFC
  ___CC2D
  ___CC2PD
  ___CC2XD
  L_main0
  L_main1
  L_main2
  _External_ISR
  _main
